<?xml version="1.0" encoding="UTF-8"?>
<coverage generated="1775689366647" clover="3.2.0">
  <project timestamp="1775689366647" name="All files">
    <metrics statements="722" coveredstatements="672" conditionals="159" coveredconditionals="147" methods="26" coveredmethods="25" elements="907" coveredelements="844" complexity="0" loc="722" ncloc="722" packages="2" files="3" classes="3"/>
    <package name="assets">
      <metrics statements="392" coveredstatements="392" conditionals="102" coveredconditionals="95" methods="16" coveredmethods="16"/>
      <file name="fixaotrixa-home.js" path="/home/runner/work/-Fixytrixy-.github.io/-Fixytrixy-.github.io/assets/fixaotrixa-home.js">
        <metrics statements="225" coveredstatements="225" conditionals="66" coveredconditionals="62" methods="8" coveredmethods="8"/>
        <line num="1" count="1" type="stmt"/>
        <line num="2" count="1" type="stmt"/>
        <line num="3" count="1" type="stmt"/>
        <line num="4" count="1" type="stmt"/>
        <line num="5" count="1" type="stmt"/>
        <line num="6" count="1" type="cond" truecount="1" falsecount="0"/>
        <line num="7" count="79" type="stmt"/>
        <line num="8" count="79" type="stmt"/>
        <line num="9" count="79" type="stmt"/>
        <line num="10" count="79" type="cond" truecount="1" falsecount="0"/>
        <line num="11" count="360" type="stmt"/>
        <line num="12" count="360" type="cond" truecount="3" falsecount="0"/>
        <line num="13" count="165" type="stmt"/>
        <line num="14" count="165" type="stmt"/>
        <line num="15" count="165" type="stmt"/>
        <line num="16" count="360" type="cond" truecount="4" falsecount="0"/>
        <line num="17" count="9" type="stmt"/>
        <line num="18" count="9" type="stmt"/>
        <line num="19" count="9" type="stmt"/>
        <line num="20" count="9" type="stmt"/>
        <line num="21" count="9" type="stmt"/>
        <line num="22" count="9" type="stmt"/>
        <line num="23" count="9" type="stmt"/>
        <line num="24" count="9" type="cond" truecount="1" falsecount="0"/>
        <line num="25" count="9" type="stmt"/>
        <line num="26" count="360" type="cond" truecount="2" falsecount="0"/>
        <line num="27" count="360" type="stmt"/>
        <line num="28" count="360" type="stmt"/>
        <line num="29" count="360" type="cond" truecount="0" falsecount="1"/>
        <line num="30" count="360" type="stmt"/>
        <line num="31" count="360" type="cond" truecount="1" falsecount="0"/>
        <line num="32" count="8" type="cond" truecount="2" falsecount="0"/>
        <line num="33" count="7" type="stmt"/>
        <line num="34" count="360" type="stmt"/>
        <line num="35" count="360" type="cond" truecount="1" falsecount="0"/>
        <line num="36" count="7" type="stmt"/>
        <line num="37" count="7" type="stmt"/>
        <line num="38" count="7" type="stmt"/>
        <line num="39" count="7" type="stmt"/>
        <line num="40" count="7" type="cond" truecount="1" falsecount="0"/>
        <line num="41" count="1" type="stmt"/>
        <line num="42" count="1" type="stmt"/>
        <line num="43" count="1" type="stmt"/>
        <line num="44" count="7" type="stmt"/>
        <line num="45" count="360" type="stmt"/>
        <line num="46" count="360" type="cond" truecount="1" falsecount="0"/>
        <line num="47" count="1" type="stmt"/>
        <line num="48" count="1" type="stmt"/>
        <line num="49" count="1" type="stmt"/>
        <line num="50" count="360" type="stmt"/>
        <line num="51" count="79" type="stmt"/>
        <line num="52" count="79" type="stmt"/>
        <line num="53" count="79" type="stmt"/>
        <line num="54" count="79" type="cond" truecount="1" falsecount="0"/>
        <line num="55" count="86" type="stmt"/>
        <line num="56" count="86" type="cond" truecount="1" falsecount="0"/>
        <line num="57" count="86" type="cond" truecount="1" falsecount="0"/>
        <line num="58" count="85" type="cond" truecount="1" falsecount="0"/>
        <line num="59" count="170" type="stmt"/>
        <line num="60" count="170" type="stmt"/>
        <line num="61" count="85" type="stmt"/>
        <line num="62" count="86" type="stmt"/>
        <line num="63" count="86" type="cond" truecount="1" falsecount="0"/>
        <line num="64" count="86" type="stmt"/>
        <line num="65" count="79" type="stmt"/>
        <line num="66" count="79" type="stmt"/>
        <line num="67" count="79" type="cond" truecount="1" falsecount="0"/>
        <line num="68" count="7" type="cond" truecount="2" falsecount="0"/>
        <line num="69" count="1" type="stmt"/>
        <line num="70" count="7" type="cond" truecount="0" falsecount="1"/>
        <line num="71" count="7" type="stmt"/>
        <line num="72" count="7" type="stmt"/>
        <line num="73" count="7" type="stmt"/>
        <line num="74" count="7" type="stmt"/>
        <line num="75" count="7" type="cond" truecount="0" falsecount="1"/>
        <line num="76" count="7" type="stmt"/>
        <line num="77" count="7" type="stmt"/>
        <line num="78" count="7" type="stmt"/>
        <line num="79" count="7" type="stmt"/>
        <line num="80" count="7" type="stmt"/>
        <line num="81" count="79" type="stmt"/>
        <line num="82" count="79" type="stmt"/>
        <line num="83" count="79" type="stmt"/>
        <line num="84" count="79" type="stmt"/>
        <line num="85" count="79" type="stmt"/>
        <line num="86" count="79" type="stmt"/>
        <line num="87" count="79" type="stmt"/>
        <line num="88" count="79" type="cond" truecount="1" falsecount="0"/>
        <line num="89" count="78" type="cond" truecount="1" falsecount="0"/>
        <line num="90" count="494" type="cond" truecount="2" falsecount="0"/>
        <line num="91" count="40" type="stmt"/>
        <line num="92" count="40" type="stmt"/>
        <line num="93" count="78" type="stmt"/>
        <line num="94" count="78" type="stmt"/>
        <line num="95" count="79" type="stmt"/>
        <line num="96" count="79" type="cond" truecount="1" falsecount="0"/>
        <line num="97" count="40" type="stmt"/>
        <line num="98" count="40" type="stmt"/>
        <line num="99" count="40" type="stmt"/>
        <line num="100" count="40" type="stmt"/>
        <line num="101" count="40" type="stmt"/>
        <line num="102" count="40" type="stmt"/>
        <line num="103" count="40" type="stmt"/>
        <line num="104" count="79" type="stmt"/>
        <line num="105" count="79" type="cond" truecount="1" falsecount="0"/>
        <line num="106" count="27" type="stmt"/>
        <line num="107" count="27" type="stmt"/>
        <line num="108" count="27" type="stmt"/>
        <line num="109" count="79" type="stmt"/>
        <line num="110" count="79" type="stmt"/>
        <line num="111" count="79" type="stmt"/>
        <line num="112" count="79" type="stmt"/>
        <line num="113" count="79" type="stmt"/>
        <line num="114" count="79" type="stmt"/>
        <line num="115" count="79" type="stmt"/>
        <line num="116" count="79" type="cond" truecount="1" falsecount="0"/>
        <line num="117" count="71" type="cond" truecount="2" falsecount="0"/>
        <line num="118" count="79" type="stmt"/>
        <line num="119" count="79" type="stmt"/>
        <line num="120" count="79" type="stmt"/>
        <line num="121" count="79" type="stmt"/>
        <line num="122" count="79" type="cond" truecount="1" falsecount="0"/>
        <line num="123" count="5" type="stmt"/>
        <line num="124" count="5" type="stmt"/>
        <line num="125" count="5" type="stmt"/>
        <line num="126" count="5" type="stmt"/>
        <line num="127" count="79" type="stmt"/>
        <line num="128" count="79" type="stmt"/>
        <line num="129" count="79" type="stmt"/>
        <line num="130" count="79" type="stmt"/>
        <line num="131" count="79" type="stmt"/>
        <line num="132" count="79" type="cond" truecount="1" falsecount="0"/>
        <line num="133" count="5" type="cond" truecount="2" falsecount="0"/>
        <line num="134" count="4" type="cond" truecount="1" falsecount="0"/>
        <line num="135" count="1" type="stmt"/>
        <line num="136" count="1" type="stmt"/>
        <line num="137" count="4" type="cond" truecount="1" falsecount="0"/>
        <line num="138" count="1" type="stmt"/>
        <line num="139" count="1" type="stmt"/>
        <line num="140" count="5" type="stmt"/>
        <line num="141" count="79" type="stmt"/>
        <line num="142" count="79" type="stmt"/>
        <line num="143" count="79" type="cond" truecount="1" falsecount="0"/>
        <line num="144" count="5" type="stmt"/>
        <line num="145" count="5" type="cond" truecount="1" falsecount="0"/>
        <line num="146" count="4" type="cond" truecount="1" falsecount="0"/>
        <line num="147" count="4" type="cond" truecount="1" falsecount="0"/>
        <line num="148" count="3" type="stmt"/>
        <line num="149" count="3" type="cond" truecount="1" falsecount="0"/>
        <line num="150" count="2" type="stmt"/>
        <line num="151" count="2" type="stmt"/>
        <line num="152" count="2" type="stmt"/>
        <line num="153" count="3" type="stmt"/>
        <line num="154" count="3" type="stmt"/>
        <line num="155" count="4" type="stmt"/>
        <line num="156" count="5" type="stmt"/>
        <line num="157" count="5" type="cond" truecount="1" falsecount="0"/>
        <line num="158" count="5" type="stmt"/>
        <line num="159" count="79" type="stmt"/>
        <line num="160" count="79" type="stmt"/>
        <line num="161" count="79" type="cond" truecount="1" falsecount="0"/>
        <line num="162" count="80" type="cond" truecount="1" falsecount="0"/>
        <line num="163" count="3" type="stmt"/>
        <line num="164" count="3" type="cond" truecount="1" falsecount="0"/>
        <line num="165" count="2" type="stmt"/>
        <line num="166" count="2" type="stmt"/>
        <line num="167" count="2" type="stmt"/>
        <line num="168" count="80" type="stmt"/>
        <line num="169" count="79" type="stmt"/>
        <line num="170" count="79" type="stmt"/>
        <line num="171" count="79" type="stmt"/>
        <line num="172" count="79" type="stmt"/>
        <line num="173" count="79" type="cond" truecount="1" falsecount="0"/>
        <line num="174" count="78" type="cond" truecount="1" falsecount="0"/>
        <line num="175" count="78" type="stmt"/>
        <line num="176" count="78" type="stmt"/>
        <line num="177" count="78" type="stmt"/>
        <line num="178" count="79" type="stmt"/>
        <line num="179" count="79" type="cond" truecount="1" falsecount="0"/>
        <line num="180" count="19" type="stmt"/>
        <line num="181" count="19" type="cond" truecount="0" falsecount="1"/>
        <line num="182" count="19" type="stmt"/>
        <line num="183" count="19" type="cond" truecount="1" falsecount="0"/>
        <line num="184" count="19" type="stmt"/>
        <line num="185" count="19" type="stmt"/>
        <line num="186" count="19" type="cond" truecount="1" falsecount="0"/>
        <line num="187" count="16" type="cond" truecount="1" falsecount="0"/>
        <line num="188" count="24" type="cond" truecount="1" falsecount="0"/>
        <line num="189" count="24" type="stmt"/>
        <line num="190" count="24" type="stmt"/>
        <line num="191" count="16" type="stmt"/>
        <line num="192" count="16" type="stmt"/>
        <line num="193" count="16" type="stmt"/>
        <line num="194" count="16" type="stmt"/>
        <line num="195" count="16" type="stmt"/>
        <line num="196" count="16" type="stmt"/>
        <line num="197" count="16" type="stmt"/>
        <line num="198" count="16" type="stmt"/>
        <line num="199" count="16" type="stmt"/>
        <line num="200" count="16" type="stmt"/>
        <line num="201" count="16" type="cond" truecount="2" falsecount="0"/>
        <line num="202" count="16" type="stmt"/>
        <line num="203" count="16" type="stmt"/>
        <line num="204" count="16" type="stmt"/>
        <line num="205" count="19" type="stmt"/>
        <line num="206" count="79" type="stmt"/>
        <line num="207" count="79" type="cond" truecount="1" falsecount="0"/>
        <line num="208" count="16" type="stmt"/>
        <line num="209" count="16" type="stmt"/>
        <line num="210" count="79" type="stmt"/>
        <line num="211" count="79" type="stmt"/>
        <line num="212" count="79" type="cond" truecount="2" falsecount="0"/>
        <line num="213" count="1" type="stmt"/>
        <line num="214" count="1" type="stmt"/>
        <line num="215" count="1" type="stmt"/>
        <line num="216" count="1" type="stmt"/>
        <line num="217" count="1" type="stmt"/>
        <line num="218" count="1" type="stmt"/>
        <line num="219" count="1" type="stmt"/>
        <line num="220" count="1" type="stmt"/>
        <line num="221" count="79" type="stmt"/>
        <line num="222" count="79" type="stmt"/>
        <line num="223" count="79" type="stmt"/>
        <line num="224" count="79" type="stmt"/>
        <line num="225" count="1" type="stmt"/>
      </file>
      <file name="quiz.js" path="/home/runner/work/-Fixytrixy-.github.io/-Fixytrixy-.github.io/assets/quiz.js">
        <metrics statements="167" coveredstatements="167" conditionals="36" coveredconditionals="33" methods="8" coveredmethods="8"/>
        <line num="1" count="1" type="stmt"/>
        <line num="2" count="1" type="stmt"/>
        <line num="3" count="1" type="stmt"/>
        <line num="4" count="1" type="stmt"/>
        <line num="5" count="1" type="stmt"/>
        <line num="6" count="1" type="cond" truecount="1" falsecount="0"/>
        <line num="7" count="30" type="stmt"/>
        <line num="8" count="30" type="stmt"/>
        <line num="9" count="30" type="stmt"/>
        <line num="10" count="30" type="stmt"/>
        <line num="11" count="30" type="stmt"/>
        <line num="12" count="30" type="stmt"/>
        <line num="13" count="30" type="stmt"/>
        <line num="14" count="30" type="stmt"/>
        <line num="15" count="30" type="stmt"/>
        <line num="16" count="30" type="stmt"/>
        <line num="17" count="30" type="stmt"/>
        <line num="18" count="30" type="stmt"/>
        <line num="19" count="30" type="stmt"/>
        <line num="20" count="30" type="stmt"/>
        <line num="21" count="30" type="stmt"/>
        <line num="22" count="30" type="stmt"/>
        <line num="23" count="30" type="stmt"/>
        <line num="24" count="30" type="stmt"/>
        <line num="25" count="30" type="stmt"/>
        <line num="26" count="30" type="stmt"/>
        <line num="27" count="30" type="stmt"/>
        <line num="28" count="30" type="stmt"/>
        <line num="29" count="30" type="stmt"/>
        <line num="30" count="30" type="stmt"/>
        <line num="31" count="30" type="stmt"/>
        <line num="32" count="30" type="stmt"/>
        <line num="33" count="30" type="cond" truecount="1" falsecount="0"/>
        <line num="34" count="29" type="stmt"/>
        <line num="35" count="29" type="cond" truecount="2" falsecount="0"/>
        <line num="36" count="28" type="stmt"/>
        <line num="37" count="28" type="stmt"/>
        <line num="38" count="28" type="cond" truecount="1" falsecount="0"/>
        <line num="39" count="59" type="stmt"/>
        <line num="40" count="59" type="cond" truecount="1" falsecount="0"/>
        <line num="41" count="59" type="stmt"/>
        <line num="42" count="59" type="stmt"/>
        <line num="43" count="59" type="cond" truecount="1" falsecount="0"/>
        <line num="44" count="59" type="stmt"/>
        <line num="45" count="59" type="stmt"/>
        <line num="46" count="59" type="cond" truecount="1" falsecount="0"/>
        <line num="47" count="28" type="stmt"/>
        <line num="48" count="28" type="stmt"/>
        <line num="49" count="30" type="stmt"/>
        <line num="50" count="30" type="cond" truecount="1" falsecount="0"/>
        <line num="51" count="54" type="stmt"/>
        <line num="52" count="54" type="stmt"/>
        <line num="53" count="54" type="stmt"/>
        <line num="54" count="54" type="stmt"/>
        <line num="55" count="54" type="cond" truecount="1" falsecount="0"/>
        <line num="56" count="54" type="cond" truecount="1" falsecount="0"/>
        <line num="57" count="54" type="cond" truecount="1" falsecount="0"/>
        <line num="58" count="54" type="stmt"/>
        <line num="59" count="54" type="stmt"/>
        <line num="60" count="54" type="stmt"/>
        <line num="61" count="54" type="cond" truecount="1" falsecount="0"/>
        <line num="62" count="222" type="stmt"/>
        <line num="63" count="54" type="stmt"/>
        <line num="64" count="54" type="stmt"/>
        <line num="65" count="54" type="stmt"/>
        <line num="66" count="54" type="cond" truecount="1" falsecount="0"/>
        <line num="67" count="51" type="cond" truecount="1" falsecount="0"/>
        <line num="68" count="14" type="stmt"/>
        <line num="69" count="51" type="cond" truecount="1" falsecount="0"/>
        <line num="70" count="37" type="stmt"/>
        <line num="71" count="37" type="stmt"/>
        <line num="72" count="54" type="stmt"/>
        <line num="73" count="54" type="stmt"/>
        <line num="74" count="30" type="stmt"/>
        <line num="75" count="30" type="cond" truecount="1" falsecount="0"/>
        <line num="76" count="42" type="stmt"/>
        <line num="77" count="42" type="stmt"/>
        <line num="78" count="42" type="stmt"/>
        <line num="79" count="42" type="stmt"/>
        <line num="80" count="42" type="stmt"/>
        <line num="81" count="42" type="stmt"/>
        <line num="82" count="42" type="stmt"/>
        <line num="83" count="42" type="stmt"/>
        <line num="84" count="42" type="stmt"/>
        <line num="85" count="42" type="stmt"/>
        <line num="86" count="42" type="stmt"/>
        <line num="87" count="30" type="stmt"/>
        <line num="88" count="30" type="cond" truecount="1" falsecount="0"/>
        <line num="89" count="2" type="stmt"/>
        <line num="90" count="2" type="stmt"/>
        <line num="91" count="30" type="stmt"/>
        <line num="92" count="30" type="cond" truecount="1" falsecount="0"/>
        <line num="93" count="14" type="stmt"/>
        <line num="94" count="14" type="stmt"/>
        <line num="95" count="14" type="stmt"/>
        <line num="96" count="14" type="stmt"/>
        <line num="97" count="14" type="stmt"/>
        <line num="98" count="14" type="stmt"/>
        <line num="99" count="14" type="stmt"/>
        <line num="100" count="14" type="cond" truecount="1" falsecount="0"/>
        <line num="101" count="14" type="stmt"/>
        <line num="102" count="14" type="cond" truecount="1" falsecount="0"/>
        <line num="103" count="14" type="cond" truecount="1" falsecount="0"/>
        <line num="104" count="14" type="cond" truecount="2" falsecount="0"/>
        <line num="105" count="14" type="stmt"/>
        <line num="106" count="14" type="stmt"/>
        <line num="107" count="14" type="stmt"/>
        <line num="108" count="14" type="cond" truecount="1" falsecount="0"/>
        <line num="109" count="14" type="stmt"/>
        <line num="110" count="14" type="stmt"/>
        <line num="111" count="14" type="stmt"/>
        <line num="112" count="14" type="stmt"/>
        <line num="113" count="14" type="stmt"/>
        <line num="114" count="14" type="stmt"/>
        <line num="115" count="14" type="stmt"/>
        <line num="116" count="14" type="stmt"/>
        <line num="117" count="14" type="stmt"/>
        <line num="118" count="14" type="stmt"/>
        <line num="119" count="14" type="stmt"/>
        <line num="120" count="14" type="stmt"/>
        <line num="121" count="14" type="stmt"/>
        <line num="122" count="14" type="cond" truecount="1" falsecount="0"/>
        <line num="123" count="1" type="stmt"/>
        <line num="124" count="1" type="cond" truecount="0" falsecount="1"/>
        <line num="125" count="1" type="cond" truecount="0" falsecount="1"/>
        <line num="126" count="1" type="cond" truecount="0" falsecount="1"/>
        <line num="127" count="1" type="stmt"/>
        <line num="128" count="1" type="stmt"/>
        <line num="129" count="14" type="stmt"/>
        <line num="130" count="30" type="stmt"/>
        <line num="131" count="30" type="cond" truecount="1" falsecount="0"/>
        <line num="132" count="3" type="stmt"/>
        <line num="133" count="3" type="stmt"/>
        <line num="134" count="3" type="stmt"/>
        <line num="135" count="3" type="cond" truecount="1" falsecount="0"/>
        <line num="136" count="9" type="stmt"/>
        <line num="137" count="3" type="stmt"/>
        <line num="138" count="3" type="stmt"/>
        <line num="139" count="3" type="stmt"/>
        <line num="140" count="30" type="stmt"/>
        <line num="141" count="30" type="cond" truecount="1" falsecount="0"/>
        <line num="142" count="56" type="cond" truecount="1" falsecount="0"/>
        <line num="143" count="224" type="stmt"/>
        <line num="144" count="56" type="stmt"/>
        <line num="145" count="56" type="stmt"/>
        <line num="146" count="30" type="stmt"/>
        <line num="147" count="30" type="cond" truecount="1" falsecount="0"/>
        <line num="148" count="42" type="stmt"/>
        <line num="149" count="42" type="stmt"/>
        <line num="150" count="42" type="stmt"/>
        <line num="151" count="42" type="stmt"/>
        <line num="152" count="42" type="stmt"/>
        <line num="153" count="42" type="stmt"/>
        <line num="154" count="42" type="stmt"/>
        <line num="155" count="42" type="stmt"/>
        <line num="156" count="42" type="stmt"/>
        <line num="157" count="42" type="stmt"/>
        <line num="158" count="42" type="stmt"/>
        <line num="159" count="30" type="stmt"/>
        <line num="160" count="30" type="stmt"/>
        <line num="161" count="30" type="cond" truecount="1" falsecount="0"/>
        <line num="162" count="1" type="stmt"/>
        <line num="163" count="30" type="cond" truecount="1" falsecount="0"/>
        <line num="164" count="29" type="stmt"/>
        <line num="165" count="29" type="stmt"/>
        <line num="166" count="30" type="stmt"/>
        <line num="167" count="1" type="stmt"/>
      </file>
    </package>
    <package name="scripts">
      <metrics statements="330" coveredstatements="280" conditionals="57" coveredconditionals="52" methods="10" coveredmethods="9"/>
      <file name="amazon-product-importer.js" path="/home/runner/work/-Fixytrixy-.github.io/-Fixytrixy-.github.io/scripts/amazon-product-importer.js">
        <metrics statements="330" coveredstatements="280" conditionals="57" coveredconditionals="52" methods="10" coveredmethods="9"/>
        <line num="1" count="1" type="stmt"/>
        <line num="2" count="1" type="stmt"/>
        <line num="3" count="1" type="stmt"/>
        <line num="4" count="1" type="stmt"/>
        <line num="5" count="1" type="stmt"/>
        <line num="6" count="1" type="stmt"/>
        <line num="7" count="1" type="stmt"/>
        <line num="8" count="1" type="stmt"/>
        <line num="9" count="1" type="stmt"/>
        <line num="10" count="1" type="stmt"/>
        <line num="11" count="1" type="stmt"/>
        <line num="12" count="1" type="stmt"/>
        <line num="13" count="1" type="stmt"/>
        <line num="14" count="1" type="stmt"/>
        <line num="15" count="1" type="stmt"/>
        <line num="16" count="1" type="stmt"/>
        <line num="17" count="1" type="stmt"/>
        <line num="18" count="1" type="stmt"/>
        <line num="19" count="1" type="stmt"/>
        <line num="20" count="1" type="stmt"/>
        <line num="21" count="1" type="stmt"/>
        <line num="22" count="1" type="stmt"/>
        <line num="23" count="1" type="stmt"/>
        <line num="24" count="1" type="stmt"/>
        <line num="25" count="1" type="stmt"/>
        <line num="26" count="1" type="stmt"/>
        <line num="27" count="1" type="stmt"/>
        <line num="28" count="1" type="stmt"/>
        <line num="29" count="1" type="stmt"/>
        <line num="30" count="5" type="cond" truecount="1" falsecount="0"/>
        <line num="31" count="5" type="stmt"/>
        <line num="32" count="5" type="cond" truecount="1" falsecount="0"/>
        <line num="33" count="1" type="stmt"/>
        <line num="34" count="1" type="stmt"/>
        <line num="35" count="1" type="stmt"/>
        <line num="36" count="5" type="stmt"/>
        <line num="37" count="5" type="cond" truecount="1" falsecount="0"/>
        <line num="38" count="14" type="stmt"/>
        <line num="39" count="14" type="cond" truecount="2" falsecount="0"/>
        <line num="40" count="7" type="stmt"/>
        <line num="41" count="14" type="cond" truecount="1" falsecount="1"/>
        <line num="42" count="7" type="stmt"/>
        <line num="43" count="7" type="stmt"/>
        <line num="44" count="14" type="cond" truecount="1" falsecount="0"/>
        <line num="45" count="5" type="stmt"/>
        <line num="46" count="5" type="stmt"/>
        <line num="47" count="1" type="stmt"/>
        <line num="48" count="1" type="stmt"/>
        <line num="49" count="1" type="cond" truecount="0" falsecount="1"/>
        <line num="50" count="0" type="stmt"/>
        <line num="51" count="0" type="stmt"/>
        <line num="52" count="1" type="stmt"/>
        <line num="53" count="1" type="stmt"/>
        <line num="54" count="1" type="stmt"/>
        <line num="55" count="1" type="stmt"/>
        <line num="56" count="1" type="stmt"/>
        <line num="57" count="1" type="stmt"/>
        <line num="58" count="1" type="cond" truecount="0" falsecount="1"/>
        <line num="59" count="1" type="stmt"/>
        <line num="60" count="1" type="stmt"/>
        <line num="61" count="1" type="stmt"/>
        <line num="62" count="1" type="stmt"/>
        <line num="63" count="1" type="stmt"/>
        <line num="64" count="1" type="stmt"/>
        <line num="65" count="1" type="stmt"/>
        <line num="66" count="1" type="stmt"/>
        <line num="67" count="1" type="stmt"/>
        <line num="68" count="1" type="stmt"/>
        <line num="69" count="1" type="stmt"/>
        <line num="70" count="1" type="stmt"/>
        <line num="71" count="1" type="stmt"/>
        <line num="72" count="1" type="stmt"/>
        <line num="73" count="1" type="stmt"/>
        <line num="74" count="1" type="stmt"/>
        <line num="75" count="74" type="cond" truecount="1" falsecount="0"/>
        <line num="76" count="74" type="stmt"/>
        <line num="77" count="74" type="stmt"/>
        <line num="78" count="1" type="stmt"/>
        <line num="79" count="18" type="cond" truecount="1" falsecount="0"/>
        <line num="80" count="18" type="stmt"/>
        <line num="81" count="18" type="stmt"/>
        <line num="82" count="18" type="stmt"/>
        <line num="83" count="18" type="stmt"/>
        <line num="84" count="18" type="stmt"/>
        <line num="85" count="1" type="stmt"/>
        <line num="86" count="11" type="cond" truecount="1" falsecount="0"/>
        <line num="87" count="11" type="stmt"/>
        <line num="88" count="11" type="stmt"/>
        <line num="89" count="11" type="stmt"/>
        <line num="90" count="11" type="stmt"/>
        <line num="91" count="11" type="stmt"/>
        <line num="92" count="11" type="stmt"/>
        <line num="93" count="11" type="stmt"/>
        <line num="94" count="11" type="stmt"/>
        <line num="95" count="11" type="stmt"/>
        <line num="96" count="11" type="stmt"/>
        <line num="97" count="11" type="stmt"/>
        <line num="98" count="11" type="stmt"/>
        <line num="99" count="11" type="stmt"/>
        <line num="100" count="11" type="stmt"/>
        <line num="101" count="11" type="stmt"/>
        <line num="102" count="11" type="stmt"/>
        <line num="103" count="11" type="stmt"/>
        <line num="104" count="11" type="stmt"/>
        <line num="105" count="11" type="stmt"/>
        <line num="106" count="11" type="stmt"/>
        <line num="107" count="11" type="stmt"/>
        <line num="108" count="11" type="stmt"/>
        <line num="109" count="11" type="stmt"/>
        <line num="110" count="11" type="stmt"/>
        <line num="111" count="11" type="stmt"/>
        <line num="112" count="11" type="stmt"/>
        <line num="113" count="11" type="stmt"/>
        <line num="114" count="11" type="stmt"/>
        <line num="115" count="11" type="stmt"/>
        <line num="116" count="11" type="stmt"/>
        <line num="117" count="11" type="stmt"/>
        <line num="118" count="11" type="stmt"/>
        <line num="119" count="11" type="stmt"/>
        <line num="120" count="11" type="stmt"/>
        <line num="121" count="11" type="stmt"/>
        <line num="122" count="11" type="stmt"/>
        <line num="123" count="11" type="stmt"/>
        <line num="124" count="11" type="stmt"/>
        <line num="125" count="11" type="stmt"/>
        <line num="126" count="11" type="stmt"/>
        <line num="127" count="11" type="stmt"/>
        <line num="128" count="11" type="stmt"/>
        <line num="129" count="11" type="stmt"/>
        <line num="130" count="11" type="stmt"/>
        <line num="131" count="11" type="stmt"/>
        <line num="132" count="11" type="stmt"/>
        <line num="133" count="11" type="stmt"/>
        <line num="134" count="11" type="stmt"/>
        <line num="135" count="11" type="stmt"/>
        <line num="136" count="11" type="stmt"/>
        <line num="137" count="11" type="stmt"/>
        <line num="138" count="11" type="stmt"/>
        <line num="139" count="11" type="stmt"/>
        <line num="140" count="11" type="stmt"/>
        <line num="141" count="11" type="stmt"/>
        <line num="142" count="11" type="stmt"/>
        <line num="143" count="11" type="stmt"/>
        <line num="144" count="11" type="stmt"/>
        <line num="145" count="11" type="stmt"/>
        <line num="146" count="11" type="stmt"/>
        <line num="147" count="11" type="stmt"/>
        <line num="148" count="11" type="stmt"/>
        <line num="149" count="11" type="stmt"/>
        <line num="150" count="11" type="stmt"/>
        <line num="151" count="11" type="stmt"/>
        <line num="152" count="11" type="stmt"/>
        <line num="153" count="11" type="stmt"/>
        <line num="154" count="11" type="stmt"/>
        <line num="155" count="1" type="stmt"/>
        <line num="156" count="1" type="stmt"/>
        <line num="157" count="29" type="cond" truecount="1" falsecount="0"/>
        <line num="158" count="29" type="cond" truecount="1" falsecount="0"/>
        <line num="159" count="29" type="cond" truecount="1" falsecount="0"/>
        <line num="160" count="27" type="stmt"/>
        <line num="161" count="27" type="cond" truecount="1" falsecount="0"/>
        <line num="162" count="27" type="cond" truecount="1" falsecount="0"/>
        <line num="163" count="27" type="stmt"/>
        <line num="164" count="27" type="cond" truecount="1" falsecount="0"/>
        <line num="165" count="27" type="stmt"/>
        <line num="166" count="29" type="stmt"/>
        <line num="167" count="29" type="stmt"/>
        <line num="168" count="29" type="cond" truecount="1" falsecount="0"/>
        <line num="169" count="29" type="stmt"/>
        <line num="170" count="29" type="stmt"/>
        <line num="171" count="29" type="stmt"/>
        <line num="172" count="1" type="stmt"/>
        <line num="173" count="1" type="stmt"/>
        <line num="174" count="6" type="cond" truecount="1" falsecount="0"/>
        <line num="175" count="6" type="stmt"/>
        <line num="176" count="6" type="stmt"/>
        <line num="177" count="6" type="stmt"/>
        <line num="178" count="6" type="cond" truecount="1" falsecount="0"/>
        <line num="179" count="6" type="cond" truecount="3" falsecount="0"/>
        <line num="180" count="3" type="cond" truecount="1" falsecount="0"/>
        <line num="181" count="5" type="cond" truecount="1" falsecount="0"/>
        <line num="182" count="5" type="cond" truecount="2" falsecount="0"/>
        <line num="183" count="5" type="cond" truecount="1" falsecount="0"/>
        <line num="184" count="5" type="cond" truecount="2" falsecount="0"/>
        <line num="185" count="5" type="cond" truecount="1" falsecount="0"/>
        <line num="186" count="3" type="stmt"/>
        <line num="187" count="6" type="cond" truecount="1" falsecount="0"/>
        <line num="188" count="1" type="stmt"/>
        <line num="189" count="1" type="stmt"/>
        <line num="190" count="1" type="stmt"/>
        <line num="191" count="6" type="stmt"/>
        <line num="192" count="1" type="stmt"/>
        <line num="193" count="1" type="stmt"/>
        <line num="194" count="18" type="cond" truecount="1" falsecount="0"/>
        <line num="195" count="18" type="cond" truecount="2" falsecount="0"/>
        <line num="196" count="18" type="stmt"/>
        <line num="197" count="18" type="stmt"/>
        <line num="198" count="18" type="stmt"/>
        <line num="199" count="18" type="stmt"/>
        <line num="200" count="18" type="stmt"/>
        <line num="201" count="18" type="stmt"/>
        <line num="202" count="18" type="stmt"/>
        <line num="203" count="18" type="stmt"/>
        <line num="204" count="18" type="stmt"/>
        <line num="205" count="18" type="cond" truecount="1" falsecount="0"/>
        <line num="206" count="18" type="stmt"/>
        <line num="207" count="18" type="stmt"/>
        <line num="208" count="1" type="stmt"/>
        <line num="209" count="3" type="cond" truecount="1" falsecount="0"/>
        <line num="210" count="3" type="stmt"/>
        <line num="211" count="3" type="cond" truecount="1" falsecount="0"/>
        <line num="212" count="1" type="stmt"/>
        <line num="213" count="1" type="cond" truecount="1" falsecount="0"/>
        <line num="214" count="2" type="stmt"/>
        <line num="215" count="2" type="stmt"/>
        <line num="216" count="2" type="stmt"/>
        <line num="217" count="3" type="cond" truecount="1" falsecount="0"/>
        <line num="218" count="1" type="stmt"/>
        <line num="219" count="1" type="stmt"/>
        <line num="220" count="1" type="stmt"/>
        <line num="221" count="1" type="stmt"/>
        <line num="222" count="1" type="stmt"/>
        <line num="223" count="1" type="stmt"/>
        <line num="224" count="6" type="cond" truecount="1" falsecount="0"/>
        <line num="225" count="6" type="stmt"/>
        <line num="226" count="6" type="cond" truecount="2" falsecount="0"/>
        <line num="227" count="6" type="cond" truecount="2" falsecount="0"/>
        <line num="228" count="6" type="cond" truecount="2" falsecount="0"/>
        <line num="229" count="6" type="cond" truecount="2" falsecount="0"/>
        <line num="230" count="6" type="stmt"/>
        <line num="231" count="6" type="cond" truecount="0" falsecount="1"/>
        <line num="232" count="6" type="cond" truecount="1" falsecount="0"/>
        <line num="233" count="6" type="stmt"/>
        <line num="234" count="6" type="stmt"/>
        <line num="235" count="6" type="stmt"/>
        <line num="236" count="6" type="stmt"/>
        <line num="237" count="6" type="stmt"/>
        <line num="238" count="6" type="stmt"/>
        <line num="239" count="6" type="stmt"/>
        <line num="240" count="6" type="stmt"/>
        <line num="241" count="6" type="stmt"/>
        <line num="242" count="6" type="stmt"/>
        <line num="243" count="6" type="stmt"/>
        <line num="244" count="6" type="stmt"/>
        <line num="245" count="6" type="stmt"/>
        <line num="246" count="6" type="stmt"/>
        <line num="247" count="6" type="stmt"/>
        <line num="248" count="6" type="stmt"/>
        <line num="249" count="6" type="cond" truecount="1" falsecount="0"/>
        <line num="250" count="5" type="stmt"/>
        <line num="251" count="5" type="stmt"/>
        <line num="252" count="6" type="stmt"/>
        <line num="253" count="6" type="stmt"/>
        <line num="254" count="6" type="cond" truecount="2" falsecount="0"/>
        <line num="255" count="5" type="stmt"/>
        <line num="256" count="5" type="stmt"/>
        <line num="257" count="5" type="stmt"/>
        <line num="258" count="5" type="stmt"/>
        <line num="259" count="5" type="stmt"/>
        <line num="260" count="5" type="stmt"/>
        <line num="261" count="5" type="stmt"/>
        <line num="262" count="5" type="stmt"/>
        <line num="263" count="1" type="stmt"/>
        <line num="264" count="1" type="stmt"/>
        <line num="265" count="0" type="stmt"/>
        <line num="266" count="0" type="stmt"/>
        <line num="267" count="0" type="stmt"/>
        <line num="268" count="0" type="stmt"/>
        <line num="269" count="0" type="stmt"/>
        <line num="270" count="0" type="stmt"/>
        <line num="271" count="0" type="stmt"/>
        <line num="272" count="0" type="stmt"/>
        <line num="273" count="0" type="stmt"/>
        <line num="274" count="0" type="stmt"/>
        <line num="275" count="0" type="stmt"/>
        <line num="276" count="0" type="stmt"/>
        <line num="277" count="0" type="stmt"/>
        <line num="278" count="0" type="stmt"/>
        <line num="279" count="0" type="stmt"/>
        <line num="280" count="0" type="stmt"/>
        <line num="281" count="0" type="stmt"/>
        <line num="282" count="0" type="stmt"/>
        <line num="283" count="0" type="stmt"/>
        <line num="284" count="0" type="stmt"/>
        <line num="285" count="0" type="stmt"/>
        <line num="286" count="0" type="stmt"/>
        <line num="287" count="0" type="stmt"/>
        <line num="288" count="0" type="stmt"/>
        <line num="289" count="0" type="stmt"/>
        <line num="290" count="0" type="stmt"/>
        <line num="291" count="0" type="stmt"/>
        <line num="292" count="0" type="stmt"/>
        <line num="293" count="0" type="stmt"/>
        <line num="294" count="0" type="stmt"/>
        <line num="295" count="0" type="stmt"/>
        <line num="296" count="0" type="stmt"/>
        <line num="297" count="0" type="stmt"/>
        <line num="298" count="0" type="stmt"/>
        <line num="299" count="0" type="stmt"/>
        <line num="300" count="0" type="stmt"/>
        <line num="301" count="0" type="stmt"/>
        <line num="302" count="0" type="stmt"/>
        <line num="303" count="0" type="stmt"/>
        <line num="304" count="0" type="stmt"/>
        <line num="305" count="0" type="stmt"/>
        <line num="306" count="0" type="stmt"/>
        <line num="307" count="0" type="stmt"/>
        <line num="308" count="1" type="stmt"/>
        <line num="309" count="1" type="cond" truecount="0" falsecount="1"/>
        <line num="310" count="0" type="stmt"/>
        <line num="311" count="0" type="stmt"/>
        <line num="312" count="0" type="stmt"/>
        <line num="313" count="0" type="stmt"/>
        <line num="314" count="0" type="stmt"/>
        <line num="315" count="1" type="stmt"/>
        <line num="316" count="1" type="stmt"/>
        <line num="317" count="1" type="stmt"/>
        <line num="318" count="1" type="stmt"/>
        <line num="319" count="1" type="stmt"/>
        <line num="320" count="1" type="stmt"/>
        <line num="321" count="1" type="stmt"/>
        <line num="322" count="1" type="stmt"/>
        <line num="323" count="1" type="stmt"/>
        <line num="324" count="1" type="stmt"/>
        <line num="325" count="1" type="stmt"/>
        <line num="326" count="1" type="stmt"/>
        <line num="327" count="1" type="stmt"/>
        <line num="328" count="1" type="stmt"/>
        <line num="329" count="1" type="stmt"/>
        <line num="330" count="1" type="stmt"/>
      </file>
    </package>
  </project>
</coverage>
