{"/home/runner/work/-Fixytrixy-.github.io/-Fixytrixy-.github.io/assets/fixaotrixa-home.js": {"path":"/home/runner/work/-Fixytrixy-.github.io/-Fixytrixy-.github.io/assets/fixaotrixa-home.js","all":false,"statementMap":{"0":{"start":{"line":1,"column":0},"end":{"line":1,"column":3}},"1":{"start":{"line":2,"column":0},"end":{"line":2,"column":32}},"2":{"start":{"line":3,"column":0},"end":{"line":3,"column":69}},"3":{"start":{"line":4,"column":0},"end":{"line":4,"column":3}},"4":{"start":{"line":5,"column":0},"end":{"line":5,"column":0}},"5":{"start":{"line":6,"column":0},"end":{"line":6,"column":14}},"6":{"start":{"line":7,"column":0},"end":{"line":7,"column":15}},"7":{"start":{"line":8,"column":0},"end":{"line":8,"column":0}},"8":{"start":{"line":9,"column":0},"end":{"line":9,"column":34}},"9":{"start":{"line":10,"column":0},"end":{"line":10,"column":52}},"10":{"start":{"line":11,"column":0},"end":{"line":11,"column":24}},"11":{"start":{"line":12,"column":0},"end":{"line":12,"column":64}},"12":{"start":{"line":13,"column":0},"end":{"line":13,"column":23}},"13":{"start":{"line":14,"column":0},"end":{"line":14,"column":0}},"14":{"start":{"line":15,"column":0},"end":{"line":15,"column":49}},"15":{"start":{"line":16,"column":0},"end":{"line":16,"column":37}},"16":{"start":{"line":17,"column":0},"end":{"line":17,"column":0}},"17":{"start":{"line":18,"column":0},"end":{"line":18,"column":37}},"18":{"start":{"line":19,"column":0},"end":{"line":19,"column":24}},"19":{"start":{"line":20,"column":0},"end":{"line":20,"column":50}},"20":{"start":{"line":21,"column":0},"end":{"line":21,"column":0}},"21":{"start":{"line":22,"column":0},"end":{"line":22,"column":38}},"22":{"start":{"line":23,"column":0},"end":{"line":23,"column":18}},"23":{"start":{"line":24,"column":0},"end":{"line":24,"column":63}},"24":{"start":{"line":25,"column":0},"end":{"line":25,"column":0}},"25":{"start":{"line":26,"column":0},"end":{"line":26,"column":72}},"26":{"start":{"line":27,"column":0},"end":{"line":27,"column":21}},"27":{"start":{"line":28,"column":0},"end":{"line":28,"column":92}},"28":{"start":{"line":29,"column":0},"end":{"line":29,"column":87}},"29":{"start":{"line":30,"column":0},"end":{"line":30,"column":6}},"30":{"start":{"line":31,"column":0},"end":{"line":31,"column":28}},"31":{"start":{"line":32,"column":0},"end":{"line":32,"column":55}},"32":{"start":{"line":33,"column":0},"end":{"line":33,"column":26}},"33":{"start":{"line":34,"column":0},"end":{"line":34,"column":8}},"34":{"start":{"line":35,"column":0},"end":{"line":35,"column":29}},"35":{"start":{"line":36,"column":0},"end":{"line":36,"column":37}},"36":{"start":{"line":37,"column":0},"end":{"line":37,"column":41}},"37":{"start":{"line":38,"column":0},"end":{"line":38,"column":26}},"38":{"start":{"line":39,"column":0},"end":{"line":39,"column":29}},"39":{"start":{"line":40,"column":0},"end":{"line":40,"column":32}},"40":{"start":{"line":41,"column":0},"end":{"line":41,"column":39}},"41":{"start":{"line":42,"column":0},"end":{"line":42,"column":36}},"42":{"start":{"line":43,"column":0},"end":{"line":43,"column":31}},"43":{"start":{"line":44,"column":0},"end":{"line":44,"column":17}},"44":{"start":{"line":45,"column":0},"end":{"line":45,"column":8}},"45":{"start":{"line":46,"column":0},"end":{"line":46,"column":29}},"46":{"start":{"line":47,"column":0},"end":{"line":47,"column":42}},"47":{"start":{"line":48,"column":0},"end":{"line":48,"column":37}},"48":{"start":{"line":49,"column":0},"end":{"line":49,"column":29}},"49":{"start":{"line":50,"column":0},"end":{"line":50,"column":9}},"50":{"start":{"line":51,"column":0},"end":{"line":51,"column":5}},"51":{"start":{"line":52,"column":0},"end":{"line":52,"column":0}},"52":{"start":{"line":53,"column":0},"end":{"line":53,"column":43}},"53":{"start":{"line":54,"column":0},"end":{"line":54,"column":30}},"54":{"start":{"line":55,"column":0},"end":{"line":55,"column":21}},"55":{"start":{"line":56,"column":0},"end":{"line":56,"column":46}},"56":{"start":{"line":57,"column":0},"end":{"line":57,"column":29}},"57":{"start":{"line":58,"column":0},"end":{"line":58,"column":78}},"58":{"start":{"line":59,"column":0},"end":{"line":59,"column":43}},"59":{"start":{"line":60,"column":0},"end":{"line":60,"column":85}},"60":{"start":{"line":61,"column":0},"end":{"line":61,"column":11}},"61":{"start":{"line":62,"column":0},"end":{"line":62,"column":8}},"62":{"start":{"line":63,"column":0},"end":{"line":63,"column":29}},"63":{"start":{"line":64,"column":0},"end":{"line":64,"column":3}},"64":{"start":{"line":65,"column":0},"end":{"line":65,"column":0}},"65":{"start":{"line":66,"column":0},"end":{"line":66,"column":38}},"66":{"start":{"line":67,"column":0},"end":{"line":67,"column":33}},"67":{"start":{"line":68,"column":0},"end":{"line":68,"column":43}},"68":{"start":{"line":69,"column":0},"end":{"line":69,"column":34}},"69":{"start":{"line":70,"column":0},"end":{"line":70,"column":39}},"70":{"start":{"line":71,"column":0},"end":{"line":71,"column":32}},"71":{"start":{"line":72,"column":0},"end":{"line":72,"column":15}},"72":{"start":{"line":73,"column":0},"end":{"line":73,"column":33}},"73":{"start":{"line":74,"column":0},"end":{"line":74,"column":30}},"74":{"start":{"line":75,"column":0},"end":{"line":75,"column":38}},"75":{"start":{"line":76,"column":0},"end":{"line":76,"column":34}},"76":{"start":{"line":77,"column":0},"end":{"line":77,"column":31}},"77":{"start":{"line":78,"column":0},"end":{"line":78,"column":8}},"78":{"start":{"line":79,"column":0},"end":{"line":79,"column":7}},"79":{"start":{"line":80,"column":0},"end":{"line":80,"column":3}},"80":{"start":{"line":81,"column":0},"end":{"line":81,"column":0}},"81":{"start":{"line":82,"column":0},"end":{"line":82,"column":33}},"82":{"start":{"line":83,"column":0},"end":{"line":83,"column":59}},"83":{"start":{"line":84,"column":0},"end":{"line":84,"column":14}},"84":{"start":{"line":85,"column":0},"end":{"line":85,"column":25}},"85":{"start":{"line":86,"column":0},"end":{"line":86,"column":39}},"86":{"start":{"line":87,"column":0},"end":{"line":87,"column":0}},"87":{"start":{"line":88,"column":0},"end":{"line":88,"column":47}},"88":{"start":{"line":89,"column":0},"end":{"line":89,"column":60}},"89":{"start":{"line":90,"column":0},"end":{"line":90,"column":42}},"90":{"start":{"line":91,"column":0},"end":{"line":91,"column":22}},"91":{"start":{"line":92,"column":0},"end":{"line":92,"column":9}},"92":{"start":{"line":93,"column":0},"end":{"line":93,"column":9}},"93":{"start":{"line":94,"column":0},"end":{"line":94,"column":5}},"94":{"start":{"line":95,"column":0},"end":{"line":95,"column":0}},"95":{"start":{"line":96,"column":0},"end":{"line":96,"column":26}},"96":{"start":{"line":97,"column":0},"end":{"line":97,"column":22}},"97":{"start":{"line":98,"column":0},"end":{"line":98,"column":47}},"98":{"start":{"line":99,"column":0},"end":{"line":99,"column":35}},"99":{"start":{"line":100,"column":0},"end":{"line":100,"column":43}},"100":{"start":{"line":101,"column":0},"end":{"line":101,"column":52}},"101":{"start":{"line":102,"column":0},"end":{"line":102,"column":41}},"102":{"start":{"line":103,"column":0},"end":{"line":103,"column":5}},"103":{"start":{"line":104,"column":0},"end":{"line":104,"column":0}},"104":{"start":{"line":105,"column":0},"end":{"line":105,"column":27}},"105":{"start":{"line":106,"column":0},"end":{"line":106,"column":35}},"106":{"start":{"line":107,"column":0},"end":{"line":107,"column":48}},"107":{"start":{"line":108,"column":0},"end":{"line":108,"column":5}},"108":{"start":{"line":109,"column":0},"end":{"line":109,"column":0}},"109":{"start":{"line":110,"column":0},"end":{"line":110,"column":61}},"110":{"start":{"line":111,"column":0},"end":{"line":111,"column":65}},"111":{"start":{"line":112,"column":0},"end":{"line":112,"column":0}},"112":{"start":{"line":113,"column":0},"end":{"line":113,"column":62}},"113":{"start":{"line":114,"column":0},"end":{"line":114,"column":63}},"114":{"start":{"line":115,"column":0},"end":{"line":115,"column":0}},"115":{"start":{"line":116,"column":0},"end":{"line":116,"column":55}},"116":{"start":{"line":117,"column":0},"end":{"line":117,"column":77}},"117":{"start":{"line":118,"column":0},"end":{"line":118,"column":7}},"118":{"start":{"line":119,"column":0},"end":{"line":119,"column":0}},"119":{"start":{"line":120,"column":0},"end":{"line":120,"column":58}},"120":{"start":{"line":121,"column":0},"end":{"line":121,"column":15}},"121":{"start":{"line":122,"column":0},"end":{"line":122,"column":52}},"122":{"start":{"line":123,"column":0},"end":{"line":123,"column":27}},"123":{"start":{"line":124,"column":0},"end":{"line":124,"column":68}},"124":{"start":{"line":125,"column":0},"end":{"line":125,"column":30}},"125":{"start":{"line":126,"column":0},"end":{"line":126,"column":21}},"126":{"start":{"line":127,"column":0},"end":{"line":127,"column":9}},"127":{"start":{"line":128,"column":0},"end":{"line":128,"column":5}},"128":{"start":{"line":129,"column":0},"end":{"line":129,"column":3}},"129":{"start":{"line":130,"column":0},"end":{"line":130,"column":0}},"130":{"start":{"line":131,"column":0},"end":{"line":131,"column":44}},"131":{"start":{"line":132,"column":0},"end":{"line":132,"column":34}},"132":{"start":{"line":133,"column":0},"end":{"line":133,"column":23}},"133":{"start":{"line":134,"column":0},"end":{"line":134,"column":48}},"134":{"start":{"line":135,"column":0},"end":{"line":135,"column":61}},"135":{"start":{"line":136,"column":0},"end":{"line":136,"column":5}},"136":{"start":{"line":137,"column":0},"end":{"line":137,"column":37}},"137":{"start":{"line":138,"column":0},"end":{"line":138,"column":68}},"138":{"start":{"line":139,"column":0},"end":{"line":139,"column":5}},"139":{"start":{"line":140,"column":0},"end":{"line":140,"column":3}},"140":{"start":{"line":141,"column":0},"end":{"line":141,"column":0}},"141":{"start":{"line":142,"column":0},"end":{"line":142,"column":58}},"142":{"start":{"line":143,"column":0},"end":{"line":143,"column":41}},"143":{"start":{"line":144,"column":0},"end":{"line":144,"column":70}},"144":{"start":{"line":145,"column":0},"end":{"line":145,"column":64}},"145":{"start":{"line":146,"column":0},"end":{"line":146,"column":40}},"146":{"start":{"line":147,"column":0},"end":{"line":147,"column":35}},"147":{"start":{"line":148,"column":0},"end":{"line":148,"column":33}},"148":{"start":{"line":149,"column":0},"end":{"line":149,"column":32}},"149":{"start":{"line":150,"column":0},"end":{"line":150,"column":38}},"150":{"start":{"line":151,"column":0},"end":{"line":151,"column":44}},"151":{"start":{"line":152,"column":0},"end":{"line":152,"column":11}},"152":{"start":{"line":153,"column":0},"end":{"line":153,"column":34}},"153":{"start":{"line":154,"column":0},"end":{"line":154,"column":9}},"154":{"start":{"line":155,"column":0},"end":{"line":155,"column":9}},"155":{"start":{"line":156,"column":0},"end":{"line":156,"column":32}},"156":{"start":{"line":157,"column":0},"end":{"line":157,"column":66}},"157":{"start":{"line":158,"column":0},"end":{"line":158,"column":3}},"158":{"start":{"line":159,"column":0},"end":{"line":159,"column":0}},"159":{"start":{"line":160,"column":0},"end":{"line":160,"column":46}},"160":{"start":{"line":161,"column":0},"end":{"line":161,"column":71}},"161":{"start":{"line":162,"column":0},"end":{"line":162,"column":51}},"162":{"start":{"line":163,"column":0},"end":{"line":163,"column":69}},"163":{"start":{"line":164,"column":0},"end":{"line":164,"column":19}},"164":{"start":{"line":165,"column":0},"end":{"line":165,"column":27}},"165":{"start":{"line":166,"column":0},"end":{"line":166,"column":70}},"166":{"start":{"line":167,"column":0},"end":{"line":167,"column":7}},"167":{"start":{"line":168,"column":0},"end":{"line":168,"column":7}},"168":{"start":{"line":169,"column":0},"end":{"line":169,"column":5}},"169":{"start":{"line":170,"column":0},"end":{"line":170,"column":0}},"170":{"start":{"line":171,"column":0},"end":{"line":171,"column":47}},"171":{"start":{"line":172,"column":0},"end":{"line":172,"column":81}},"172":{"start":{"line":173,"column":0},"end":{"line":173,"column":30}},"173":{"start":{"line":174,"column":0},"end":{"line":174,"column":43}},"174":{"start":{"line":175,"column":0},"end":{"line":175,"column":54}},"175":{"start":{"line":176,"column":0},"end":{"line":176,"column":7}},"176":{"start":{"line":177,"column":0},"end":{"line":177,"column":3}},"177":{"start":{"line":178,"column":0},"end":{"line":178,"column":0}},"178":{"start":{"line":179,"column":0},"end":{"line":179,"column":30}},"179":{"start":{"line":180,"column":0},"end":{"line":180,"column":72}},"180":{"start":{"line":181,"column":0},"end":{"line":181,"column":22}},"181":{"start":{"line":182,"column":0},"end":{"line":182,"column":21}},"182":{"start":{"line":183,"column":0},"end":{"line":183,"column":82}},"183":{"start":{"line":184,"column":0},"end":{"line":184,"column":36}},"184":{"start":{"line":185,"column":0},"end":{"line":185,"column":7}},"185":{"start":{"line":186,"column":0},"end":{"line":186,"column":56}},"186":{"start":{"line":187,"column":0},"end":{"line":187,"column":62}},"187":{"start":{"line":188,"column":0},"end":{"line":188,"column":50}},"188":{"start":{"line":189,"column":0},"end":{"line":189,"column":58}},"189":{"start":{"line":190,"column":0},"end":{"line":190,"column":11}},"190":{"start":{"line":191,"column":0},"end":{"line":191,"column":9}},"191":{"start":{"line":192,"column":0},"end":{"line":192,"column":20}},"192":{"start":{"line":193,"column":0},"end":{"line":193,"column":56}},"193":{"start":{"line":194,"column":0},"end":{"line":194,"column":48}},"194":{"start":{"line":195,"column":0},"end":{"line":195,"column":77}},"195":{"start":{"line":196,"column":0},"end":{"line":196,"column":70}},"196":{"start":{"line":197,"column":0},"end":{"line":197,"column":56}},"197":{"start":{"line":198,"column":0},"end":{"line":198,"column":21}},"198":{"start":{"line":199,"column":0},"end":{"line":199,"column":47}},"199":{"start":{"line":200,"column":0},"end":{"line":200,"column":56}},"200":{"start":{"line":201,"column":0},"end":{"line":201,"column":102}},"201":{"start":{"line":202,"column":0},"end":{"line":202,"column":9}},"202":{"start":{"line":203,"column":0},"end":{"line":203,"column":7}},"203":{"start":{"line":204,"column":0},"end":{"line":204,"column":5}},"204":{"start":{"line":205,"column":0},"end":{"line":205,"column":3}},"205":{"start":{"line":206,"column":0},"end":{"line":206,"column":0}},"206":{"start":{"line":207,"column":0},"end":{"line":207,"column":31}},"207":{"start":{"line":208,"column":0},"end":{"line":208,"column":89}},"208":{"start":{"line":209,"column":0},"end":{"line":209,"column":3}},"209":{"start":{"line":210,"column":0},"end":{"line":210,"column":0}},"210":{"start":{"line":211,"column":0},"end":{"line":211,"column":51}},"211":{"start":{"line":212,"column":0},"end":{"line":212,"column":83}},"212":{"start":{"line":213,"column":0},"end":{"line":213,"column":73}},"213":{"start":{"line":214,"column":0},"end":{"line":214,"column":65}},"214":{"start":{"line":215,"column":0},"end":{"line":215,"column":29}},"215":{"start":{"line":216,"column":0},"end":{"line":216,"column":34}},"216":{"start":{"line":217,"column":0},"end":{"line":217,"column":141}},"217":{"start":{"line":218,"column":0},"end":{"line":218,"column":9}},"218":{"start":{"line":219,"column":0},"end":{"line":219,"column":5}},"219":{"start":{"line":220,"column":0},"end":{"line":220,"column":3}},"220":{"start":{"line":221,"column":0},"end":{"line":221,"column":0}},"221":{"start":{"line":222,"column":0},"end":{"line":222,"column":20}},"222":{"start":{"line":223,"column":0},"end":{"line":223,"column":20}},"223":{"start":{"line":224,"column":0},"end":{"line":224,"column":0}},"224":{"start":{"line":225,"column":0},"end":{"line":225,"column":5}}},"s":{"0":1,"1":1,"2":1,"3":1,"4":1,"5":1,"6":79,"7":79,"8":79,"9":79,"10":360,"11":360,"12":165,"13":165,"14":165,"15":360,"16":9,"17":9,"18":9,"19":9,"20":9,"21":9,"22":9,"23":9,"24":9,"25":360,"26":360,"27":360,"28":360,"29":360,"30":360,"31":8,"32":7,"33":360,"34":360,"35":7,"36":7,"37":7,"38":7,"39":7,"40":1,"41":1,"42":1,"43":7,"44":360,"45":360,"46":1,"47":1,"48":1,"49":360,"50":79,"51":79,"52":79,"53":79,"54":86,"55":86,"56":86,"57":85,"58":170,"59":170,"60":85,"61":86,"62":86,"63":86,"64":79,"65":79,"66":79,"67":7,"68":1,"69":7,"70":7,"71":7,"72":7,"73":7,"74":7,"75":7,"76":7,"77":7,"78":7,"79":7,"80":79,"81":79,"82":79,"83":79,"84":79,"85":79,"86":79,"87":79,"88":78,"89":494,"90":40,"91":40,"92":78,"93":78,"94":79,"95":79,"96":40,"97":40,"98":40,"99":40,"100":40,"101":40,"102":40,"103":79,"104":79,"105":27,"106":27,"107":27,"108":79,"109":79,"110":79,"111":79,"112":79,"113":79,"114":79,"115":79,"116":71,"117":79,"118":79,"119":79,"120":79,"121":79,"122":5,"123":5,"124":5,"125":5,"126":79,"127":79,"128":79,"129":79,"130":79,"131":79,"132":5,"133":4,"134":1,"135":1,"136":4,"137":1,"138":1,"139":5,"140":79,"141":79,"142":79,"143":5,"144":5,"145":4,"146":4,"147":3,"148":3,"149":2,"150":2,"151":2,"152":3,"153":3,"154":4,"155":5,"156":5,"157":5,"158":79,"159":79,"160":79,"161":80,"162":3,"163":3,"164":2,"165":2,"166":2,"167":80,"168":79,"169":79,"170":79,"171":79,"172":79,"173":78,"174":78,"175":78,"176":78,"177":79,"178":79,"179":19,"180":19,"181":19,"182":19,"183":19,"184":19,"185":19,"186":16,"187":24,"188":24,"189":24,"190":16,"191":16,"192":16,"193":16,"194":16,"195":16,"196":16,"197":16,"198":16,"199":16,"200":16,"201":16,"202":16,"203":16,"204":19,"205":79,"206":79,"207":16,"208":16,"209":79,"210":79,"211":79,"212":1,"213":1,"214":1,"215":1,"216":1,"217":1,"218":1,"219":1,"220":79,"221":79,"222":79,"223":79,"224":1},"branchMap":{"0":{"type":"branch","line":6,"loc":{"start":{"line":6,"column":1},"end":{"line":225,"column":3}},"locations":[{"start":{"line":6,"column":1},"end":{"line":225,"column":3}}]},"1":{"type":"branch","line":88,"loc":{"start":{"line":88,"column":46},"end":{"line":94,"column":5}},"locations":[{"start":{"line":88,"column":46},"end":{"line":94,"column":5}}]},"2":{"type":"branch","line":143,"loc":{"start":{"line":143,"column":40},"end":{"line":158,"column":3}},"locations":[{"start":{"line":143,"column":40},"end":{"line":158,"column":3}}]},"3":{"type":"branch","line":173,"loc":{"start":{"line":173,"column":29},"end":{"line":177,"column":3}},"locations":[{"start":{"line":173,"column":29},"end":{"line":177,"column":3}}]},"4":{"type":"branch","line":212,"loc":{"start":{"line":212,"column":32},"end":{"line":212,"column":80}},"locations":[{"start":{"line":212,"column":32},"end":{"line":212,"column":80}}]},"5":{"type":"branch","line":212,"loc":{"start":{"line":212,"column":82},"end":{"line":220,"column":3}},"locations":[{"start":{"line":212,"column":82},"end":{"line":220,"column":3}}]},"6":{"type":"branch","line":10,"loc":{"start":{"line":10,"column":38},"end":{"line":51,"column":3}},"locations":[{"start":{"line":10,"column":38},"end":{"line":51,"column":3}}]},"7":{"type":"branch","line":12,"loc":{"start":{"line":12,"column":57},"end":{"line":16,"column":28}},"locations":[{"start":{"line":12,"column":57},"end":{"line":16,"column":28}}]},"8":{"type":"branch","line":12,"loc":{"start":{"line":12,"column":57},"end":{"line":12,"column":64}},"locations":[{"start":{"line":12,"column":57},"end":{"line":12,"column":64}}]},"9":{"type":"branch","line":12,"loc":{"start":{"line":12,"column":57},"end":{"line":16,"column":28}},"locations":[{"start":{"line":12,"column":57},"end":{"line":16,"column":28}}]},"10":{"type":"branch","line":16,"loc":{"start":{"line":16,"column":30},"end":{"line":26,"column":52}},"locations":[{"start":{"line":16,"column":30},"end":{"line":26,"column":52}}]},"11":{"type":"branch","line":16,"loc":{"start":{"line":16,"column":30},"end":{"line":16,"column":37}},"locations":[{"start":{"line":16,"column":30},"end":{"line":16,"column":37}}]},"12":{"type":"branch","line":16,"loc":{"start":{"line":16,"column":30},"end":{"line":26,"column":52}},"locations":[{"start":{"line":16,"column":30},"end":{"line":26,"column":52}}]},"13":{"type":"branch","line":16,"loc":{"start":{"line":16,"column":30},"end":{"line":26,"column":26}},"locations":[{"start":{"line":16,"column":30},"end":{"line":26,"column":26}}]},"14":{"type":"branch","line":26,"loc":{"start":{"line":26,"column":23},"end":{"line":26,"column":52}},"locations":[{"start":{"line":26,"column":23},"end":{"line":26,"column":52}}]},"15":{"type":"branch","line":26,"loc":{"start":{"line":26,"column":52},"end":{"line":26,"column":69}},"locations":[{"start":{"line":26,"column":52},"end":{"line":26,"column":69}}]},"16":{"type":"branch","line":29,"loc":{"start":{"line":29,"column":74},"end":{"line":29,"column":79}},"locations":[{"start":{"line":29,"column":74},"end":{"line":29,"column":79}}]},"17":{"type":"branch","line":24,"loc":{"start":{"line":24,"column":21},"end":{"line":24,"column":61}},"locations":[{"start":{"line":24,"column":21},"end":{"line":24,"column":61}}]},"18":{"type":"branch","line":31,"loc":{"start":{"line":31,"column":12},"end":{"line":34,"column":7}},"locations":[{"start":{"line":31,"column":12},"end":{"line":34,"column":7}}]},"19":{"type":"branch","line":32,"loc":{"start":{"line":32,"column":21},"end":{"line":32,"column":55}},"locations":[{"start":{"line":32,"column":21},"end":{"line":32,"column":55}}]},"20":{"type":"branch","line":32,"loc":{"start":{"line":32,"column":54},"end":{"line":34,"column":7}},"locations":[{"start":{"line":32,"column":54},"end":{"line":34,"column":7}}]},"21":{"type":"branch","line":35,"loc":{"start":{"line":35,"column":12},"end":{"line":45,"column":7}},"locations":[{"start":{"line":35,"column":12},"end":{"line":45,"column":7}}]},"22":{"type":"branch","line":40,"loc":{"start":{"line":40,"column":19},"end":{"line":44,"column":9}},"locations":[{"start":{"line":40,"column":19},"end":{"line":44,"column":9}}]},"23":{"type":"branch","line":46,"loc":{"start":{"line":46,"column":13},"end":{"line":50,"column":7}},"locations":[{"start":{"line":46,"column":13},"end":{"line":50,"column":7}}]},"24":{"type":"branch","line":54,"loc":{"start":{"line":54,"column":2},"end":{"line":64,"column":3}},"locations":[{"start":{"line":54,"column":2},"end":{"line":64,"column":3}}]},"25":{"type":"branch","line":56,"loc":{"start":{"line":56,"column":12},"end":{"line":56,"column":45}},"locations":[{"start":{"line":56,"column":12},"end":{"line":56,"column":45}}]},"26":{"type":"branch","line":57,"loc":{"start":{"line":57,"column":12},"end":{"line":62,"column":7}},"locations":[{"start":{"line":57,"column":12},"end":{"line":62,"column":7}}]},"27":{"type":"branch","line":58,"loc":{"start":{"line":58,"column":63},"end":{"line":61,"column":9}},"locations":[{"start":{"line":58,"column":63},"end":{"line":61,"column":9}}]},"28":{"type":"branch","line":63,"loc":{"start":{"line":63,"column":13},"end":{"line":63,"column":27}},"locations":[{"start":{"line":63,"column":13},"end":{"line":63,"column":27}}]},"29":{"type":"branch","line":67,"loc":{"start":{"line":67,"column":2},"end":{"line":80,"column":3}},"locations":[{"start":{"line":67,"column":2},"end":{"line":80,"column":3}}]},"30":{"type":"branch","line":68,"loc":{"start":{"line":68,"column":36},"end":{"line":68,"column":43}},"locations":[{"start":{"line":68,"column":36},"end":{"line":68,"column":43}}]},"31":{"type":"branch","line":68,"loc":{"start":{"line":68,"column":36},"end":{"line":70,"column":33}},"locations":[{"start":{"line":68,"column":36},"end":{"line":70,"column":33}}]},"32":{"type":"branch","line":70,"loc":{"start":{"line":70,"column":29},"end":{"line":70,"column":38}},"locations":[{"start":{"line":70,"column":29},"end":{"line":70,"column":38}}]},"33":{"type":"branch","line":75,"loc":{"start":{"line":75,"column":31},"end":{"line":75,"column":37}},"locations":[{"start":{"line":75,"column":31},"end":{"line":75,"column":37}}]},"34":{"type":"branch","line":89,"loc":{"start":{"line":89,"column":46},"end":{"line":93,"column":7}},"locations":[{"start":{"line":89,"column":46},"end":{"line":93,"column":7}}]},"35":{"type":"branch","line":90,"loc":{"start":{"line":90,"column":26},"end":{"line":90,"column":39}},"locations":[{"start":{"line":90,"column":26},"end":{"line":90,"column":39}}]},"36":{"type":"branch","line":90,"loc":{"start":{"line":90,"column":41},"end":{"line":92,"column":9}},"locations":[{"start":{"line":90,"column":41},"end":{"line":92,"column":9}}]},"37":{"type":"branch","line":96,"loc":{"start":{"line":96,"column":4},"end":{"line":103,"column":5}},"locations":[{"start":{"line":96,"column":4},"end":{"line":103,"column":5}}]},"38":{"type":"branch","line":105,"loc":{"start":{"line":105,"column":4},"end":{"line":108,"column":5}},"locations":[{"start":{"line":105,"column":4},"end":{"line":108,"column":5}}]},"39":{"type":"branch","line":116,"loc":{"start":{"line":116,"column":41},"end":{"line":118,"column":5}},"locations":[{"start":{"line":116,"column":41},"end":{"line":118,"column":5}}]},"40":{"type":"branch","line":117,"loc":{"start":{"line":117,"column":28},"end":{"line":117,"column":62}},"locations":[{"start":{"line":117,"column":28},"end":{"line":117,"column":62}}]},"41":{"type":"branch","line":117,"loc":{"start":{"line":117,"column":64},"end":{"line":117,"column":77}},"locations":[{"start":{"line":117,"column":64},"end":{"line":117,"column":77}}]},"42":{"type":"branch","line":122,"loc":{"start":{"line":122,"column":38},"end":{"line":127,"column":7}},"locations":[{"start":{"line":122,"column":38},"end":{"line":127,"column":7}}]},"43":{"type":"branch","line":132,"loc":{"start":{"line":132,"column":2},"end":{"line":140,"column":3}},"locations":[{"start":{"line":132,"column":2},"end":{"line":140,"column":3}}]},"44":{"type":"branch","line":133,"loc":{"start":{"line":133,"column":16},"end":{"line":133,"column":23}},"locations":[{"start":{"line":133,"column":16},"end":{"line":133,"column":23}}]},"45":{"type":"branch","line":133,"loc":{"start":{"line":133,"column":16},"end":{"line":139,"column":5}},"locations":[{"start":{"line":133,"column":16},"end":{"line":139,"column":5}}]},"46":{"type":"branch","line":134,"loc":{"start":{"line":134,"column":47},"end":{"line":136,"column":5}},"locations":[{"start":{"line":134,"column":47},"end":{"line":136,"column":5}}]},"47":{"type":"branch","line":137,"loc":{"start":{"line":137,"column":36},"end":{"line":139,"column":5}},"locations":[{"start":{"line":137,"column":36},"end":{"line":139,"column":5}}]},"48":{"type":"branch","line":145,"loc":{"start":{"line":145,"column":44},"end":{"line":156,"column":5}},"locations":[{"start":{"line":145,"column":44},"end":{"line":156,"column":5}}]},"49":{"type":"branch","line":146,"loc":{"start":{"line":146,"column":22},"end":{"line":155,"column":7}},"locations":[{"start":{"line":146,"column":22},"end":{"line":155,"column":7}}]},"50":{"type":"branch","line":147,"loc":{"start":{"line":147,"column":34},"end":{"line":154,"column":9}},"locations":[{"start":{"line":147,"column":34},"end":{"line":154,"column":9}}]},"51":{"type":"branch","line":149,"loc":{"start":{"line":149,"column":31},"end":{"line":152,"column":11}},"locations":[{"start":{"line":149,"column":31},"end":{"line":152,"column":11}}]},"52":{"type":"branch","line":157,"loc":{"start":{"line":157,"column":23},"end":{"line":157,"column":64}},"locations":[{"start":{"line":157,"column":23},"end":{"line":157,"column":64}}]},"53":{"type":"branch","line":161,"loc":{"start":{"line":161,"column":52},"end":{"line":169,"column":3}},"locations":[{"start":{"line":161,"column":52},"end":{"line":169,"column":3}}]},"54":{"type":"branch","line":162,"loc":{"start":{"line":162,"column":37},"end":{"line":168,"column":5}},"locations":[{"start":{"line":162,"column":37},"end":{"line":168,"column":5}}]},"55":{"type":"branch","line":164,"loc":{"start":{"line":164,"column":18},"end":{"line":167,"column":7}},"locations":[{"start":{"line":164,"column":18},"end":{"line":167,"column":7}}]},"56":{"type":"branch","line":174,"loc":{"start":{"line":174,"column":27},"end":{"line":176,"column":5}},"locations":[{"start":{"line":174,"column":27},"end":{"line":176,"column":5}}]},"57":{"type":"branch","line":179,"loc":{"start":{"line":179,"column":2},"end":{"line":205,"column":3}},"locations":[{"start":{"line":179,"column":2},"end":{"line":205,"column":3}}]},"58":{"type":"branch","line":181,"loc":{"start":{"line":181,"column":15},"end":{"line":181,"column":22}},"locations":[{"start":{"line":181,"column":15},"end":{"line":181,"column":22}}]},"59":{"type":"branch","line":186,"loc":{"start":{"line":186,"column":55},"end":{"line":204,"column":5}},"locations":[{"start":{"line":186,"column":55},"end":{"line":204,"column":5}}]},"60":{"type":"branch","line":201,"loc":{"start":{"line":201,"column":68},"end":{"line":201,"column":88}},"locations":[{"start":{"line":201,"column":68},"end":{"line":201,"column":88}}]},"61":{"type":"branch","line":201,"loc":{"start":{"line":201,"column":88},"end":{"line":201,"column":101}},"locations":[{"start":{"line":201,"column":88},"end":{"line":201,"column":101}}]},"62":{"type":"branch","line":183,"loc":{"start":{"line":183,"column":66},"end":{"line":185,"column":5}},"locations":[{"start":{"line":183,"column":66},"end":{"line":185,"column":5}}]},"63":{"type":"branch","line":187,"loc":{"start":{"line":187,"column":48},"end":{"line":191,"column":7}},"locations":[{"start":{"line":187,"column":48},"end":{"line":191,"column":7}}]},"64":{"type":"branch","line":188,"loc":{"start":{"line":188,"column":31},"end":{"line":190,"column":9}},"locations":[{"start":{"line":188,"column":31},"end":{"line":190,"column":9}}]},"65":{"type":"branch","line":207,"loc":{"start":{"line":207,"column":2},"end":{"line":209,"column":3}},"locations":[{"start":{"line":207,"column":2},"end":{"line":209,"column":3}}]}},"b":{"0":[79],"1":[78],"2":[5],"3":[78],"4":[3],"5":[1],"6":[360],"7":[355],"8":[195],"9":[165],"10":[290],"11":[156],"12":[15],"13":[9],"14":[1],"15":[8],"16":[0],"17":[27],"18":[8],"19":[1],"20":[7],"21":[7],"22":[1],"23":[1],"24":[86],"25":[85],"26":[85],"27":[170],"28":[1],"29":[7],"30":[6],"31":[1],"32":[0],"33":[0],"34":[494],"35":[463],"36":[40],"37":[40],"38":[27],"39":[71],"40":[35],"41":[20],"42":[5],"43":[5],"44":[1],"45":[4],"46":[1],"47":[1],"48":[4],"49":[4],"50":[3],"51":[2],"52":[5],"53":[80],"54":[3],"55":[2],"56":[78],"57":[19],"58":[0],"59":[16],"60":[8],"61":[8],"62":[19],"63":[24],"64":[24],"65":[16]},"fnMap":{"0":{"name":"updateCartCount","decl":{"start":{"line":54,"column":2},"end":{"line":64,"column":3}},"loc":{"start":{"line":54,"column":2},"end":{"line":64,"column":3}},"line":54},"1":{"name":"trackAddToCart","decl":{"start":{"line":67,"column":2},"end":{"line":80,"column":3}},"loc":{"start":{"line":67,"column":2},"end":{"line":80,"column":3}},"line":67},"2":{"name":"showPopup","decl":{"start":{"line":96,"column":4},"end":{"line":103,"column":5}},"loc":{"start":{"line":96,"column":4},"end":{"line":103,"column":5}},"line":96},"3":{"name":"closePopup","decl":{"start":{"line":105,"column":4},"end":{"line":108,"column":5}},"loc":{"start":{"line":105,"column":4},"end":{"line":108,"column":5}},"line":105},"4":{"name":"subscribeEmail","decl":{"start":{"line":132,"column":2},"end":{"line":140,"column":3}},"loc":{"start":{"line":132,"column":2},"end":{"line":140,"column":3}},"line":132},"5":{"name":"Object.<anonymous>.IntersectionObserver.rootMargin","decl":{"start":{"line":145,"column":44},"end":{"line":156,"column":5}},"loc":{"start":{"line":145,"column":44},"end":{"line":156,"column":5}},"line":145},"6":{"name":"updateVariantId","decl":{"start":{"line":179,"column":2},"end":{"line":205,"column":3}},"loc":{"start":{"line":179,"column":2},"end":{"line":205,"column":3}},"line":179},"7":{"name":"formatMoney","decl":{"start":{"line":207,"column":2},"end":{"line":209,"column":3}},"loc":{"start":{"line":207,"column":2},"end":{"line":209,"column":3}},"line":207}},"f":{"0":86,"1":7,"2":40,"3":27,"4":5,"5":4,"6":19,"7":16}}
,"/home/runner/work/-Fixytrixy-.github.io/-Fixytrixy-.github.io/assets/quiz.js": {"path":"/home/runner/work/-Fixytrixy-.github.io/-Fixytrixy-.github.io/assets/quiz.js","all":false,"statementMap":{"0":{"start":{"line":1,"column":0},"end":{"line":1,"column":3}},"1":{"start":{"line":2,"column":0},"end":{"line":2,"column":31}},"2":{"start":{"line":3,"column":0},"end":{"line":3,"column":46}},"3":{"start":{"line":4,"column":0},"end":{"line":4,"column":3}},"4":{"start":{"line":5,"column":0},"end":{"line":5,"column":0}},"5":{"start":{"line":6,"column":0},"end":{"line":6,"column":14}},"6":{"start":{"line":7,"column":0},"end":{"line":7,"column":15}},"7":{"start":{"line":8,"column":0},"end":{"line":8,"column":0}},"8":{"start":{"line":9,"column":0},"end":{"line":9,"column":30}},"9":{"start":{"line":10,"column":0},"end":{"line":10,"column":23}},"10":{"start":{"line":11,"column":0},"end":{"line":11,"column":43}},"11":{"start":{"line":12,"column":0},"end":{"line":12,"column":46}},"12":{"start":{"line":13,"column":0},"end":{"line":13,"column":46}},"13":{"start":{"line":14,"column":0},"end":{"line":14,"column":48}},"14":{"start":{"line":15,"column":0},"end":{"line":15,"column":43}},"15":{"start":{"line":16,"column":0},"end":{"line":16,"column":45}},"16":{"start":{"line":17,"column":0},"end":{"line":17,"column":4}},"17":{"start":{"line":18,"column":0},"end":{"line":18,"column":0}},"18":{"start":{"line":19,"column":0},"end":{"line":19,"column":38}},"19":{"start":{"line":20,"column":0},"end":{"line":20,"column":24}},"20":{"start":{"line":21,"column":0},"end":{"line":21,"column":30}},"21":{"start":{"line":22,"column":0},"end":{"line":22,"column":33}},"22":{"start":{"line":23,"column":0},"end":{"line":23,"column":33}},"23":{"start":{"line":24,"column":0},"end":{"line":24,"column":35}},"24":{"start":{"line":25,"column":0},"end":{"line":25,"column":30}},"25":{"start":{"line":26,"column":0},"end":{"line":26,"column":32}},"26":{"start":{"line":27,"column":0},"end":{"line":27,"column":4}},"27":{"start":{"line":28,"column":0},"end":{"line":28,"column":0}},"28":{"start":{"line":29,"column":0},"end":{"line":29,"column":19}},"29":{"start":{"line":30,"column":0},"end":{"line":30,"column":22}},"30":{"start":{"line":31,"column":0},"end":{"line":31,"column":22}},"31":{"start":{"line":32,"column":0},"end":{"line":32,"column":0}},"32":{"start":{"line":33,"column":0},"end":{"line":33,"column":19}},"33":{"start":{"line":34,"column":0},"end":{"line":34,"column":62}},"34":{"start":{"line":35,"column":0},"end":{"line":35,"column":27}},"35":{"start":{"line":36,"column":0},"end":{"line":36,"column":0}},"36":{"start":{"line":37,"column":0},"end":{"line":37,"column":22}},"37":{"start":{"line":38,"column":0},"end":{"line":38,"column":54}},"38":{"start":{"line":39,"column":0},"end":{"line":39,"column":50}},"39":{"start":{"line":40,"column":0},"end":{"line":40,"column":33}},"40":{"start":{"line":41,"column":0},"end":{"line":41,"column":0}},"41":{"start":{"line":42,"column":0},"end":{"line":42,"column":52}},"42":{"start":{"line":43,"column":0},"end":{"line":43,"column":66}},"43":{"start":{"line":44,"column":0},"end":{"line":44,"column":0}},"44":{"start":{"line":45,"column":0},"end":{"line":45,"column":57}},"45":{"start":{"line":46,"column":0},"end":{"line":46,"column":34}},"46":{"start":{"line":47,"column":0},"end":{"line":47,"column":7}},"47":{"start":{"line":48,"column":0},"end":{"line":48,"column":3}},"48":{"start":{"line":49,"column":0},"end":{"line":49,"column":0}},"49":{"start":{"line":50,"column":0},"end":{"line":50,"column":30}},"50":{"start":{"line":51,"column":0},"end":{"line":51,"column":34}},"51":{"start":{"line":52,"column":0},"end":{"line":52,"column":35}},"52":{"start":{"line":53,"column":0},"end":{"line":53,"column":0}},"53":{"start":{"line":54,"column":0},"end":{"line":54,"column":38}},"54":{"start":{"line":55,"column":0},"end":{"line":55,"column":52}},"55":{"start":{"line":56,"column":0},"end":{"line":56,"column":52}},"56":{"start":{"line":57,"column":0},"end":{"line":57,"column":52}},"57":{"start":{"line":58,"column":0},"end":{"line":58,"column":0}},"58":{"start":{"line":59,"column":0},"end":{"line":59,"column":25}},"59":{"start":{"line":60,"column":0},"end":{"line":60,"column":77}},"60":{"start":{"line":61,"column":0},"end":{"line":61,"column":63}},"61":{"start":{"line":62,"column":0},"end":{"line":62,"column":53}},"62":{"start":{"line":63,"column":0},"end":{"line":63,"column":9}},"63":{"start":{"line":64,"column":0},"end":{"line":64,"column":48}},"64":{"start":{"line":65,"column":0},"end":{"line":65,"column":0}},"65":{"start":{"line":66,"column":0},"end":{"line":66,"column":28}},"66":{"start":{"line":67,"column":0},"end":{"line":67,"column":32}},"67":{"start":{"line":68,"column":0},"end":{"line":68,"column":21}},"68":{"start":{"line":69,"column":0},"end":{"line":69,"column":14}},"69":{"start":{"line":70,"column":0},"end":{"line":70,"column":39}},"70":{"start":{"line":71,"column":0},"end":{"line":71,"column":7}},"71":{"start":{"line":72,"column":0},"end":{"line":72,"column":12}},"72":{"start":{"line":73,"column":0},"end":{"line":73,"column":3}},"73":{"start":{"line":74,"column":0},"end":{"line":74,"column":0}},"74":{"start":{"line":75,"column":0},"end":{"line":75,"column":27}},"75":{"start":{"line":76,"column":0},"end":{"line":76,"column":19}},"76":{"start":{"line":77,"column":0},"end":{"line":77,"column":62}},"77":{"start":{"line":78,"column":0},"end":{"line":78,"column":17}},"78":{"start":{"line":79,"column":0},"end":{"line":79,"column":49}},"79":{"start":{"line":80,"column":0},"end":{"line":80,"column":25}},"80":{"start":{"line":81,"column":0},"end":{"line":81,"column":27}},"81":{"start":{"line":82,"column":0},"end":{"line":82,"column":44}},"82":{"start":{"line":83,"column":0},"end":{"line":83,"column":59}},"83":{"start":{"line":84,"column":0},"end":{"line":84,"column":35}},"84":{"start":{"line":85,"column":0},"end":{"line":85,"column":5}},"85":{"start":{"line":86,"column":0},"end":{"line":86,"column":3}},"86":{"start":{"line":87,"column":0},"end":{"line":87,"column":0}},"87":{"start":{"line":88,"column":0},"end":{"line":88,"column":29}},"88":{"start":{"line":89,"column":0},"end":{"line":89,"column":19}},"89":{"start":{"line":90,"column":0},"end":{"line":90,"column":3}},"90":{"start":{"line":91,"column":0},"end":{"line":91,"column":0}},"91":{"start":{"line":92,"column":0},"end":{"line":92,"column":25}},"92":{"start":{"line":93,"column":0},"end":{"line":93,"column":19}},"93":{"start":{"line":94,"column":0},"end":{"line":94,"column":63}},"94":{"start":{"line":95,"column":0},"end":{"line":95,"column":19}},"95":{"start":{"line":96,"column":0},"end":{"line":96,"column":51}},"96":{"start":{"line":97,"column":0},"end":{"line":97,"column":5}},"97":{"start":{"line":98,"column":0},"end":{"line":98,"column":0}},"98":{"start":{"line":99,"column":0},"end":{"line":99,"column":30}},"99":{"start":{"line":100,"column":0},"end":{"line":100,"column":68}},"100":{"start":{"line":101,"column":0},"end":{"line":101,"column":20}},"101":{"start":{"line":102,"column":0},"end":{"line":102,"column":74}},"102":{"start":{"line":103,"column":0},"end":{"line":103,"column":75}},"103":{"start":{"line":104,"column":0},"end":{"line":104,"column":70}},"104":{"start":{"line":105,"column":0},"end":{"line":105,"column":0}},"105":{"start":{"line":106,"column":0},"end":{"line":106,"column":61}},"106":{"start":{"line":107,"column":0},"end":{"line":107,"column":62}},"107":{"start":{"line":108,"column":0},"end":{"line":108,"column":67}},"108":{"start":{"line":109,"column":0},"end":{"line":109,"column":0}},"109":{"start":{"line":110,"column":0},"end":{"line":110,"column":33}},"110":{"start":{"line":111,"column":0},"end":{"line":111,"column":36}},"111":{"start":{"line":112,"column":0},"end":{"line":112,"column":63}},"112":{"start":{"line":113,"column":0},"end":{"line":113,"column":61}},"113":{"start":{"line":114,"column":0},"end":{"line":114,"column":0}},"114":{"start":{"line":115,"column":0},"end":{"line":115,"column":37}},"115":{"start":{"line":116,"column":0},"end":{"line":116,"column":69}},"116":{"start":{"line":117,"column":0},"end":{"line":117,"column":69}},"117":{"start":{"line":118,"column":0},"end":{"line":118,"column":56}},"118":{"start":{"line":119,"column":0},"end":{"line":119,"column":58}},"119":{"start":{"line":120,"column":0},"end":{"line":120,"column":0}},"120":{"start":{"line":121,"column":0},"end":{"line":121,"column":22}},"121":{"start":{"line":122,"column":0},"end":{"line":122,"column":37}},"122":{"start":{"line":123,"column":0},"end":{"line":123,"column":38}},"123":{"start":{"line":124,"column":0},"end":{"line":124,"column":44}},"124":{"start":{"line":125,"column":0},"end":{"line":125,"column":44}},"125":{"start":{"line":126,"column":0},"end":{"line":126,"column":43}},"126":{"start":{"line":127,"column":0},"end":{"line":127,"column":9}},"127":{"start":{"line":128,"column":0},"end":{"line":128,"column":5}},"128":{"start":{"line":129,"column":0},"end":{"line":129,"column":3}},"129":{"start":{"line":130,"column":0},"end":{"line":130,"column":0}},"130":{"start":{"line":131,"column":0},"end":{"line":131,"column":24}},"131":{"start":{"line":132,"column":0},"end":{"line":132,"column":22}},"132":{"start":{"line":133,"column":0},"end":{"line":133,"column":21}},"133":{"start":{"line":134,"column":0},"end":{"line":134,"column":33}},"134":{"start":{"line":135,"column":0},"end":{"line":135,"column":79}},"135":{"start":{"line":136,"column":0},"end":{"line":136,"column":51}},"136":{"start":{"line":137,"column":0},"end":{"line":137,"column":7}},"137":{"start":{"line":138,"column":0},"end":{"line":138,"column":16}},"138":{"start":{"line":139,"column":0},"end":{"line":139,"column":3}},"139":{"start":{"line":140,"column":0},"end":{"line":140,"column":0}},"140":{"start":{"line":141,"column":0},"end":{"line":141,"column":27}},"141":{"start":{"line":142,"column":0},"end":{"line":142,"column":67}},"142":{"start":{"line":143,"column":0},"end":{"line":143,"column":47}},"143":{"start":{"line":144,"column":0},"end":{"line":144,"column":7}},"144":{"start":{"line":145,"column":0},"end":{"line":145,"column":3}},"145":{"start":{"line":146,"column":0},"end":{"line":146,"column":0}},"146":{"start":{"line":147,"column":0},"end":{"line":147,"column":33}},"147":{"start":{"line":148,"column":0},"end":{"line":148,"column":61}},"148":{"start":{"line":149,"column":0},"end":{"line":149,"column":69}},"149":{"start":{"line":150,"column":0},"end":{"line":150,"column":69}},"150":{"start":{"line":151,"column":0},"end":{"line":151,"column":65}},"151":{"start":{"line":152,"column":0},"end":{"line":152,"column":0}},"152":{"start":{"line":153,"column":0},"end":{"line":153,"column":63}},"153":{"start":{"line":154,"column":0},"end":{"line":154,"column":87}},"154":{"start":{"line":155,"column":0},"end":{"line":155,"column":22}},"155":{"start":{"line":156,"column":0},"end":{"line":156,"column":54}},"156":{"start":{"line":157,"column":0},"end":{"line":157,"column":5}},"157":{"start":{"line":158,"column":0},"end":{"line":158,"column":3}},"158":{"start":{"line":159,"column":0},"end":{"line":159,"column":0}},"159":{"start":{"line":160,"column":0},"end":{"line":160,"column":32}},"160":{"start":{"line":161,"column":0},"end":{"line":161,"column":42}},"161":{"start":{"line":162,"column":0},"end":{"line":162,"column":56}},"162":{"start":{"line":163,"column":0},"end":{"line":163,"column":10}},"163":{"start":{"line":164,"column":0},"end":{"line":164,"column":11}},"164":{"start":{"line":165,"column":0},"end":{"line":165,"column":3}},"165":{"start":{"line":166,"column":0},"end":{"line":166,"column":0}},"166":{"start":{"line":167,"column":0},"end":{"line":167,"column":5}}},"s":{"0":1,"1":1,"2":1,"3":1,"4":1,"5":1,"6":30,"7":30,"8":30,"9":30,"10":30,"11":30,"12":30,"13":30,"14":30,"15":30,"16":30,"17":30,"18":30,"19":30,"20":30,"21":30,"22":30,"23":30,"24":30,"25":30,"26":30,"27":30,"28":30,"29":30,"30":30,"31":30,"32":30,"33":29,"34":29,"35":28,"36":28,"37":28,"38":59,"39":59,"40":59,"41":59,"42":59,"43":59,"44":59,"45":59,"46":28,"47":28,"48":30,"49":30,"50":54,"51":54,"52":54,"53":54,"54":54,"55":54,"56":54,"57":54,"58":54,"59":54,"60":54,"61":222,"62":54,"63":54,"64":54,"65":54,"66":51,"67":14,"68":51,"69":37,"70":37,"71":54,"72":54,"73":30,"74":30,"75":42,"76":42,"77":42,"78":42,"79":42,"80":42,"81":42,"82":42,"83":42,"84":42,"85":42,"86":30,"87":30,"88":2,"89":2,"90":30,"91":30,"92":14,"93":14,"94":14,"95":14,"96":14,"97":14,"98":14,"99":14,"100":14,"101":14,"102":14,"103":14,"104":14,"105":14,"106":14,"107":14,"108":14,"109":14,"110":14,"111":14,"112":14,"113":14,"114":14,"115":14,"116":14,"117":14,"118":14,"119":14,"120":14,"121":14,"122":1,"123":1,"124":1,"125":1,"126":1,"127":1,"128":14,"129":30,"130":30,"131":3,"132":3,"133":3,"134":3,"135":9,"136":3,"137":3,"138":3,"139":30,"140":30,"141":56,"142":224,"143":56,"144":56,"145":30,"146":30,"147":42,"148":42,"149":42,"150":42,"151":42,"152":42,"153":42,"154":42,"155":42,"156":42,"157":42,"158":30,"159":30,"160":30,"161":1,"162":30,"163":29,"164":29,"165":30,"166":1},"branchMap":{"0":{"type":"branch","line":6,"loc":{"start":{"line":6,"column":1},"end":{"line":167,"column":3}},"locations":[{"start":{"line":6,"column":1},"end":{"line":167,"column":3}}]},"1":{"type":"branch","line":161,"loc":{"start":{"line":161,"column":41},"end":{"line":163,"column":3}},"locations":[{"start":{"line":161,"column":41},"end":{"line":163,"column":3}}]},"2":{"type":"branch","line":163,"loc":{"start":{"line":163,"column":3},"end":{"line":165,"column":3}},"locations":[{"start":{"line":163,"column":3},"end":{"line":165,"column":3}}]},"3":{"type":"branch","line":33,"loc":{"start":{"line":33,"column":2},"end":{"line":48,"column":3}},"locations":[{"start":{"line":33,"column":2},"end":{"line":48,"column":3}}]},"4":{"type":"branch","line":35,"loc":{"start":{"line":35,"column":20},"end":{"line":35,"column":27}},"locations":[{"start":{"line":35,"column":20},"end":{"line":35,"column":27}}]},"5":{"type":"branch","line":35,"loc":{"start":{"line":35,"column":20},"end":{"line":48,"column":3}},"locations":[{"start":{"line":35,"column":20},"end":{"line":48,"column":3}}]},"6":{"type":"branch","line":38,"loc":{"start":{"line":38,"column":40},"end":{"line":47,"column":5}},"locations":[{"start":{"line":38,"column":40},"end":{"line":47,"column":5}}]},"7":{"type":"branch","line":40,"loc":{"start":{"line":40,"column":15},"end":{"line":40,"column":33}},"locations":[{"start":{"line":40,"column":15},"end":{"line":40,"column":33}}]},"8":{"type":"branch","line":43,"loc":{"start":{"line":43,"column":19},"end":{"line":43,"column":66}},"locations":[{"start":{"line":43,"column":19},"end":{"line":43,"column":66}}]},"9":{"type":"branch","line":46,"loc":{"start":{"line":46,"column":22},"end":{"line":46,"column":34}},"locations":[{"start":{"line":46,"column":22},"end":{"line":46,"column":34}}]},"10":{"type":"branch","line":50,"loc":{"start":{"line":50,"column":2},"end":{"line":73,"column":3}},"locations":[{"start":{"line":50,"column":2},"end":{"line":73,"column":3}}]},"11":{"type":"branch","line":55,"loc":{"start":{"line":55,"column":27},"end":{"line":55,"column":52}},"locations":[{"start":{"line":55,"column":27},"end":{"line":55,"column":52}}]},"12":{"type":"branch","line":56,"loc":{"start":{"line":56,"column":27},"end":{"line":56,"column":52}},"locations":[{"start":{"line":56,"column":27},"end":{"line":56,"column":52}}]},"13":{"type":"branch","line":57,"loc":{"start":{"line":57,"column":27},"end":{"line":57,"column":52}},"locations":[{"start":{"line":57,"column":27},"end":{"line":57,"column":52}}]},"14":{"type":"branch","line":61,"loc":{"start":{"line":61,"column":49},"end":{"line":63,"column":7}},"locations":[{"start":{"line":61,"column":49},"end":{"line":63,"column":7}}]},"15":{"type":"branch","line":66,"loc":{"start":{"line":66,"column":15},"end":{"line":72,"column":5}},"locations":[{"start":{"line":66,"column":15},"end":{"line":72,"column":5}}]},"16":{"type":"branch","line":67,"loc":{"start":{"line":67,"column":31},"end":{"line":69,"column":7}},"locations":[{"start":{"line":67,"column":31},"end":{"line":69,"column":7}}]},"17":{"type":"branch","line":69,"loc":{"start":{"line":69,"column":7},"end":{"line":71,"column":7}},"locations":[{"start":{"line":69,"column":7},"end":{"line":71,"column":7}}]},"18":{"type":"branch","line":75,"loc":{"start":{"line":75,"column":2},"end":{"line":86,"column":3}},"locations":[{"start":{"line":75,"column":2},"end":{"line":86,"column":3}}]},"19":{"type":"branch","line":88,"loc":{"start":{"line":88,"column":2},"end":{"line":90,"column":3}},"locations":[{"start":{"line":88,"column":2},"end":{"line":90,"column":3}}]},"20":{"type":"branch","line":92,"loc":{"start":{"line":92,"column":2},"end":{"line":129,"column":3}},"locations":[{"start":{"line":92,"column":2},"end":{"line":129,"column":3}}]},"21":{"type":"branch","line":100,"loc":{"start":{"line":100,"column":45},"end":{"line":100,"column":67}},"locations":[{"start":{"line":100,"column":45},"end":{"line":100,"column":67}}]},"22":{"type":"branch","line":102,"loc":{"start":{"line":102,"column":35},"end":{"line":102,"column":74}},"locations":[{"start":{"line":102,"column":35},"end":{"line":102,"column":74}}]},"23":{"type":"branch","line":103,"loc":{"start":{"line":103,"column":35},"end":{"line":103,"column":75}},"locations":[{"start":{"line":103,"column":35},"end":{"line":103,"column":75}}]},"24":{"type":"branch","line":104,"loc":{"start":{"line":104,"column":38},"end":{"line":104,"column":63}},"locations":[{"start":{"line":104,"column":38},"end":{"line":104,"column":63}}]},"25":{"type":"branch","line":104,"loc":{"start":{"line":104,"column":63},"end":{"line":104,"column":68}},"locations":[{"start":{"line":104,"column":63},"end":{"line":104,"column":68}}]},"26":{"type":"branch","line":108,"loc":{"start":{"line":108,"column":46},"end":{"line":108,"column":66}},"locations":[{"start":{"line":108,"column":46},"end":{"line":108,"column":66}}]},"27":{"type":"branch","line":122,"loc":{"start":{"line":122,"column":36},"end":{"line":128,"column":5}},"locations":[{"start":{"line":122,"column":36},"end":{"line":128,"column":5}}]},"28":{"type":"branch","line":124,"loc":{"start":{"line":124,"column":34},"end":{"line":124,"column":43}},"locations":[{"start":{"line":124,"column":34},"end":{"line":124,"column":43}}]},"29":{"type":"branch","line":125,"loc":{"start":{"line":125,"column":37},"end":{"line":125,"column":43}},"locations":[{"start":{"line":125,"column":37},"end":{"line":125,"column":43}}]},"30":{"type":"branch","line":126,"loc":{"start":{"line":126,"column":36},"end":{"line":126,"column":43}},"locations":[{"start":{"line":126,"column":36},"end":{"line":126,"column":43}}]},"31":{"type":"branch","line":131,"loc":{"start":{"line":131,"column":2},"end":{"line":139,"column":3}},"locations":[{"start":{"line":131,"column":2},"end":{"line":139,"column":3}}]},"32":{"type":"branch","line":135,"loc":{"start":{"line":135,"column":65},"end":{"line":137,"column":5}},"locations":[{"start":{"line":135,"column":65},"end":{"line":137,"column":5}}]},"33":{"type":"branch","line":141,"loc":{"start":{"line":141,"column":2},"end":{"line":145,"column":3}},"locations":[{"start":{"line":141,"column":2},"end":{"line":145,"column":3}}]},"34":{"type":"branch","line":142,"loc":{"start":{"line":142,"column":53},"end":{"line":144,"column":5}},"locations":[{"start":{"line":142,"column":53},"end":{"line":144,"column":5}}]},"35":{"type":"branch","line":147,"loc":{"start":{"line":147,"column":2},"end":{"line":158,"column":3}},"locations":[{"start":{"line":147,"column":2},"end":{"line":158,"column":3}}]}},"b":{"0":[30],"1":[1],"2":[29],"3":[29],"4":[1],"5":[28],"6":[59],"7":[54],"8":[2],"9":[3],"10":[54],"11":[25],"12":[15],"13":[14],"14":[222],"15":[51],"16":[14],"17":[37],"18":[42],"19":[2],"20":[14],"21":[1],"22":[5],"23":[2],"24":[7],"25":[7],"26":[1],"27":[1],"28":[0],"29":[0],"30":[0],"31":[3],"32":[9],"33":[56],"34":[224],"35":[42]},"fnMap":{"0":{"name":"init","decl":{"start":{"line":33,"column":2},"end":{"line":48,"column":3}},"loc":{"start":{"line":33,"column":2},"end":{"line":48,"column":3}},"line":33},"1":{"name":"handleOption","decl":{"start":{"line":50,"column":2},"end":{"line":73,"column":3}},"loc":{"start":{"line":50,"column":2},"end":{"line":73,"column":3}},"line":50},"2":{"name":"goToStep","decl":{"start":{"line":75,"column":2},"end":{"line":86,"column":3}},"loc":{"start":{"line":75,"column":2},"end":{"line":86,"column":3}},"line":75},"3":{"name":"handleBack","decl":{"start":{"line":88,"column":2},"end":{"line":90,"column":3}},"loc":{"start":{"line":88,"column":2},"end":{"line":90,"column":3}},"line":88},"4":{"name":"showResult","decl":{"start":{"line":92,"column":2},"end":{"line":129,"column":3}},"loc":{"start":{"line":92,"column":2},"end":{"line":129,"column":3}},"line":92},"5":{"name":"resetQuiz","decl":{"start":{"line":131,"column":2},"end":{"line":139,"column":3}},"loc":{"start":{"line":131,"column":2},"end":{"line":139,"column":3}},"line":131},"6":{"name":"hideAllSteps","decl":{"start":{"line":141,"column":2},"end":{"line":145,"column":3}},"loc":{"start":{"line":141,"column":2},"end":{"line":145,"column":3}},"line":141},"7":{"name":"updateProgress","decl":{"start":{"line":147,"column":2},"end":{"line":158,"column":3}},"loc":{"start":{"line":147,"column":2},"end":{"line":158,"column":3}},"line":147}},"f":{"0":29,"1":54,"2":42,"3":2,"4":14,"5":3,"6":56,"7":42}}
,"/home/runner/work/-Fixytrixy-.github.io/-Fixytrixy-.github.io/scripts/amazon-product-importer.js": {"path":"/home/runner/work/-Fixytrixy-.github.io/-Fixytrixy-.github.io/scripts/amazon-product-importer.js","all":false,"statementMap":{"0":{"start":{"line":1,"column":0},"end":{"line":1,"column":0}},"1":{"start":{"line":2,"column":0},"end":{"line":2,"column":3}},"2":{"start":{"line":3,"column":0},"end":{"line":3,"column":39}},"3":{"start":{"line":4,"column":0},"end":{"line":4,"column":40}},"4":{"start":{"line":5,"column":0},"end":{"line":5,"column":59}},"5":{"start":{"line":6,"column":0},"end":{"line":6,"column":54}},"6":{"start":{"line":7,"column":0},"end":{"line":7,"column":2}},"7":{"start":{"line":8,"column":0},"end":{"line":8,"column":20}},"8":{"start":{"line":9,"column":0},"end":{"line":9,"column":2}},"9":{"start":{"line":10,"column":0},"end":{"line":10,"column":14}},"10":{"start":{"line":11,"column":0},"end":{"line":11,"column":48}},"11":{"start":{"line":12,"column":0},"end":{"line":12,"column":44}},"12":{"start":{"line":13,"column":0},"end":{"line":13,"column":2}},"13":{"start":{"line":14,"column":0},"end":{"line":14,"column":36}},"14":{"start":{"line":15,"column":0},"end":{"line":15,"column":57}},"15":{"start":{"line":16,"column":0},"end":{"line":16,"column":50}},"16":{"start":{"line":17,"column":0},"end":{"line":17,"column":52}},"17":{"start":{"line":18,"column":0},"end":{"line":18,"column":52}},"18":{"start":{"line":19,"column":0},"end":{"line":19,"column":57}},"19":{"start":{"line":20,"column":0},"end":{"line":20,"column":3}},"20":{"start":{"line":21,"column":0},"end":{"line":21,"column":0}},"21":{"start":{"line":22,"column":0},"end":{"line":22,"column":13}},"22":{"start":{"line":23,"column":0},"end":{"line":23,"column":0}},"23":{"start":{"line":24,"column":0},"end":{"line":24,"column":32}},"24":{"start":{"line":25,"column":0},"end":{"line":25,"column":33}},"25":{"start":{"line":26,"column":0},"end":{"line":26,"column":29}},"26":{"start":{"line":27,"column":0},"end":{"line":27,"column":31}},"27":{"start":{"line":28,"column":0},"end":{"line":28,"column":0}},"28":{"start":{"line":29,"column":0},"end":{"line":29,"column":23}},"29":{"start":{"line":30,"column":0},"end":{"line":30,"column":20}},"30":{"start":{"line":31,"column":0},"end":{"line":31,"column":53}},"31":{"start":{"line":32,"column":0},"end":{"line":32,"column":32}},"32":{"start":{"line":33,"column":0},"end":{"line":33,"column":99}},"33":{"start":{"line":34,"column":0},"end":{"line":34,"column":20}},"34":{"start":{"line":35,"column":0},"end":{"line":35,"column":3}},"35":{"start":{"line":36,"column":0},"end":{"line":36,"column":61}},"36":{"start":{"line":37,"column":0},"end":{"line":37,"column":33}},"37":{"start":{"line":38,"column":0},"end":{"line":38,"column":32}},"38":{"start":{"line":39,"column":0},"end":{"line":39,"column":52}},"39":{"start":{"line":40,"column":0},"end":{"line":40,"column":39}},"40":{"start":{"line":41,"column":0},"end":{"line":41,"column":26}},"41":{"start":{"line":42,"column":0},"end":{"line":42,"column":47}},"42":{"start":{"line":43,"column":0},"end":{"line":43,"column":76}},"43":{"start":{"line":44,"column":0},"end":{"line":44,"column":57}},"44":{"start":{"line":45,"column":0},"end":{"line":45,"column":5}},"45":{"start":{"line":46,"column":0},"end":{"line":46,"column":1}},"46":{"start":{"line":47,"column":0},"end":{"line":47,"column":0}},"47":{"start":{"line":48,"column":0},"end":{"line":48,"column":62}},"48":{"start":{"line":49,"column":0},"end":{"line":49,"column":30}},"49":{"start":{"line":50,"column":0},"end":{"line":50,"column":12}},"50":{"start":{"line":51,"column":0},"end":{"line":51,"column":1}},"51":{"start":{"line":52,"column":0},"end":{"line":52,"column":0}},"52":{"start":{"line":53,"column":0},"end":{"line":53,"column":54}},"53":{"start":{"line":54,"column":0},"end":{"line":54,"column":57}},"54":{"start":{"line":55,"column":0},"end":{"line":55,"column":54}},"55":{"start":{"line":56,"column":0},"end":{"line":56,"column":54}},"56":{"start":{"line":57,"column":0},"end":{"line":57,"column":55}},"57":{"start":{"line":58,"column":0},"end":{"line":58,"column":67}},"58":{"start":{"line":59,"column":0},"end":{"line":59,"column":48}},"59":{"start":{"line":60,"column":0},"end":{"line":60,"column":46}},"60":{"start":{"line":61,"column":0},"end":{"line":61,"column":28}},"61":{"start":{"line":62,"column":0},"end":{"line":62,"column":27}},"62":{"start":{"line":63,"column":0},"end":{"line":63,"column":0}},"63":{"start":{"line":64,"column":0},"end":{"line":64,"column":34}},"64":{"start":{"line":65,"column":0},"end":{"line":65,"column":20}},"65":{"start":{"line":66,"column":0},"end":{"line":66,"column":123}},"66":{"start":{"line":67,"column":0},"end":{"line":67,"column":123}},"67":{"start":{"line":68,"column":0},"end":{"line":68,"column":123}},"68":{"start":{"line":69,"column":0},"end":{"line":69,"column":123}},"69":{"start":{"line":70,"column":0},"end":{"line":70,"column":123}},"70":{"start":{"line":71,"column":0},"end":{"line":71,"column":122}},"71":{"start":{"line":72,"column":0},"end":{"line":72,"column":2}},"72":{"start":{"line":73,"column":0},"end":{"line":73,"column":0}},"73":{"start":{"line":74,"column":0},"end":{"line":74,"column":59}},"74":{"start":{"line":75,"column":0},"end":{"line":75,"column":25}},"75":{"start":{"line":76,"column":0},"end":{"line":76,"column":71}},"76":{"start":{"line":77,"column":0},"end":{"line":77,"column":1}},"77":{"start":{"line":78,"column":0},"end":{"line":78,"column":0}},"78":{"start":{"line":79,"column":0},"end":{"line":79,"column":55}},"79":{"start":{"line":80,"column":0},"end":{"line":80,"column":47}},"80":{"start":{"line":81,"column":0},"end":{"line":81,"column":39}},"81":{"start":{"line":82,"column":0},"end":{"line":82,"column":42}},"82":{"start":{"line":83,"column":0},"end":{"line":83,"column":40}},"83":{"start":{"line":84,"column":0},"end":{"line":84,"column":1}},"84":{"start":{"line":85,"column":0},"end":{"line":85,"column":0}},"85":{"start":{"line":86,"column":0},"end":{"line":86,"column":51}},"86":{"start":{"line":87,"column":0},"end":{"line":87,"column":31}},"87":{"start":{"line":88,"column":0},"end":{"line":88,"column":86}},"88":{"start":{"line":89,"column":0},"end":{"line":89,"column":40}},"89":{"start":{"line":90,"column":0},"end":{"line":90,"column":44}},"90":{"start":{"line":91,"column":0},"end":{"line":91,"column":0}},"91":{"start":{"line":92,"column":0},"end":{"line":92,"column":34}},"92":{"start":{"line":93,"column":0},"end":{"line":93,"column":31}},"93":{"start":{"line":94,"column":0},"end":{"line":94,"column":18}},"94":{"start":{"line":95,"column":0},"end":{"line":95,"column":29}},"95":{"start":{"line":96,"column":0},"end":{"line":96,"column":23}},"96":{"start":{"line":97,"column":0},"end":{"line":97,"column":26}},"97":{"start":{"line":98,"column":0},"end":{"line":98,"column":30}},"98":{"start":{"line":99,"column":0},"end":{"line":99,"column":30}},"99":{"start":{"line":100,"column":0},"end":{"line":100,"column":34}},"100":{"start":{"line":101,"column":0},"end":{"line":101,"column":6}},"101":{"start":{"line":102,"column":0},"end":{"line":102,"column":28}},"102":{"start":{"line":103,"column":0},"end":{"line":103,"column":33}},"103":{"start":{"line":104,"column":0},"end":{"line":104,"column":34}},"104":{"start":{"line":105,"column":0},"end":{"line":105,"column":35}},"105":{"start":{"line":106,"column":0},"end":{"line":106,"column":38}},"106":{"start":{"line":107,"column":0},"end":{"line":107,"column":24}},"107":{"start":{"line":108,"column":0},"end":{"line":108,"column":5}},"108":{"start":{"line":109,"column":0},"end":{"line":109,"column":0}},"109":{"start":{"line":110,"column":0},"end":{"line":110,"column":80}},"110":{"start":{"line":111,"column":0},"end":{"line":111,"column":0}},"111":{"start":{"line":112,"column":0},"end":{"line":112,"column":26}},"112":{"start":{"line":113,"column":0},"end":{"line":113,"column":34}},"113":{"start":{"line":114,"column":0},"end":{"line":114,"column":54}},"114":{"start":{"line":115,"column":0},"end":{"line":115,"column":34}},"115":{"start":{"line":116,"column":0},"end":{"line":116,"column":36}},"116":{"start":{"line":117,"column":0},"end":{"line":117,"column":78}},"117":{"start":{"line":118,"column":0},"end":{"line":118,"column":0}},"118":{"start":{"line":119,"column":0},"end":{"line":119,"column":85}},"119":{"start":{"line":120,"column":0},"end":{"line":120,"column":0}},"120":{"start":{"line":121,"column":0},"end":{"line":121,"column":28}},"121":{"start":{"line":122,"column":0},"end":{"line":122,"column":28}},"122":{"start":{"line":123,"column":0},"end":{"line":123,"column":48}},"123":{"start":{"line":124,"column":0},"end":{"line":124,"column":15}},"124":{"start":{"line":125,"column":0},"end":{"line":125,"column":0}},"125":{"start":{"line":126,"column":0},"end":{"line":126,"column":88}},"126":{"start":{"line":127,"column":0},"end":{"line":127,"column":24}},"127":{"start":{"line":128,"column":0},"end":{"line":128,"column":49}},"128":{"start":{"line":129,"column":0},"end":{"line":129,"column":70}},"129":{"start":{"line":130,"column":0},"end":{"line":130,"column":15}},"130":{"start":{"line":131,"column":0},"end":{"line":131,"column":0}},"131":{"start":{"line":132,"column":0},"end":{"line":132,"column":85}},"132":{"start":{"line":133,"column":0},"end":{"line":133,"column":96}},"133":{"start":{"line":134,"column":0},"end":{"line":134,"column":0}},"134":{"start":{"line":135,"column":0},"end":{"line":135,"column":20}},"135":{"start":{"line":136,"column":0},"end":{"line":136,"column":76}},"136":{"start":{"line":137,"column":0},"end":{"line":137,"column":68}},"137":{"start":{"line":138,"column":0},"end":{"line":138,"column":0}},"138":{"start":{"line":139,"column":0},"end":{"line":139,"column":10}},"139":{"start":{"line":140,"column":0},"end":{"line":140,"column":26}},"140":{"start":{"line":141,"column":0},"end":{"line":141,"column":26}},"141":{"start":{"line":142,"column":0},"end":{"line":142,"column":21}},"142":{"start":{"line":143,"column":0},"end":{"line":143,"column":14}},"143":{"start":{"line":144,"column":0},"end":{"line":144,"column":36}},"144":{"start":{"line":145,"column":0},"end":{"line":145,"column":60}},"145":{"start":{"line":146,"column":0},"end":{"line":146,"column":38}},"146":{"start":{"line":147,"column":0},"end":{"line":147,"column":34}},"147":{"start":{"line":148,"column":0},"end":{"line":148,"column":85}},"148":{"start":{"line":149,"column":0},"end":{"line":149,"column":37}},"149":{"start":{"line":150,"column":0},"end":{"line":150,"column":52}},"150":{"start":{"line":151,"column":0},"end":{"line":151,"column":6}},"151":{"start":{"line":152,"column":0},"end":{"line":152,"column":17}},"152":{"start":{"line":153,"column":0},"end":{"line":153,"column":4}},"153":{"start":{"line":154,"column":0},"end":{"line":154,"column":1}},"154":{"start":{"line":155,"column":0},"end":{"line":155,"column":0}},"155":{"start":{"line":156,"column":0},"end":{"line":156,"column":35}},"156":{"start":{"line":157,"column":0},"end":{"line":157,"column":38}},"157":{"start":{"line":158,"column":0},"end":{"line":158,"column":49}},"158":{"start":{"line":159,"column":0},"end":{"line":159,"column":55}},"159":{"start":{"line":160,"column":0},"end":{"line":160,"column":20}},"160":{"start":{"line":161,"column":0},"end":{"line":161,"column":58}},"161":{"start":{"line":162,"column":0},"end":{"line":162,"column":33}},"162":{"start":{"line":163,"column":0},"end":{"line":163,"column":42}},"163":{"start":{"line":164,"column":0},"end":{"line":164,"column":83}},"164":{"start":{"line":165,"column":0},"end":{"line":165,"column":9}},"165":{"start":{"line":166,"column":0},"end":{"line":166,"column":7}},"166":{"start":{"line":167,"column":0},"end":{"line":167,"column":28}},"167":{"start":{"line":168,"column":0},"end":{"line":168,"column":30}},"168":{"start":{"line":169,"column":0},"end":{"line":169,"column":14}},"169":{"start":{"line":170,"column":0},"end":{"line":170,"column":5}},"170":{"start":{"line":171,"column":0},"end":{"line":171,"column":1}},"171":{"start":{"line":172,"column":0},"end":{"line":172,"column":0}},"172":{"start":{"line":173,"column":0},"end":{"line":173,"column":36}},"173":{"start":{"line":174,"column":0},"end":{"line":174,"column":59}},"174":{"start":{"line":175,"column":0},"end":{"line":175,"column":55}},"175":{"start":{"line":176,"column":0},"end":{"line":176,"column":48}},"176":{"start":{"line":177,"column":0},"end":{"line":177,"column":7}},"177":{"start":{"line":178,"column":0},"end":{"line":178,"column":53}},"178":{"start":{"line":179,"column":0},"end":{"line":179,"column":70}},"179":{"start":{"line":180,"column":0},"end":{"line":180,"column":61}},"180":{"start":{"line":181,"column":0},"end":{"line":181,"column":77}},"181":{"start":{"line":182,"column":0},"end":{"line":182,"column":64}},"182":{"start":{"line":183,"column":0},"end":{"line":183,"column":72}},"183":{"start":{"line":184,"column":0},"end":{"line":184,"column":55}},"184":{"start":{"line":185,"column":0},"end":{"line":185,"column":60}},"185":{"start":{"line":186,"column":0},"end":{"line":186,"column":7}},"186":{"start":{"line":187,"column":0},"end":{"line":187,"column":17}},"187":{"start":{"line":188,"column":0},"end":{"line":188,"column":51}},"188":{"start":{"line":189,"column":0},"end":{"line":189,"column":14}},"189":{"start":{"line":190,"column":0},"end":{"line":190,"column":3}},"190":{"start":{"line":191,"column":0},"end":{"line":191,"column":1}},"191":{"start":{"line":192,"column":0},"end":{"line":192,"column":0}},"192":{"start":{"line":193,"column":0},"end":{"line":193,"column":33}},"193":{"start":{"line":194,"column":0},"end":{"line":194,"column":49}},"194":{"start":{"line":195,"column":0},"end":{"line":195,"column":53}},"195":{"start":{"line":196,"column":0},"end":{"line":196,"column":19}},"196":{"start":{"line":197,"column":0},"end":{"line":197,"column":28}},"197":{"start":{"line":198,"column":0},"end":{"line":198,"column":46}},"198":{"start":{"line":199,"column":0},"end":{"line":199,"column":21}},"199":{"start":{"line":200,"column":0},"end":{"line":200,"column":14}},"200":{"start":{"line":201,"column":0},"end":{"line":201,"column":49}},"201":{"start":{"line":202,"column":0},"end":{"line":202,"column":45}},"202":{"start":{"line":203,"column":0},"end":{"line":203,"column":5}},"203":{"start":{"line":204,"column":0},"end":{"line":204,"column":4}},"204":{"start":{"line":205,"column":0},"end":{"line":205,"column":78}},"205":{"start":{"line":206,"column":0},"end":{"line":206,"column":40}},"206":{"start":{"line":207,"column":0},"end":{"line":207,"column":1}},"207":{"start":{"line":208,"column":0},"end":{"line":208,"column":0}},"208":{"start":{"line":209,"column":0},"end":{"line":209,"column":61}},"209":{"start":{"line":210,"column":0},"end":{"line":210,"column":88}},"210":{"start":{"line":211,"column":0},"end":{"line":211,"column":70}},"211":{"start":{"line":212,"column":0},"end":{"line":212,"column":41}},"212":{"start":{"line":213,"column":0},"end":{"line":213,"column":3}},"213":{"start":{"line":214,"column":0},"end":{"line":214,"column":72}},"214":{"start":{"line":215,"column":0},"end":{"line":215,"column":81}},"215":{"start":{"line":216,"column":0},"end":{"line":216,"column":5}},"216":{"start":{"line":217,"column":0},"end":{"line":217,"column":30}},"217":{"start":{"line":218,"column":0},"end":{"line":218,"column":52}},"218":{"start":{"line":219,"column":0},"end":{"line":219,"column":36}},"219":{"start":{"line":220,"column":0},"end":{"line":220,"column":3}},"220":{"start":{"line":221,"column":0},"end":{"line":221,"column":59}},"221":{"start":{"line":222,"column":0},"end":{"line":222,"column":1}},"222":{"start":{"line":223,"column":0},"end":{"line":223,"column":0}},"223":{"start":{"line":224,"column":0},"end":{"line":224,"column":56}},"224":{"start":{"line":225,"column":0},"end":{"line":225,"column":61}},"225":{"start":{"line":226,"column":0},"end":{"line":226,"column":102}},"226":{"start":{"line":227,"column":0},"end":{"line":227,"column":58}},"227":{"start":{"line":228,"column":0},"end":{"line":228,"column":103}},"228":{"start":{"line":229,"column":0},"end":{"line":229,"column":49}},"229":{"start":{"line":230,"column":0},"end":{"line":230,"column":50}},"230":{"start":{"line":231,"column":0},"end":{"line":231,"column":54}},"231":{"start":{"line":232,"column":0},"end":{"line":232,"column":110}},"232":{"start":{"line":233,"column":0},"end":{"line":233,"column":0}},"233":{"start":{"line":234,"column":0},"end":{"line":234,"column":26}},"234":{"start":{"line":235,"column":0},"end":{"line":235,"column":14}},"235":{"start":{"line":236,"column":0},"end":{"line":236,"column":12}},"236":{"start":{"line":237,"column":0},"end":{"line":237,"column":31}},"237":{"start":{"line":238,"column":0},"end":{"line":238,"column":32}},"238":{"start":{"line":239,"column":0},"end":{"line":239,"column":32}},"239":{"start":{"line":240,"column":0},"end":{"line":240,"column":28}},"240":{"start":{"line":241,"column":0},"end":{"line":241,"column":18}},"241":{"start":{"line":242,"column":0},"end":{"line":242,"column":49}},"242":{"start":{"line":243,"column":0},"end":{"line":243,"column":32}},"243":{"start":{"line":244,"column":0},"end":{"line":244,"column":24}},"244":{"start":{"line":245,"column":0},"end":{"line":245,"column":8}},"245":{"start":{"line":246,"column":0},"end":{"line":246,"column":5}},"246":{"start":{"line":247,"column":0},"end":{"line":247,"column":4}},"247":{"start":{"line":248,"column":0},"end":{"line":248,"column":0}},"248":{"start":{"line":249,"column":0},"end":{"line":249,"column":17}},"249":{"start":{"line":250,"column":0},"end":{"line":250,"column":56}},"250":{"start":{"line":251,"column":0},"end":{"line":251,"column":3}},"251":{"start":{"line":252,"column":0},"end":{"line":252,"column":0}},"252":{"start":{"line":253,"column":0},"end":{"line":253,"column":77}},"253":{"start":{"line":254,"column":0},"end":{"line":254,"column":67}},"254":{"start":{"line":255,"column":0},"end":{"line":255,"column":0}},"255":{"start":{"line":256,"column":0},"end":{"line":256,"column":25}},"256":{"start":{"line":257,"column":0},"end":{"line":257,"column":50}},"257":{"start":{"line":258,"column":0},"end":{"line":258,"column":72}},"258":{"start":{"line":259,"column":0},"end":{"line":259,"column":5}},"259":{"start":{"line":260,"column":0},"end":{"line":260,"column":0}},"260":{"start":{"line":261,"column":0},"end":{"line":261,"column":21}},"261":{"start":{"line":262,"column":0},"end":{"line":262,"column":1}},"262":{"start":{"line":263,"column":0},"end":{"line":263,"column":0}},"263":{"start":{"line":264,"column":0},"end":{"line":264,"column":18}},"264":{"start":{"line":265,"column":0},"end":{"line":265,"column":23}},"265":{"start":{"line":266,"column":0},"end":{"line":266,"column":59}},"266":{"start":{"line":267,"column":0},"end":{"line":267,"column":43}},"267":{"start":{"line":268,"column":0},"end":{"line":268,"column":73}},"268":{"start":{"line":269,"column":0},"end":{"line":269,"column":0}},"269":{"start":{"line":270,"column":0},"end":{"line":270,"column":41}},"270":{"start":{"line":271,"column":0},"end":{"line":271,"column":91}},"271":{"start":{"line":272,"column":0},"end":{"line":272,"column":20}},"272":{"start":{"line":273,"column":0},"end":{"line":273,"column":3}},"273":{"start":{"line":274,"column":0},"end":{"line":274,"column":57}},"274":{"start":{"line":275,"column":0},"end":{"line":275,"column":108}},"275":{"start":{"line":276,"column":0},"end":{"line":276,"column":20}},"276":{"start":{"line":277,"column":0},"end":{"line":277,"column":3}},"277":{"start":{"line":278,"column":0},"end":{"line":278,"column":0}},"278":{"start":{"line":279,"column":0},"end":{"line":279,"column":24}},"279":{"start":{"line":280,"column":0},"end":{"line":280,"column":0}},"280":{"start":{"line":281,"column":0},"end":{"line":281,"column":33}},"281":{"start":{"line":282,"column":0},"end":{"line":282,"column":53}},"282":{"start":{"line":283,"column":0},"end":{"line":283,"column":9}},"283":{"start":{"line":284,"column":0},"end":{"line":284,"column":122}},"284":{"start":{"line":285,"column":0},"end":{"line":285,"column":80}},"285":{"start":{"line":286,"column":0},"end":{"line":286,"column":90}},"286":{"start":{"line":287,"column":0},"end":{"line":287,"column":135}},"287":{"start":{"line":288,"column":0},"end":{"line":288,"column":0}},"288":{"start":{"line":289,"column":0},"end":{"line":289,"column":33}},"289":{"start":{"line":290,"column":0},"end":{"line":290,"column":13}},"290":{"start":{"line":291,"column":0},"end":{"line":291,"column":66}},"291":{"start":{"line":292,"column":0},"end":{"line":292,"column":58}},"292":{"start":{"line":293,"column":0},"end":{"line":293,"column":26}},"293":{"start":{"line":294,"column":0},"end":{"line":294,"column":62}},"294":{"start":{"line":295,"column":0},"end":{"line":295,"column":66}},"295":{"start":{"line":296,"column":0},"end":{"line":296,"column":23}},"296":{"start":{"line":297,"column":0},"end":{"line":297,"column":75}},"297":{"start":{"line":298,"column":0},"end":{"line":298,"column":9}},"298":{"start":{"line":299,"column":0},"end":{"line":299,"column":7}},"299":{"start":{"line":300,"column":0},"end":{"line":300,"column":19}},"300":{"start":{"line":301,"column":0},"end":{"line":301,"column":85}},"301":{"start":{"line":302,"column":0},"end":{"line":302,"column":5}},"302":{"start":{"line":303,"column":0},"end":{"line":303,"column":20}},"303":{"start":{"line":304,"column":0},"end":{"line":304,"column":3}},"304":{"start":{"line":305,"column":0},"end":{"line":305,"column":0}},"305":{"start":{"line":306,"column":0},"end":{"line":306,"column":85}},"306":{"start":{"line":307,"column":0},"end":{"line":307,"column":1}},"307":{"start":{"line":308,"column":0},"end":{"line":308,"column":0}},"308":{"start":{"line":309,"column":0},"end":{"line":309,"column":30}},"309":{"start":{"line":310,"column":0},"end":{"line":310,"column":31}},"310":{"start":{"line":311,"column":0},"end":{"line":311,"column":39}},"311":{"start":{"line":312,"column":0},"end":{"line":312,"column":20}},"312":{"start":{"line":313,"column":0},"end":{"line":313,"column":5}},"313":{"start":{"line":314,"column":0},"end":{"line":314,"column":1}},"314":{"start":{"line":315,"column":0},"end":{"line":315,"column":0}},"315":{"start":{"line":316,"column":0},"end":{"line":316,"column":35}},"316":{"start":{"line":317,"column":0},"end":{"line":317,"column":18}},"317":{"start":{"line":318,"column":0},"end":{"line":318,"column":7}},"318":{"start":{"line":319,"column":0},"end":{"line":319,"column":16}},"319":{"start":{"line":320,"column":0},"end":{"line":320,"column":21}},"320":{"start":{"line":321,"column":0},"end":{"line":321,"column":10}},"321":{"start":{"line":322,"column":0},"end":{"line":322,"column":15}},"322":{"start":{"line":323,"column":0},"end":{"line":323,"column":23}},"323":{"start":{"line":324,"column":0},"end":{"line":324,"column":17}},"324":{"start":{"line":325,"column":0},"end":{"line":325,"column":19}},"325":{"start":{"line":326,"column":0},"end":{"line":326,"column":16}},"326":{"start":{"line":327,"column":0},"end":{"line":327,"column":26}},"327":{"start":{"line":328,"column":0},"end":{"line":328,"column":27}},"328":{"start":{"line":329,"column":0},"end":{"line":329,"column":27}},"329":{"start":{"line":330,"column":0},"end":{"line":330,"column":2}}},"s":{"0":1,"1":1,"2":1,"3":1,"4":1,"5":1,"6":1,"7":1,"8":1,"9":1,"10":1,"11":1,"12":1,"13":1,"14":1,"15":1,"16":1,"17":1,"18":1,"19":1,"20":1,"21":1,"22":1,"23":1,"24":1,"25":1,"26":1,"27":1,"28":1,"29":5,"30":5,"31":5,"32":1,"33":1,"34":1,"35":5,"36":5,"37":14,"38":14,"39":7,"40":14,"41":7,"42":7,"43":14,"44":5,"45":5,"46":1,"47":1,"48":1,"49":0,"50":0,"51":1,"52":1,"53":1,"54":1,"55":1,"56":1,"57":1,"58":1,"59":1,"60":1,"61":1,"62":1,"63":1,"64":1,"65":1,"66":1,"67":1,"68":1,"69":1,"70":1,"71":1,"72":1,"73":1,"74":74,"75":74,"76":74,"77":1,"78":18,"79":18,"80":18,"81":18,"82":18,"83":18,"84":1,"85":11,"86":11,"87":11,"88":11,"89":11,"90":11,"91":11,"92":11,"93":11,"94":11,"95":11,"96":11,"97":11,"98":11,"99":11,"100":11,"101":11,"102":11,"103":11,"104":11,"105":11,"106":11,"107":11,"108":11,"109":11,"110":11,"111":11,"112":11,"113":11,"114":11,"115":11,"116":11,"117":11,"118":11,"119":11,"120":11,"121":11,"122":11,"123":11,"124":11,"125":11,"126":11,"127":11,"128":11,"129":11,"130":11,"131":11,"132":11,"133":11,"134":11,"135":11,"136":11,"137":11,"138":11,"139":11,"140":11,"141":11,"142":11,"143":11,"144":11,"145":11,"146":11,"147":11,"148":11,"149":11,"150":11,"151":11,"152":11,"153":11,"154":1,"155":1,"156":29,"157":29,"158":29,"159":27,"160":27,"161":27,"162":27,"163":27,"164":27,"165":29,"166":29,"167":29,"168":29,"169":29,"170":29,"171":1,"172":1,"173":6,"174":6,"175":6,"176":6,"177":6,"178":6,"179":3,"180":5,"181":5,"182":5,"183":5,"184":5,"185":3,"186":6,"187":1,"188":1,"189":1,"190":6,"191":1,"192":1,"193":18,"194":18,"195":18,"196":18,"197":18,"198":18,"199":18,"200":18,"201":18,"202":18,"203":18,"204":18,"205":18,"206":18,"207":1,"208":3,"209":3,"210":3,"211":1,"212":1,"213":2,"214":2,"215":2,"216":3,"217":1,"218":1,"219":1,"220":1,"221":1,"222":1,"223":6,"224":6,"225":6,"226":6,"227":6,"228":6,"229":6,"230":6,"231":6,"232":6,"233":6,"234":6,"235":6,"236":6,"237":6,"238":6,"239":6,"240":6,"241":6,"242":6,"243":6,"244":6,"245":6,"246":6,"247":6,"248":6,"249":5,"250":5,"251":6,"252":6,"253":6,"254":5,"255":5,"256":5,"257":5,"258":5,"259":5,"260":5,"261":5,"262":1,"263":1,"264":0,"265":0,"266":0,"267":0,"268":0,"269":0,"270":0,"271":0,"272":0,"273":0,"274":0,"275":0,"276":0,"277":0,"278":0,"279":0,"280":0,"281":0,"282":0,"283":0,"284":0,"285":0,"286":0,"287":0,"288":0,"289":0,"290":0,"291":0,"292":0,"293":0,"294":0,"295":0,"296":0,"297":0,"298":0,"299":0,"300":0,"301":0,"302":0,"303":0,"304":0,"305":0,"306":0,"307":1,"308":1,"309":0,"310":0,"311":0,"312":0,"313":0,"314":1,"315":1,"316":1,"317":1,"318":1,"319":1,"320":1,"321":1,"322":1,"323":1,"324":1,"325":1,"326":1,"327":1,"328":1,"329":1},"branchMap":{"0":{"type":"branch","line":49,"loc":{"start":{"line":49,"column":29},"end":{"line":51,"column":1}},"locations":[{"start":{"line":49,"column":29},"end":{"line":51,"column":1}}]},"1":{"type":"branch","line":58,"loc":{"start":{"line":58,"column":49},"end":{"line":58,"column":66}},"locations":[{"start":{"line":58,"column":49},"end":{"line":58,"column":66}}]},"2":{"type":"branch","line":309,"loc":{"start":{"line":309,"column":29},"end":{"line":314,"column":1}},"locations":[{"start":{"line":309,"column":29},"end":{"line":314,"column":1}}]},"3":{"type":"branch","line":30,"loc":{"start":{"line":30,"column":0},"end":{"line":46,"column":1}},"locations":[{"start":{"line":30,"column":0},"end":{"line":46,"column":1}}]},"4":{"type":"branch","line":32,"loc":{"start":{"line":32,"column":31},"end":{"line":35,"column":3}},"locations":[{"start":{"line":32,"column":31},"end":{"line":35,"column":3}}]},"5":{"type":"branch","line":37,"loc":{"start":{"line":37,"column":16},"end":{"line":45,"column":3}},"locations":[{"start":{"line":37,"column":16},"end":{"line":45,"column":3}}]},"6":{"type":"branch","line":39,"loc":{"start":{"line":39,"column":16},"end":{"line":39,"column":43}},"locations":[{"start":{"line":39,"column":16},"end":{"line":39,"column":43}}]},"7":{"type":"branch","line":39,"loc":{"start":{"line":39,"column":45},"end":{"line":41,"column":19}},"locations":[{"start":{"line":39,"column":45},"end":{"line":41,"column":19}}]},"8":{"type":"branch","line":41,"loc":{"start":{"line":41,"column":19},"end":{"line":41,"column":26}},"locations":[{"start":{"line":41,"column":19},"end":{"line":41,"column":26}}]},"9":{"type":"branch","line":41,"loc":{"start":{"line":41,"column":19},"end":{"line":44,"column":32}},"locations":[{"start":{"line":41,"column":19},"end":{"line":44,"column":32}}]},"10":{"type":"branch","line":44,"loc":{"start":{"line":44,"column":34},"end":{"line":44,"column":57}},"locations":[{"start":{"line":44,"column":34},"end":{"line":44,"column":57}}]},"11":{"type":"branch","line":75,"loc":{"start":{"line":75,"column":0},"end":{"line":77,"column":1}},"locations":[{"start":{"line":75,"column":0},"end":{"line":77,"column":1}}]},"12":{"type":"branch","line":79,"loc":{"start":{"line":79,"column":0},"end":{"line":84,"column":1}},"locations":[{"start":{"line":79,"column":0},"end":{"line":84,"column":1}}]},"13":{"type":"branch","line":86,"loc":{"start":{"line":86,"column":0},"end":{"line":154,"column":1}},"locations":[{"start":{"line":86,"column":0},"end":{"line":154,"column":1}}]},"14":{"type":"branch","line":157,"loc":{"start":{"line":157,"column":0},"end":{"line":171,"column":1}},"locations":[{"start":{"line":157,"column":0},"end":{"line":171,"column":1}}]},"15":{"type":"branch","line":158,"loc":{"start":{"line":158,"column":21},"end":{"line":170,"column":3}},"locations":[{"start":{"line":158,"column":21},"end":{"line":170,"column":3}}]},"16":{"type":"branch","line":168,"loc":{"start":{"line":168,"column":14},"end":{"line":168,"column":30}},"locations":[{"start":{"line":168,"column":14},"end":{"line":168,"column":30}}]},"17":{"type":"branch","line":159,"loc":{"start":{"line":159,"column":39},"end":{"line":166,"column":5}},"locations":[{"start":{"line":159,"column":39},"end":{"line":166,"column":5}}]},"18":{"type":"branch","line":161,"loc":{"start":{"line":161,"column":21},"end":{"line":161,"column":56}},"locations":[{"start":{"line":161,"column":21},"end":{"line":161,"column":56}}]},"19":{"type":"branch","line":162,"loc":{"start":{"line":162,"column":20},"end":{"line":165,"column":7}},"locations":[{"start":{"line":162,"column":20},"end":{"line":165,"column":7}}]},"20":{"type":"branch","line":164,"loc":{"start":{"line":164,"column":8},"end":{"line":164,"column":83}},"locations":[{"start":{"line":164,"column":8},"end":{"line":164,"column":83}}]},"21":{"type":"branch","line":174,"loc":{"start":{"line":174,"column":0},"end":{"line":191,"column":1}},"locations":[{"start":{"line":174,"column":0},"end":{"line":191,"column":1}}]},"22":{"type":"branch","line":178,"loc":{"start":{"line":178,"column":52},"end":{"line":179,"column":32}},"locations":[{"start":{"line":178,"column":52},"end":{"line":179,"column":32}}]},"23":{"type":"branch","line":179,"loc":{"start":{"line":179,"column":28},"end":{"line":179,"column":58}},"locations":[{"start":{"line":179,"column":28},"end":{"line":179,"column":58}}]},"24":{"type":"branch","line":179,"loc":{"start":{"line":179,"column":60},"end":{"line":179,"column":70}},"locations":[{"start":{"line":179,"column":60},"end":{"line":179,"column":70}}]},"25":{"type":"branch","line":179,"loc":{"start":{"line":179,"column":69},"end":{"line":187,"column":4}},"locations":[{"start":{"line":179,"column":69},"end":{"line":187,"column":4}}]},"26":{"type":"branch","line":187,"loc":{"start":{"line":187,"column":4},"end":{"line":190,"column":3}},"locations":[{"start":{"line":187,"column":4},"end":{"line":190,"column":3}}]},"27":{"type":"branch","line":180,"loc":{"start":{"line":180,"column":44},"end":{"line":186,"column":5}},"locations":[{"start":{"line":180,"column":44},"end":{"line":186,"column":5}}]},"28":{"type":"branch","line":181,"loc":{"start":{"line":181,"column":42},"end":{"line":181,"column":77}},"locations":[{"start":{"line":181,"column":42},"end":{"line":181,"column":77}}]},"29":{"type":"branch","line":182,"loc":{"start":{"line":182,"column":-1},"end":{"line":182,"column":59}},"locations":[{"start":{"line":182,"column":-1},"end":{"line":182,"column":59}}]},"30":{"type":"branch","line":182,"loc":{"start":{"line":182,"column":59},"end":{"line":182,"column":63}},"locations":[{"start":{"line":182,"column":59},"end":{"line":182,"column":63}}]},"31":{"type":"branch","line":183,"loc":{"start":{"line":183,"column":42},"end":{"line":183,"column":72}},"locations":[{"start":{"line":183,"column":42},"end":{"line":183,"column":72}}]},"32":{"type":"branch","line":184,"loc":{"start":{"line":184,"column":-1},"end":{"line":184,"column":50}},"locations":[{"start":{"line":184,"column":-1},"end":{"line":184,"column":50}}]},"33":{"type":"branch","line":184,"loc":{"start":{"line":184,"column":50},"end":{"line":184,"column":54}},"locations":[{"start":{"line":184,"column":50},"end":{"line":184,"column":54}}]},"34":{"type":"branch","line":185,"loc":{"start":{"line":185,"column":33},"end":{"line":185,"column":59}},"locations":[{"start":{"line":185,"column":33},"end":{"line":185,"column":59}}]},"35":{"type":"branch","line":194,"loc":{"start":{"line":194,"column":0},"end":{"line":207,"column":1}},"locations":[{"start":{"line":194,"column":0},"end":{"line":207,"column":1}}]},"36":{"type":"branch","line":195,"loc":{"start":{"line":195,"column":22},"end":{"line":195,"column":45}},"locations":[{"start":{"line":195,"column":22},"end":{"line":195,"column":45}}]},"37":{"type":"branch","line":195,"loc":{"start":{"line":195,"column":45},"end":{"line":195,"column":52}},"locations":[{"start":{"line":195,"column":45},"end":{"line":195,"column":52}}]},"38":{"type":"branch","line":205,"loc":{"start":{"line":205,"column":15},"end":{"line":205,"column":78}},"locations":[{"start":{"line":205,"column":15},"end":{"line":205,"column":78}}]},"39":{"type":"branch","line":209,"loc":{"start":{"line":209,"column":0},"end":{"line":222,"column":1}},"locations":[{"start":{"line":209,"column":0},"end":{"line":222,"column":1}}]},"40":{"type":"branch","line":211,"loc":{"start":{"line":211,"column":69},"end":{"line":213,"column":3}},"locations":[{"start":{"line":211,"column":69},"end":{"line":213,"column":3}}]},"41":{"type":"branch","line":213,"loc":{"start":{"line":213,"column":2},"end":{"line":217,"column":29}},"locations":[{"start":{"line":213,"column":2},"end":{"line":217,"column":29}}]},"42":{"type":"branch","line":217,"loc":{"start":{"line":217,"column":29},"end":{"line":222,"column":1}},"locations":[{"start":{"line":217,"column":29},"end":{"line":222,"column":1}}]},"43":{"type":"branch","line":224,"loc":{"start":{"line":224,"column":0},"end":{"line":262,"column":1}},"locations":[{"start":{"line":224,"column":0},"end":{"line":262,"column":1}}]},"44":{"type":"branch","line":226,"loc":{"start":{"line":226,"column":39},"end":{"line":226,"column":69}},"locations":[{"start":{"line":226,"column":39},"end":{"line":226,"column":69}}]},"45":{"type":"branch","line":226,"loc":{"start":{"line":226,"column":69},"end":{"line":226,"column":102}},"locations":[{"start":{"line":226,"column":69},"end":{"line":226,"column":102}}]},"46":{"type":"branch","line":227,"loc":{"start":{"line":227,"column":-1},"end":{"line":227,"column":48}},"locations":[{"start":{"line":227,"column":-1},"end":{"line":227,"column":48}}]},"47":{"type":"branch","line":227,"loc":{"start":{"line":227,"column":48},"end":{"line":227,"column":57}},"locations":[{"start":{"line":227,"column":48},"end":{"line":227,"column":57}}]},"48":{"type":"branch","line":228,"loc":{"start":{"line":228,"column":39},"end":{"line":228,"column":68}},"locations":[{"start":{"line":228,"column":39},"end":{"line":228,"column":68}}]},"49":{"type":"branch","line":228,"loc":{"start":{"line":228,"column":68},"end":{"line":228,"column":103}},"locations":[{"start":{"line":228,"column":68},"end":{"line":228,"column":103}}]},"50":{"type":"branch","line":229,"loc":{"start":{"line":229,"column":-1},"end":{"line":229,"column":41}},"locations":[{"start":{"line":229,"column":-1},"end":{"line":229,"column":41}}]},"51":{"type":"branch","line":229,"loc":{"start":{"line":229,"column":41},"end":{"line":229,"column":48}},"locations":[{"start":{"line":229,"column":41},"end":{"line":229,"column":48}}]},"52":{"type":"branch","line":231,"loc":{"start":{"line":231,"column":48},"end":{"line":231,"column":53}},"locations":[{"start":{"line":231,"column":48},"end":{"line":231,"column":53}}]},"53":{"type":"branch","line":249,"loc":{"start":{"line":249,"column":16},"end":{"line":251,"column":3}},"locations":[{"start":{"line":249,"column":16},"end":{"line":251,"column":3}}]},"54":{"type":"branch","line":254,"loc":{"start":{"line":254,"column":20},"end":{"line":254,"column":67}},"locations":[{"start":{"line":254,"column":20},"end":{"line":254,"column":67}}]},"55":{"type":"branch","line":254,"loc":{"start":{"line":254,"column":66},"end":{"line":262,"column":1}},"locations":[{"start":{"line":254,"column":66},"end":{"line":262,"column":1}}]},"56":{"type":"branch","line":232,"loc":{"start":{"line":232,"column":44},"end":{"line":232,"column":89}},"locations":[{"start":{"line":232,"column":44},"end":{"line":232,"column":89}}]}},"b":{"0":[0],"1":[0],"2":[0],"3":[5],"4":[1],"5":[14],"6":[8],"7":[7],"8":[0],"9":[7],"10":[6],"11":[74],"12":[18],"13":[11],"14":[29],"15":[29],"16":[21],"17":[27],"18":[27],"19":[27],"20":[1],"21":[6],"22":[5],"23":[4],"24":[2],"25":[3],"26":[1],"27":[5],"28":[4],"29":[4],"30":[1],"31":[4],"32":[4],"33":[1],"34":[3],"35":[18],"36":[14],"37":[4],"38":[14],"39":[3],"40":[1],"41":[2],"42":[1],"43":[6],"44":[5],"45":[5],"46":[5],"47":[1],"48":[5],"49":[5],"50":[5],"51":[1],"52":[0],"53":[5],"54":[1],"55":[5],"56":[12]},"fnMap":{"0":{"name":"loadEnv","decl":{"start":{"line":30,"column":0},"end":{"line":46,"column":1}},"loc":{"start":{"line":30,"column":0},"end":{"line":46,"column":1}},"line":30},"1":{"name":"sign","decl":{"start":{"line":75,"column":0},"end":{"line":77,"column":1}},"loc":{"start":{"line":75,"column":0},"end":{"line":77,"column":1}},"line":75},"2":{"name":"getSigningKey","decl":{"start":{"line":79,"column":0},"end":{"line":84,"column":1}},"loc":{"start":{"line":79,"column":0},"end":{"line":84,"column":1}},"line":79},"3":{"name":"buildAmazonRequest","decl":{"start":{"line":86,"column":0},"end":{"line":154,"column":1}},"loc":{"start":{"line":86,"column":0},"end":{"line":154,"column":1}},"line":86},"4":{"name":"httpsRequest","decl":{"start":{"line":157,"column":0},"end":{"line":171,"column":1}},"loc":{"start":{"line":157,"column":0},"end":{"line":171,"column":1}},"line":157},"5":{"name":"searchAmazonProducts","decl":{"start":{"line":174,"column":0},"end":{"line":191,"column":1}},"loc":{"start":{"line":174,"column":0},"end":{"line":191,"column":1}},"line":174},"6":{"name":"shopifyRequest","decl":{"start":{"line":194,"column":0},"end":{"line":207,"column":1}},"loc":{"start":{"line":194,"column":0},"end":{"line":207,"column":1}},"line":194},"7":{"name":"ensureCollection","decl":{"start":{"line":209,"column":0},"end":{"line":222,"column":1}},"loc":{"start":{"line":209,"column":0},"end":{"line":222,"column":1}},"line":209},"8":{"name":"createProduct","decl":{"start":{"line":224,"column":0},"end":{"line":262,"column":1}},"loc":{"start":{"line":224,"column":0},"end":{"line":262,"column":1}},"line":224},"9":{"name":"main","decl":{"start":{"line":265,"column":0},"end":{"line":307,"column":1}},"loc":{"start":{"line":265,"column":0},"end":{"line":307,"column":1}},"line":265}},"f":{"0":5,"1":74,"2":18,"3":11,"4":29,"5":6,"6":18,"7":3,"8":6,"9":0}}
}
