TN:
SF:assets/fixaotrixa-home.js
FN:21,updateCartCount
FN:40,initAddToCart
FN:47,handleCartSubmit
FN:117,initExitIntent
FN:126,showPopup
FN:134,closePopup
FN:185,initSmoothScroll
FN:201,formatPrice
FN:208,initVariantSelector
FN:218,updateVariantId
FN:274,initLazyImages
FN:280,IntersectionObserver.rootMargin
FN:293,loadImage
FN:303,fireViewItem
FN:331,boot
FNF:15
FNH:15
FNDA:86,updateCartCount
FNDA:79,initAddToCart
FNDA:18,handleCartSubmit
FNDA:79,initExitIntent
FNDA:463,showPopup
FNDA:40,closePopup
FNDA:79,initSmoothScroll
FNDA:16,formatPrice
FNDA:79,initVariantSelector
FNDA:19,updateVariantId
FNDA:79,initLazyImages
FNDA:4,IntersectionObserver.rootMargin
FNDA:3,loadImage
FNDA:79,fireViewItem
FNDA:79,boot
DA:1,1
DA:2,1
DA:3,1
DA:4,1
DA:5,1
DA:6,1
DA:7,1
DA:8,1
DA:9,1
DA:10,1
DA:11,1
DA:12,1
DA:13,1
DA:14,1
DA:15,1
DA:16,79
DA:17,79
DA:18,79
DA:19,79
DA:20,79
DA:21,79
DA:22,86
DA:23,86
DA:24,86
DA:25,85
DA:26,85
DA:27,85
DA:28,170
DA:29,170
DA:30,85
DA:31,85
DA:32,170
DA:33,86
DA:34,86
DA:35,86
DA:36,79
DA:37,79
DA:38,79
DA:39,79
DA:40,79
DA:41,79
DA:42,79
DA:43,78
DA:44,78
DA:45,79
DA:46,79
DA:47,79
DA:48,18
DA:49,18
DA:50,18
DA:51,18
DA:52,18
DA:53,9
DA:54,9
DA:55,9
DA:56,9
DA:57,9
DA:58,9
DA:59,9
DA:60,9
DA:61,9
DA:62,9
DA:63,9
DA:64,9
DA:65,18
DA:66,1
DA:67,18
DA:68,18
DA:69,18
DA:70,18
DA:71,18
DA:72,18
DA:73,18
DA:74,18
DA:75,8
DA:76,7
DA:77,18
DA:78,18
DA:79,7
DA:80,7
DA:81,7
DA:82,7
DA:83,7
DA:84,7
DA:85,7
DA:86,7
DA:87,1
DA:88,1
DA:89,1
DA:90,1
DA:91,1
DA:92,1
DA:93,1
DA:94,1
DA:95,1
DA:96,1
DA:97,1
DA:98,1
DA:99,7
DA:100,7
DA:101,7
DA:102,1
DA:103,1
DA:104,1
DA:105,7
DA:106,18
DA:107,18
DA:108,1
DA:109,1
DA:110,1
DA:111,18
DA:112,18
DA:113,79
DA:114,79
DA:115,79
DA:116,79
DA:117,79
DA:118,79
DA:119,79
DA:120,79
DA:121,79
DA:122,79
DA:123,78
DA:124,78
DA:125,78
DA:126,78
DA:127,463
DA:128,40
DA:129,40
DA:130,40
DA:131,40
DA:132,40
DA:133,78
DA:134,78
DA:135,40
DA:136,40
DA:137,40
DA:138,78
DA:139,78
DA:140,78
DA:141,494
DA:142,78
DA:143,78
DA:144,78
DA:145,78
DA:146,78
DA:147,78
DA:148,78
DA:149,78
DA:150,78
DA:151,78
DA:152,78
DA:153,78
DA:154,69
DA:155,78
DA:156,78
DA:157,78
DA:158,78
DA:159,78
DA:160,78
DA:161,5
DA:162,5
DA:163,5
DA:164,5
DA:165,5
DA:166,4
DA:167,4
DA:168,4
DA:169,4
DA:170,5
DA:171,1
DA:172,1
DA:173,4
DA:174,4
DA:175,4
DA:176,1
DA:177,1
DA:178,78
DA:179,78
DA:180,79
DA:181,79
DA:182,79
DA:183,79
DA:184,79
DA:185,79
DA:186,79
DA:187,79
DA:188,80
DA:189,3
DA:190,3
DA:191,3
DA:192,2
DA:193,2
DA:194,80
DA:195,80
DA:196,79
DA:197,79
DA:198,79
DA:199,79
DA:200,79
DA:201,79
DA:202,16
DA:203,16
DA:204,16
DA:205,16
DA:206,16
DA:207,79
DA:208,79
DA:209,79
DA:210,79
DA:211,78
DA:212,78
DA:213,78
DA:214,78
DA:215,78
DA:216,79
DA:217,79
DA:218,79
DA:219,19
DA:220,19
DA:221,19
DA:222,19
DA:223,19
DA:224,16
DA:225,16
DA:226,16
DA:227,16
DA:228,16
DA:229,16
DA:230,16
DA:231,16
DA:232,16
DA:233,16
DA:234,16
DA:235,24
DA:236,24
DA:237,24
DA:238,24
DA:239,24
DA:240,24
DA:241,24
DA:242,24
DA:243,16
DA:244,16
DA:245,16
DA:246,16
DA:247,16
DA:248,16
DA:249,16
DA:250,16
DA:251,16
DA:252,19
DA:253,16
DA:254,16
DA:255,16
DA:256,16
DA:257,16
DA:258,19
DA:259,19
DA:260,19
DA:261,16
DA:262,8
DA:263,8
DA:264,8
DA:265,8
DA:266,8
DA:267,8
DA:268,16
DA:269,19
DA:270,79
DA:271,79
DA:272,79
DA:273,79
DA:274,79
DA:275,79
DA:276,5
DA:277,5
DA:278,5
DA:279,5
DA:280,5
DA:281,4
DA:282,4
DA:283,3
DA:284,3
DA:285,4
DA:286,5
DA:287,5
DA:288,5
DA:289,5
DA:290,5
DA:291,79
DA:292,79
DA:293,79
DA:294,3
DA:295,3
DA:296,2
DA:297,2
DA:298,2
DA:299,79
DA:300,79
DA:301,79
DA:302,79
DA:303,79
DA:304,79
DA:305,35
DA:306,1
DA:307,1
DA:308,1
DA:309,1
DA:310,1
DA:311,1
DA:312,1
DA:313,1
DA:314,1
DA:315,1
DA:316,1
DA:317,1
DA:318,1
DA:319,1
DA:320,1
DA:321,1
DA:322,1
DA:323,1
DA:324,1
DA:325,1
DA:326,1
DA:327,79
DA:328,79
DA:329,79
DA:330,79
DA:331,79
DA:332,79
DA:333,79
DA:334,79
DA:335,79
DA:336,79
DA:337,79
DA:338,79
DA:339,79
DA:340,79
DA:341,79
DA:342,0
DA:343,79
DA:344,79
DA:345,79
DA:346,1
LF:346
LH:345
BRDA:15,0,0,79
BRDA:341,1,0,0
BRDA:21,2,0,86
BRDA:23,3,0,85
BRDA:24,4,0,85
BRDA:25,5,0,83
BRDA:27,6,0,170
BRDA:29,7,0,85
BRDA:34,8,0,1
BRDA:40,9,0,79
BRDA:42,10,0,78
BRDA:47,11,0,18
BRDA:52,12,0,9
BRDA:65,13,0,1
BRDA:65,14,0,1
BRDA:67,15,0,8
BRDA:63,16,0,27
BRDA:74,17,0,8
BRDA:75,18,0,1
BRDA:75,19,0,7
BRDA:78,20,0,7
BRDA:86,21,0,1
BRDA:88,22,0,0
BRDA:89,23,0,0
BRDA:92,24,0,0
BRDA:93,25,0,0
BRDA:94,26,0,0
BRDA:95,27,0,0
BRDA:101,28,0,1
BRDA:107,29,0,1
BRDA:117,30,0,79
BRDA:119,31,0,0
BRDA:122,32,0,1
BRDA:122,33,0,78
BRDA:126,34,0,463
BRDA:127,35,0,462
BRDA:127,36,0,423
BRDA:127,37,0,40
BRDA:134,38,0,40
BRDA:140,39,0,494
BRDA:141,40,0,463
BRDA:153,41,0,69
BRDA:154,42,0,34
BRDA:160,43,0,5
BRDA:163,44,0,0
BRDA:165,45,0,1
BRDA:165,46,0,4
BRDA:170,47,0,1
BRDA:170,48,0,4
BRDA:170,49,0,1
BRDA:175,50,0,1
BRDA:185,51,0,79
BRDA:187,52,0,80
BRDA:188,53,0,3
BRDA:190,54,0,0
BRDA:191,55,0,1
BRDA:191,56,0,2
BRDA:201,57,0,16
BRDA:208,58,0,79
BRDA:210,59,0,1
BRDA:210,60,0,78
BRDA:218,61,0,19
BRDA:220,62,0,0
BRDA:223,63,0,16
BRDA:223,64,0,3
BRDA:223,65,0,16
BRDA:234,66,0,24
BRDA:236,67,0,0
BRDA:239,68,0,8
BRDA:241,69,0,16
BRDA:244,70,0,0
BRDA:252,71,0,16
BRDA:258,72,0,0
BRDA:260,73,0,16
BRDA:261,74,0,8
BRDA:274,75,0,79
BRDA:275,76,0,74
BRDA:275,77,0,5
BRDA:278,78,0,0
BRDA:280,79,0,4
BRDA:281,80,0,4
BRDA:282,81,0,1
BRDA:282,82,0,3
BRDA:293,83,0,3
BRDA:295,84,0,1
BRDA:295,85,0,2
BRDA:303,86,0,79
BRDA:304,87,0,44
BRDA:304,88,0,35
BRDA:305,89,0,34
BRDA:305,90,0,1
BRDA:315,91,0,0
BRDA:331,92,0,79
BRF:93
BRH:77
end_of_record
TN:
SF:assets/quiz.js
FN:35,getStep
FN:40,updateProgress
FN:64,goToStep
FN:85,buildCTAUrl
FN:93,showResult
FN:124,handleOption
FN:158,handleBack
FN:164,resetQuiz
FN:177,init
FNF:9
FNH:9
FNDA:56,getStep
FNDA:84,updateProgress
FNDA:56,goToStep
FNDA:14,buildCTAUrl
FNDA:14,showResult
FNDA:54,handleOption
FNDA:2,handleBack
FNDA:3,resetQuiz
FNDA:29,init
DA:1,1
DA:2,1
DA:3,1
DA:4,1
DA:5,1
DA:6,1
DA:7,30
DA:8,30
DA:9,30
DA:10,30
DA:11,30
DA:12,30
DA:13,30
DA:14,30
DA:15,30
DA:16,30
DA:17,30
DA:18,30
DA:19,30
DA:20,30
DA:21,30
DA:22,30
DA:23,30
DA:24,30
DA:25,30
DA:26,30
DA:27,30
DA:28,30
DA:29,30
DA:30,30
DA:31,30
DA:32,30
DA:33,30
DA:34,30
DA:35,30
DA:36,56
DA:37,56
DA:38,30
DA:39,30
DA:40,30
DA:41,84
DA:42,84
DA:43,84
DA:44,84
DA:45,84
DA:46,84
DA:47,84
DA:48,14
DA:49,14
DA:50,14
DA:51,14
DA:52,14
DA:53,70
DA:54,70
DA:55,70
DA:56,70
DA:57,70
DA:58,70
DA:59,70
DA:60,70
DA:61,70
DA:62,30
DA:63,30
DA:64,30
DA:65,56
DA:66,56
DA:67,224
DA:68,224
DA:69,56
DA:70,56
DA:71,56
DA:72,56
DA:73,56
DA:74,56
DA:75,56
DA:76,56
DA:77,56
DA:78,42
DA:79,42
DA:80,56
DA:81,56
DA:82,56
DA:83,30
DA:84,30
DA:85,30
DA:86,14
DA:87,14
DA:88,9
DA:89,7
DA:90,7
DA:91,30
DA:92,30
DA:93,30
DA:94,14
DA:95,14
DA:96,14
DA:97,14
DA:98,14
DA:99,14
DA:100,14
DA:101,14
DA:102,14
DA:103,14
DA:104,14
DA:105,14
DA:106,14
DA:107,14
DA:108,14
DA:109,14
DA:110,14
DA:111,14
DA:112,14
DA:113,14
DA:114,14
DA:115,14
DA:116,1
DA:117,1
DA:118,1
DA:119,1
DA:120,1
DA:121,14
DA:122,30
DA:123,30
DA:124,30
DA:125,54
DA:126,54
DA:127,54
DA:128,54
DA:129,54
DA:130,54
DA:131,54
DA:132,54
DA:133,222
DA:134,222
DA:135,54
DA:136,54
DA:137,54
DA:138,54
DA:139,54
DA:140,54
DA:141,54
DA:142,54
DA:143,54
DA:144,54
DA:145,54
DA:146,54
DA:147,54
DA:148,54
DA:149,51
DA:150,14
DA:151,51
DA:152,37
DA:153,37
DA:154,54
DA:155,54
DA:156,30
DA:157,30
DA:158,30
DA:159,2
DA:160,2
DA:161,2
DA:162,30
DA:163,30
DA:164,30
DA:165,3
DA:166,3
DA:167,3
DA:168,3
DA:169,3
DA:170,9
DA:171,9
DA:172,3
DA:173,3
DA:174,3
DA:175,30
DA:176,30
DA:177,30
DA:178,29
DA:179,29
DA:180,28
DA:181,28
DA:182,28
DA:183,59
DA:184,59
DA:185,5
DA:186,5
DA:187,14
DA:188,3
DA:189,3
DA:190,3
DA:191,28
DA:192,28
DA:193,28
DA:194,28
DA:195,28
DA:196,30
DA:197,30
DA:198,30
DA:199,1
DA:200,30
DA:201,29
DA:202,29
DA:203,1
LF:203
LH:203
BRDA:6,0,0,30
BRDA:198,1,0,1
BRDA:200,2,0,29
BRDA:35,3,0,56
BRDA:40,4,0,84
BRDA:45,5,0,0
BRDA:47,6,0,14
BRDA:52,7,0,70
BRDA:64,8,0,56
BRDA:66,9,0,224
BRDA:71,10,0,0
BRDA:77,11,0,42
BRDA:78,12,0,37
BRDA:85,13,0,14
BRDA:86,14,0,1
BRDA:87,15,0,5
BRDA:87,16,0,9
BRDA:88,17,0,2
BRDA:88,18,0,7
BRDA:93,19,0,14
BRDA:94,20,0,0
BRDA:95,21,0,0
BRDA:97,22,0,1
BRDA:115,23,0,1
BRDA:124,24,0,54
BRDA:132,25,0,222
BRDA:142,26,0,25
BRDA:143,27,0,15
BRDA:144,28,0,14
BRDA:148,29,0,51
BRDA:149,30,0,14
BRDA:151,31,0,37
BRDA:158,32,0,2
BRDA:164,33,0,3
BRDA:169,34,0,9
BRDA:177,35,0,29
BRDA:179,36,0,1
BRDA:179,37,0,28
BRDA:182,38,0,59
BRDA:184,39,0,57
BRDA:184,40,0,54
BRDA:184,41,0,14
BRDA:184,42,0,5
BRDA:187,43,0,2
BRDA:187,44,0,3
BRF:45
BRH:41
end_of_record
TN:
SF:assets/theme.js
FN:1,(empty-report)
FNF:1
FNH:0
FNDA:0,(empty-report)
DA:1,0
DA:2,0
DA:3,0
DA:4,0
DA:5,0
DA:6,0
DA:7,0
DA:8,0
DA:9,0
DA:10,0
DA:11,0
DA:12,0
DA:13,0
DA:14,0
DA:15,0
DA:16,0
DA:17,0
DA:18,0
DA:19,0
DA:20,0
DA:21,0
DA:22,0
DA:23,0
DA:24,0
DA:25,0
DA:26,0
DA:27,0
DA:28,0
DA:29,0
DA:30,0
DA:31,0
DA:32,0
DA:33,0
DA:34,0
DA:35,0
DA:36,0
DA:37,0
DA:38,0
DA:39,0
DA:40,0
DA:41,0
DA:42,0
DA:43,0
DA:44,0
DA:45,0
DA:46,0
DA:47,0
DA:48,0
DA:49,0
DA:50,0
DA:51,0
DA:52,0
DA:53,0
DA:54,0
DA:55,0
DA:56,0
DA:57,0
DA:58,0
DA:59,0
DA:60,0
DA:61,0
DA:62,0
DA:63,0
DA:64,0
DA:65,0
DA:66,0
DA:67,0
DA:68,0
DA:69,0
DA:70,0
DA:71,0
DA:72,0
DA:73,0
DA:74,0
DA:75,0
DA:76,0
DA:77,0
DA:78,0
DA:79,0
DA:80,0
DA:81,0
DA:82,0
DA:83,0
DA:84,0
DA:85,0
DA:86,0
DA:87,0
DA:88,0
DA:89,0
DA:90,0
DA:91,0
DA:92,0
DA:93,0
DA:94,0
DA:95,0
DA:96,0
DA:97,0
DA:98,0
DA:99,0
DA:100,0
DA:101,0
DA:102,0
DA:103,0
DA:104,0
DA:105,0
DA:106,0
DA:107,0
DA:108,0
DA:109,0
DA:110,0
DA:111,0
DA:112,0
DA:113,0
DA:114,0
DA:115,0
DA:116,0
DA:117,0
DA:118,0
DA:119,0
DA:120,0
DA:121,0
DA:122,0
DA:123,0
DA:124,0
DA:125,0
DA:126,0
DA:127,0
DA:128,0
DA:129,0
DA:130,0
DA:131,0
DA:132,0
DA:133,0
DA:134,0
DA:135,0
DA:136,0
DA:137,0
DA:138,0
DA:139,0
DA:140,0
DA:141,0
DA:142,0
DA:143,0
DA:144,0
DA:145,0
DA:146,0
DA:147,0
DA:148,0
DA:149,0
DA:150,0
DA:151,0
DA:152,0
DA:153,0
DA:154,0
DA:155,0
DA:156,0
DA:157,0
DA:158,0
DA:159,0
DA:160,0
DA:161,0
DA:162,0
DA:163,0
DA:164,0
DA:165,0
DA:166,0
DA:167,0
DA:168,0
DA:169,0
DA:170,0
DA:171,0
DA:172,0
DA:173,0
DA:174,0
DA:175,0
DA:176,0
DA:177,0
DA:178,0
DA:179,0
DA:180,0
DA:181,0
DA:182,0
DA:183,0
LF:183
LH:0
BRDA:1,0,0,0
BRF:1
BRH:0
end_of_record
TN:
SF:scripts/amazon-product-importer.js
FN:30,loadEnv
FN:75,sign
FN:79,getSigningKey
FN:86,buildAmazonRequest
FN:157,httpsRequest
FN:174,searchAmazonProducts
FN:194,shopifyRequest
FN:209,ensureCollection
FN:224,createProduct
FN:265,main
FNF:10
FNH:9
FNDA:5,loadEnv
FNDA:74,sign
FNDA:18,getSigningKey
FNDA:11,buildAmazonRequest
FNDA:29,httpsRequest
FNDA:6,searchAmazonProducts
FNDA:18,shopifyRequest
FNDA:3,ensureCollection
FNDA:6,createProduct
FNDA:0,main
DA:1,1
DA:2,1
DA:3,1
DA:4,1
DA:5,1
DA:6,1
DA:7,1
DA:8,1
DA:9,1
DA:10,1
DA:11,1
DA:12,1
DA:13,1
DA:14,1
DA:15,1
DA:16,1
DA:17,1
DA:18,1
DA:19,1
DA:20,1
DA:21,1
DA:22,1
DA:23,1
DA:24,1
DA:25,1
DA:26,1
DA:27,1
DA:28,1
DA:29,1
DA:30,5
DA:31,5
DA:32,5
DA:33,1
DA:34,1
DA:35,1
DA:36,5
DA:37,5
DA:38,14
DA:39,14
DA:40,7
DA:41,14
DA:42,7
DA:43,7
DA:44,14
DA:45,5
DA:46,5
DA:47,1
DA:48,1
DA:49,1
DA:50,0
DA:51,0
DA:52,1
DA:53,1
DA:54,1
DA:55,1
DA:56,1
DA:57,1
DA:58,1
DA:59,1
DA:60,1
DA:61,1
DA:62,1
DA:63,1
DA:64,1
DA:65,1
DA:66,1
DA:67,1
DA:68,1
DA:69,1
DA:70,1
DA:71,1
DA:72,1
DA:73,1
DA:74,1
DA:75,74
DA:76,74
DA:77,74
DA:78,1
DA:79,18
DA:80,18
DA:81,18
DA:82,18
DA:83,18
DA:84,18
DA:85,1
DA:86,11
DA:87,11
DA:88,11
DA:89,11
DA:90,11
DA:91,11
DA:92,11
DA:93,11
DA:94,11
DA:95,11
DA:96,11
DA:97,11
DA:98,11
DA:99,11
DA:100,11
DA:101,11
DA:102,11
DA:103,11
DA:104,11
DA:105,11
DA:106,11
DA:107,11
DA:108,11
DA:109,11
DA:110,11
DA:111,11
DA:112,11
DA:113,11
DA:114,11
DA:115,11
DA:116,11
DA:117,11
DA:118,11
DA:119,11
DA:120,11
DA:121,11
DA:122,11
DA:123,11
DA:124,11
DA:125,11
DA:126,11
DA:127,11
DA:128,11
DA:129,11
DA:130,11
DA:131,11
DA:132,11
DA:133,11
DA:134,11
DA:135,11
DA:136,11
DA:137,11
DA:138,11
DA:139,11
DA:140,11
DA:141,11
DA:142,11
DA:143,11
DA:144,11
DA:145,11
DA:146,11
DA:147,11
DA:148,11
DA:149,11
DA:150,11
DA:151,11
DA:152,11
DA:153,11
DA:154,11
DA:155,1
DA:156,1
DA:157,29
DA:158,29
DA:159,29
DA:160,27
DA:161,27
DA:162,27
DA:163,27
DA:164,27
DA:165,27
DA:166,29
DA:167,29
DA:168,29
DA:169,29
DA:170,29
DA:171,29
DA:172,1
DA:173,1
DA:174,6
DA:175,6
DA:176,6
DA:177,6
DA:178,6
DA:179,6
DA:180,3
DA:181,5
DA:182,5
DA:183,5
DA:184,5
DA:185,5
DA:186,3
DA:187,6
DA:188,1
DA:189,1
DA:190,1
DA:191,6
DA:192,1
DA:193,1
DA:194,18
DA:195,18
DA:196,18
DA:197,18
DA:198,18
DA:199,18
DA:200,18
DA:201,18
DA:202,18
DA:203,18
DA:204,18
DA:205,18
DA:206,18
DA:207,18
DA:208,1
DA:209,3
DA:210,3
DA:211,3
DA:212,1
DA:213,1
DA:214,2
DA:215,2
DA:216,2
DA:217,3
DA:218,1
DA:219,1
DA:220,1
DA:221,1
DA:222,1
DA:223,1
DA:224,6
DA:225,6
DA:226,6
DA:227,6
DA:228,6
DA:229,6
DA:230,6
DA:231,6
DA:232,6
DA:233,6
DA:234,6
DA:235,6
DA:236,6
DA:237,6
DA:238,6
DA:239,6
DA:240,6
DA:241,6
DA:242,6
DA:243,6
DA:244,6
DA:245,6
DA:246,6
DA:247,6
DA:248,6
DA:249,6
DA:250,5
DA:251,5
DA:252,6
DA:253,6
DA:254,6
DA:255,5
DA:256,5
DA:257,5
DA:258,5
DA:259,5
DA:260,5
DA:261,5
DA:262,5
DA:263,1
DA:264,1
DA:265,0
DA:266,0
DA:267,0
DA:268,0
DA:269,0
DA:270,0
DA:271,0
DA:272,0
DA:273,0
DA:274,0
DA:275,0
DA:276,0
DA:277,0
DA:278,0
DA:279,0
DA:280,0
DA:281,0
DA:282,0
DA:283,0
DA:284,0
DA:285,0
DA:286,0
DA:287,0
DA:288,0
DA:289,0
DA:290,0
DA:291,0
DA:292,0
DA:293,0
DA:294,0
DA:295,0
DA:296,0
DA:297,0
DA:298,0
DA:299,0
DA:300,0
DA:301,0
DA:302,0
DA:303,0
DA:304,0
DA:305,0
DA:306,0
DA:307,0
DA:308,1
DA:309,1
DA:310,0
DA:311,0
DA:312,0
DA:313,0
DA:314,0
DA:315,1
DA:316,1
DA:317,1
DA:318,1
DA:319,1
DA:320,1
DA:321,1
DA:322,1
DA:323,1
DA:324,1
DA:325,1
DA:326,1
DA:327,1
DA:328,1
DA:329,1
DA:330,1
LF:330
LH:280
BRDA:49,0,0,0
BRDA:58,1,0,0
BRDA:309,2,0,0
BRDA:30,3,0,5
BRDA:32,4,0,1
BRDA:37,5,0,14
BRDA:39,6,0,8
BRDA:39,7,0,7
BRDA:41,8,0,0
BRDA:41,9,0,7
BRDA:44,10,0,6
BRDA:75,11,0,74
BRDA:79,12,0,18
BRDA:86,13,0,11
BRDA:157,14,0,29
BRDA:158,15,0,29
BRDA:168,16,0,21
BRDA:159,17,0,27
BRDA:161,18,0,27
BRDA:162,19,0,27
BRDA:164,20,0,1
BRDA:174,21,0,6
BRDA:178,22,0,5
BRDA:179,23,0,4
BRDA:179,24,0,2
BRDA:179,25,0,3
BRDA:187,26,0,1
BRDA:180,27,0,5
BRDA:181,28,0,4
BRDA:182,29,0,4
BRDA:182,30,0,1
BRDA:183,31,0,4
BRDA:184,32,0,4
BRDA:184,33,0,1
BRDA:185,34,0,3
BRDA:194,35,0,18
BRDA:195,36,0,14
BRDA:195,37,0,4
BRDA:205,38,0,14
BRDA:209,39,0,3
BRDA:211,40,0,1
BRDA:213,41,0,2
BRDA:217,42,0,1
BRDA:224,43,0,6
BRDA:226,44,0,5
BRDA:226,45,0,5
BRDA:227,46,0,5
BRDA:227,47,0,1
BRDA:228,48,0,5
BRDA:228,49,0,5
BRDA:229,50,0,5
BRDA:229,51,0,1
BRDA:231,52,0,0
BRDA:249,53,0,5
BRDA:254,54,0,1
BRDA:254,55,0,5
BRDA:232,56,0,12
BRF:57
BRH:52
end_of_record
TN:
SF:scripts/generate-sales-report.js
FN:1,(empty-report)
FNF:1
FNH:0
FNDA:0,(empty-report)
DA:1,0
DA:2,0
DA:3,0
DA:4,0
DA:5,0
DA:6,0
DA:7,0
DA:8,0
DA:9,0
DA:10,0
DA:11,0
DA:12,0
DA:13,0
DA:14,0
DA:15,0
DA:16,0
DA:17,0
DA:18,0
DA:19,0
DA:20,0
DA:21,0
DA:22,0
DA:23,0
DA:24,0
DA:25,0
DA:26,0
DA:27,0
DA:28,0
DA:29,0
DA:30,0
DA:31,0
DA:32,0
DA:33,0
DA:34,0
DA:35,0
DA:36,0
DA:37,0
DA:38,0
DA:39,0
DA:40,0
DA:41,0
DA:42,0
DA:43,0
DA:44,0
DA:45,0
DA:46,0
DA:47,0
DA:48,0
DA:49,0
DA:50,0
DA:51,0
DA:52,0
DA:53,0
DA:54,0
DA:55,0
DA:56,0
DA:57,0
DA:58,0
DA:59,0
DA:60,0
DA:61,0
DA:62,0
DA:63,0
DA:64,0
DA:65,0
DA:66,0
DA:67,0
DA:68,0
DA:69,0
DA:70,0
DA:71,0
DA:72,0
DA:73,0
DA:74,0
DA:75,0
DA:76,0
DA:77,0
DA:78,0
DA:79,0
DA:80,0
DA:81,0
DA:82,0
DA:83,0
DA:84,0
DA:85,0
DA:86,0
DA:87,0
DA:88,0
DA:89,0
DA:90,0
DA:91,0
DA:92,0
DA:93,0
DA:94,0
DA:95,0
DA:96,0
DA:97,0
DA:98,0
DA:99,0
DA:100,0
DA:101,0
DA:102,0
DA:103,0
DA:104,0
DA:105,0
DA:106,0
DA:107,0
DA:108,0
DA:109,0
DA:110,0
DA:111,0
DA:112,0
DA:113,0
DA:114,0
DA:115,0
DA:116,0
DA:117,0
DA:118,0
DA:119,0
DA:120,0
DA:121,0
DA:122,0
DA:123,0
DA:124,0
DA:125,0
DA:126,0
DA:127,0
DA:128,0
DA:129,0
DA:130,0
DA:131,0
DA:132,0
DA:133,0
DA:134,0
DA:135,0
DA:136,0
DA:137,0
DA:138,0
DA:139,0
DA:140,0
DA:141,0
DA:142,0
DA:143,0
DA:144,0
DA:145,0
DA:146,0
DA:147,0
DA:148,0
DA:149,0
DA:150,0
DA:151,0
DA:152,0
DA:153,0
DA:154,0
DA:155,0
DA:156,0
DA:157,0
DA:158,0
DA:159,0
DA:160,0
DA:161,0
DA:162,0
DA:163,0
DA:164,0
DA:165,0
DA:166,0
DA:167,0
DA:168,0
DA:169,0
DA:170,0
DA:171,0
DA:172,0
DA:173,0
DA:174,0
DA:175,0
DA:176,0
DA:177,0
DA:178,0
DA:179,0
DA:180,0
DA:181,0
DA:182,0
DA:183,0
DA:184,0
DA:185,0
DA:186,0
DA:187,0
DA:188,0
DA:189,0
DA:190,0
DA:191,0
DA:192,0
DA:193,0
DA:194,0
DA:195,0
DA:196,0
DA:197,0
DA:198,0
DA:199,0
DA:200,0
DA:201,0
DA:202,0
DA:203,0
DA:204,0
DA:205,0
DA:206,0
DA:207,0
DA:208,0
DA:209,0
DA:210,0
DA:211,0
DA:212,0
DA:213,0
DA:214,0
DA:215,0
DA:216,0
DA:217,0
DA:218,0
DA:219,0
DA:220,0
DA:221,0
DA:222,0
DA:223,0
DA:224,0
DA:225,0
DA:226,0
DA:227,0
DA:228,0
DA:229,0
DA:230,0
DA:231,0
DA:232,0
DA:233,0
DA:234,0
DA:235,0
DA:236,0
DA:237,0
DA:238,0
DA:239,0
DA:240,0
DA:241,0
DA:242,0
DA:243,0
DA:244,0
DA:245,0
DA:246,0
DA:247,0
DA:248,0
DA:249,0
DA:250,0
DA:251,0
DA:252,0
DA:253,0
DA:254,0
DA:255,0
DA:256,0
DA:257,0
DA:258,0
DA:259,0
DA:260,0
DA:261,0
DA:262,0
DA:263,0
DA:264,0
DA:265,0
DA:266,0
DA:267,0
DA:268,0
DA:269,0
DA:270,0
DA:271,0
DA:272,0
DA:273,0
DA:274,0
DA:275,0
DA:276,0
DA:277,0
DA:278,0
DA:279,0
DA:280,0
DA:281,0
DA:282,0
DA:283,0
DA:284,0
DA:285,0
DA:286,0
DA:287,0
DA:288,0
DA:289,0
DA:290,0
DA:291,0
DA:292,0
DA:293,0
DA:294,0
DA:295,0
DA:296,0
DA:297,0
DA:298,0
DA:299,0
DA:300,0
DA:301,0
DA:302,0
DA:303,0
DA:304,0
DA:305,0
DA:306,0
DA:307,0
DA:308,0
DA:309,0
DA:310,0
DA:311,0
DA:312,0
DA:313,0
DA:314,0
DA:315,0
DA:316,0
DA:317,0
DA:318,0
DA:319,0
DA:320,0
DA:321,0
DA:322,0
DA:323,0
DA:324,0
DA:325,0
DA:326,0
DA:327,0
DA:328,0
DA:329,0
DA:330,0
DA:331,0
DA:332,0
DA:333,0
DA:334,0
DA:335,0
DA:336,0
DA:337,0
DA:338,0
DA:339,0
DA:340,0
DA:341,0
DA:342,0
DA:343,0
DA:344,0
DA:345,0
DA:346,0
DA:347,0
DA:348,0
DA:349,0
DA:350,0
DA:351,0
DA:352,0
DA:353,0
DA:354,0
DA:355,0
DA:356,0
DA:357,0
DA:358,0
DA:359,0
DA:360,0
DA:361,0
DA:362,0
DA:363,0
DA:364,0
DA:365,0
DA:366,0
DA:367,0
DA:368,0
DA:369,0
DA:370,0
DA:371,0
DA:372,0
DA:373,0
DA:374,0
DA:375,0
DA:376,0
DA:377,0
DA:378,0
DA:379,0
DA:380,0
DA:381,0
DA:382,0
DA:383,0
DA:384,0
DA:385,0
DA:386,0
DA:387,0
DA:388,0
DA:389,0
DA:390,0
DA:391,0
DA:392,0
DA:393,0
DA:394,0
DA:395,0
DA:396,0
DA:397,0
DA:398,0
DA:399,0
DA:400,0
DA:401,0
DA:402,0
DA:403,0
DA:404,0
DA:405,0
DA:406,0
DA:407,0
DA:408,0
DA:409,0
DA:410,0
DA:411,0
DA:412,0
DA:413,0
DA:414,0
DA:415,0
DA:416,0
DA:417,0
DA:418,0
DA:419,0
DA:420,0
DA:421,0
DA:422,0
DA:423,0
DA:424,0
DA:425,0
DA:426,0
DA:427,0
DA:428,0
DA:429,0
DA:430,0
DA:431,0
DA:432,0
DA:433,0
DA:434,0
DA:435,0
DA:436,0
DA:437,0
DA:438,0
DA:439,0
DA:440,0
DA:441,0
DA:442,0
DA:443,0
DA:444,0
DA:445,0
DA:446,0
DA:447,0
DA:448,0
DA:449,0
DA:450,0
DA:451,0
DA:452,0
DA:453,0
DA:454,0
DA:455,0
DA:456,0
DA:457,0
DA:458,0
DA:459,0
DA:460,0
DA:461,0
DA:462,0
DA:463,0
DA:464,0
DA:465,0
DA:466,0
DA:467,0
DA:468,0
DA:469,0
DA:470,0
DA:471,0
DA:472,0
DA:473,0
DA:474,0
DA:475,0
DA:476,0
DA:477,0
DA:478,0
DA:479,0
DA:480,0
DA:481,0
DA:482,0
DA:483,0
DA:484,0
DA:485,0
DA:486,0
DA:487,0
DA:488,0
DA:489,0
DA:490,0
DA:491,0
DA:492,0
DA:493,0
DA:494,0
DA:495,0
DA:496,0
DA:497,0
DA:498,0
DA:499,0
DA:500,0
DA:501,0
DA:502,0
DA:503,0
DA:504,0
DA:505,0
DA:506,0
DA:507,0
DA:508,0
DA:509,0
DA:510,0
DA:511,0
DA:512,0
DA:513,0
DA:514,0
DA:515,0
DA:516,0
DA:517,0
DA:518,0
DA:519,0
DA:520,0
DA:521,0
DA:522,0
DA:523,0
DA:524,0
DA:525,0
DA:526,0
DA:527,0
DA:528,0
DA:529,0
DA:530,0
DA:531,0
DA:532,0
DA:533,0
DA:534,0
DA:535,0
DA:536,0
DA:537,0
DA:538,0
DA:539,0
DA:540,0
DA:541,0
DA:542,0
DA:543,0
DA:544,0
DA:545,0
DA:546,0
DA:547,0
DA:548,0
DA:549,0
DA:550,0
DA:551,0
DA:552,0
DA:553,0
DA:554,0
DA:555,0
DA:556,0
DA:557,0
DA:558,0
DA:559,0
DA:560,0
DA:561,0
DA:562,0
DA:563,0
DA:564,0
DA:565,0
DA:566,0
DA:567,0
DA:568,0
DA:569,0
DA:570,0
DA:571,0
DA:572,0
DA:573,0
DA:574,0
DA:575,0
DA:576,0
DA:577,0
DA:578,0
DA:579,0
DA:580,0
DA:581,0
DA:582,0
DA:583,0
DA:584,0
DA:585,0
DA:586,0
DA:587,0
DA:588,0
DA:589,0
DA:590,0
DA:591,0
DA:592,0
DA:593,0
DA:594,0
DA:595,0
DA:596,0
DA:597,0
DA:598,0
DA:599,0
DA:600,0
DA:601,0
DA:602,0
DA:603,0
DA:604,0
DA:605,0
DA:606,0
DA:607,0
DA:608,0
DA:609,0
DA:610,0
DA:611,0
DA:612,0
DA:613,0
DA:614,0
DA:615,0
DA:616,0
DA:617,0
DA:618,0
DA:619,0
DA:620,0
DA:621,0
DA:622,0
DA:623,0
DA:624,0
DA:625,0
DA:626,0
DA:627,0
DA:628,0
DA:629,0
DA:630,0
DA:631,0
DA:632,0
DA:633,0
DA:634,0
DA:635,0
DA:636,0
DA:637,0
DA:638,0
DA:639,0
DA:640,0
DA:641,0
DA:642,0
DA:643,0
DA:644,0
DA:645,0
DA:646,0
DA:647,0
DA:648,0
DA:649,0
DA:650,0
DA:651,0
DA:652,0
DA:653,0
DA:654,0
DA:655,0
DA:656,0
DA:657,0
DA:658,0
DA:659,0
DA:660,0
DA:661,0
DA:662,0
DA:663,0
DA:664,0
DA:665,0
DA:666,0
DA:667,0
DA:668,0
DA:669,0
DA:670,0
DA:671,0
DA:672,0
DA:673,0
DA:674,0
DA:675,0
DA:676,0
DA:677,0
DA:678,0
DA:679,0
DA:680,0
DA:681,0
DA:682,0
DA:683,0
DA:684,0
DA:685,0
DA:686,0
DA:687,0
DA:688,0
DA:689,0
DA:690,0
DA:691,0
DA:692,0
DA:693,0
DA:694,0
DA:695,0
DA:696,0
DA:697,0
DA:698,0
DA:699,0
DA:700,0
DA:701,0
DA:702,0
DA:703,0
DA:704,0
DA:705,0
DA:706,0
DA:707,0
DA:708,0
DA:709,0
DA:710,0
DA:711,0
DA:712,0
DA:713,0
DA:714,0
DA:715,0
DA:716,0
DA:717,0
DA:718,0
DA:719,0
DA:720,0
DA:721,0
DA:722,0
DA:723,0
DA:724,0
DA:725,0
DA:726,0
DA:727,0
DA:728,0
DA:729,0
DA:730,0
DA:731,0
DA:732,0
DA:733,0
DA:734,0
DA:735,0
DA:736,0
DA:737,0
DA:738,0
DA:739,0
DA:740,0
DA:741,0
DA:742,0
DA:743,0
DA:744,0
DA:745,0
DA:746,0
DA:747,0
DA:748,0
DA:749,0
DA:750,0
DA:751,0
DA:752,0
DA:753,0
DA:754,0
DA:755,0
DA:756,0
DA:757,0
DA:758,0
DA:759,0
DA:760,0
DA:761,0
DA:762,0
DA:763,0
DA:764,0
DA:765,0
DA:766,0
DA:767,0
DA:768,0
DA:769,0
DA:770,0
DA:771,0
DA:772,0
DA:773,0
DA:774,0
DA:775,0
DA:776,0
DA:777,0
DA:778,0
DA:779,0
DA:780,0
DA:781,0
DA:782,0
DA:783,0
DA:784,0
DA:785,0
DA:786,0
DA:787,0
DA:788,0
DA:789,0
DA:790,0
DA:791,0
DA:792,0
DA:793,0
DA:794,0
DA:795,0
DA:796,0
DA:797,0
DA:798,0
DA:799,0
DA:800,0
DA:801,0
DA:802,0
DA:803,0
DA:804,0
DA:805,0
DA:806,0
DA:807,0
DA:808,0
DA:809,0
DA:810,0
DA:811,0
DA:812,0
DA:813,0
DA:814,0
DA:815,0
DA:816,0
DA:817,0
DA:818,0
DA:819,0
DA:820,0
DA:821,0
DA:822,0
DA:823,0
DA:824,0
DA:825,0
DA:826,0
DA:827,0
DA:828,0
DA:829,0
DA:830,0
DA:831,0
DA:832,0
DA:833,0
DA:834,0
DA:835,0
DA:836,0
DA:837,0
DA:838,0
DA:839,0
DA:840,0
DA:841,0
DA:842,0
DA:843,0
DA:844,0
DA:845,0
DA:846,0
DA:847,0
DA:848,0
DA:849,0
DA:850,0
DA:851,0
DA:852,0
DA:853,0
DA:854,0
DA:855,0
DA:856,0
DA:857,0
DA:858,0
DA:859,0
DA:860,0
DA:861,0
DA:862,0
DA:863,0
DA:864,0
DA:865,0
DA:866,0
DA:867,0
DA:868,0
DA:869,0
DA:870,0
DA:871,0
DA:872,0
DA:873,0
DA:874,0
DA:875,0
DA:876,0
DA:877,0
DA:878,0
DA:879,0
DA:880,0
DA:881,0
DA:882,0
DA:883,0
DA:884,0
DA:885,0
DA:886,0
DA:887,0
DA:888,0
DA:889,0
DA:890,0
DA:891,0
DA:892,0
DA:893,0
DA:894,0
DA:895,0
DA:896,0
DA:897,0
DA:898,0
DA:899,0
DA:900,0
DA:901,0
DA:902,0
DA:903,0
DA:904,0
DA:905,0
DA:906,0
DA:907,0
DA:908,0
DA:909,0
DA:910,0
DA:911,0
DA:912,0
DA:913,0
DA:914,0
DA:915,0
DA:916,0
DA:917,0
DA:918,0
DA:919,0
DA:920,0
DA:921,0
DA:922,0
DA:923,0
DA:924,0
DA:925,0
DA:926,0
DA:927,0
DA:928,0
DA:929,0
DA:930,0
DA:931,0
DA:932,0
DA:933,0
DA:934,0
DA:935,0
DA:936,0
DA:937,0
DA:938,0
DA:939,0
DA:940,0
DA:941,0
DA:942,0
DA:943,0
DA:944,0
DA:945,0
DA:946,0
DA:947,0
DA:948,0
DA:949,0
DA:950,0
DA:951,0
DA:952,0
DA:953,0
DA:954,0
DA:955,0
DA:956,0
DA:957,0
DA:958,0
DA:959,0
DA:960,0
DA:961,0
DA:962,0
DA:963,0
DA:964,0
DA:965,0
DA:966,0
DA:967,0
DA:968,0
DA:969,0
DA:970,0
DA:971,0
DA:972,0
DA:973,0
DA:974,0
DA:975,0
DA:976,0
DA:977,0
DA:978,0
DA:979,0
DA:980,0
DA:981,0
DA:982,0
DA:983,0
DA:984,0
DA:985,0
DA:986,0
DA:987,0
DA:988,0
DA:989,0
DA:990,0
DA:991,0
DA:992,0
DA:993,0
DA:994,0
DA:995,0
DA:996,0
DA:997,0
DA:998,0
DA:999,0
DA:1000,0
DA:1001,0
DA:1002,0
DA:1003,0
DA:1004,0
DA:1005,0
DA:1006,0
DA:1007,0
DA:1008,0
DA:1009,0
DA:1010,0
DA:1011,0
DA:1012,0
DA:1013,0
DA:1014,0
DA:1015,0
DA:1016,0
DA:1017,0
DA:1018,0
DA:1019,0
DA:1020,0
DA:1021,0
DA:1022,0
DA:1023,0
DA:1024,0
DA:1025,0
DA:1026,0
DA:1027,0
DA:1028,0
DA:1029,0
DA:1030,0
DA:1031,0
DA:1032,0
DA:1033,0
DA:1034,0
DA:1035,0
DA:1036,0
DA:1037,0
DA:1038,0
DA:1039,0
DA:1040,0
DA:1041,0
DA:1042,0
DA:1043,0
DA:1044,0
DA:1045,0
DA:1046,0
DA:1047,0
DA:1048,0
DA:1049,0
DA:1050,0
DA:1051,0
DA:1052,0
DA:1053,0
DA:1054,0
DA:1055,0
DA:1056,0
DA:1057,0
DA:1058,0
DA:1059,0
DA:1060,0
DA:1061,0
DA:1062,0
DA:1063,0
DA:1064,0
DA:1065,0
DA:1066,0
DA:1067,0
DA:1068,0
DA:1069,0
DA:1070,0
DA:1071,0
DA:1072,0
DA:1073,0
DA:1074,0
DA:1075,0
DA:1076,0
DA:1077,0
DA:1078,0
DA:1079,0
DA:1080,0
DA:1081,0
DA:1082,0
DA:1083,0
DA:1084,0
DA:1085,0
DA:1086,0
DA:1087,0
DA:1088,0
DA:1089,0
DA:1090,0
DA:1091,0
DA:1092,0
DA:1093,0
DA:1094,0
DA:1095,0
DA:1096,0
DA:1097,0
DA:1098,0
DA:1099,0
DA:1100,0
DA:1101,0
DA:1102,0
DA:1103,0
DA:1104,0
DA:1105,0
DA:1106,0
DA:1107,0
DA:1108,0
DA:1109,0
DA:1110,0
DA:1111,0
DA:1112,0
DA:1113,0
DA:1114,0
DA:1115,0
DA:1116,0
DA:1117,0
DA:1118,0
DA:1119,0
DA:1120,0
DA:1121,0
DA:1122,0
DA:1123,0
DA:1124,0
DA:1125,0
DA:1126,0
DA:1127,0
DA:1128,0
DA:1129,0
DA:1130,0
DA:1131,0
DA:1132,0
DA:1133,0
DA:1134,0
DA:1135,0
DA:1136,0
DA:1137,0
DA:1138,0
DA:1139,0
DA:1140,0
DA:1141,0
DA:1142,0
DA:1143,0
DA:1144,0
DA:1145,0
DA:1146,0
DA:1147,0
DA:1148,0
DA:1149,0
DA:1150,0
DA:1151,0
DA:1152,0
DA:1153,0
DA:1154,0
DA:1155,0
DA:1156,0
DA:1157,0
DA:1158,0
DA:1159,0
DA:1160,0
DA:1161,0
DA:1162,0
DA:1163,0
DA:1164,0
DA:1165,0
DA:1166,0
DA:1167,0
DA:1168,0
DA:1169,0
DA:1170,0
DA:1171,0
DA:1172,0
DA:1173,0
DA:1174,0
DA:1175,0
DA:1176,0
DA:1177,0
DA:1178,0
DA:1179,0
DA:1180,0
DA:1181,0
DA:1182,0
DA:1183,0
DA:1184,0
DA:1185,0
DA:1186,0
DA:1187,0
DA:1188,0
DA:1189,0
DA:1190,0
DA:1191,0
DA:1192,0
DA:1193,0
DA:1194,0
LF:1194
LH:0
BRDA:1,0,0,0
BRF:1
BRH:0
end_of_record
