TN:
SF:assets/fixaotrixa-home.js
FN:54,updateCartCount
FN:67,trackAddToCart
FN:96,showPopup
FN:105,closePopup
FN:132,subscribeEmail
FN:145,Object.<anonymous>.IntersectionObserver.rootMargin
FN:179,updateVariantId
FN:207,formatMoney
FNF:8
FNH:8
FNDA:86,updateCartCount
FNDA:7,trackAddToCart
FNDA:40,showPopup
FNDA:27,closePopup
FNDA:5,subscribeEmail
FNDA:4,Object.<anonymous>.IntersectionObserver.rootMargin
FNDA:19,updateVariantId
FNDA:16,formatMoney
DA:1,1
DA:2,1
DA:3,1
DA:4,1
DA:5,1
DA:6,1
DA:7,79
DA:8,79
DA:9,79
DA:10,79
DA:11,360
DA:12,360
DA:13,165
DA:14,165
DA:15,165
DA:16,360
DA:17,9
DA:18,9
DA:19,9
DA:20,9
DA:21,9
DA:22,9
DA:23,9
DA:24,9
DA:25,9
DA:26,360
DA:27,360
DA:28,360
DA:29,360
DA:30,360
DA:31,360
DA:32,8
DA:33,7
DA:34,360
DA:35,360
DA:36,7
DA:37,7
DA:38,7
DA:39,7
DA:40,7
DA:41,1
DA:42,1
DA:43,1
DA:44,7
DA:45,360
DA:46,360
DA:47,1
DA:48,1
DA:49,1
DA:50,360
DA:51,79
DA:52,79
DA:53,79
DA:54,79
DA:55,86
DA:56,86
DA:57,86
DA:58,85
DA:59,170
DA:60,170
DA:61,85
DA:62,86
DA:63,86
DA:64,86
DA:65,79
DA:66,79
DA:67,79
DA:68,7
DA:69,1
DA:70,7
DA:71,7
DA:72,7
DA:73,7
DA:74,7
DA:75,7
DA:76,7
DA:77,7
DA:78,7
DA:79,7
DA:80,7
DA:81,79
DA:82,79
DA:83,79
DA:84,79
DA:85,79
DA:86,79
DA:87,79
DA:88,79
DA:89,78
DA:90,494
DA:91,40
DA:92,40
DA:93,78
DA:94,78
DA:95,79
DA:96,79
DA:97,40
DA:98,40
DA:99,40
DA:100,40
DA:101,40
DA:102,40
DA:103,40
DA:104,79
DA:105,79
DA:106,27
DA:107,27
DA:108,27
DA:109,79
DA:110,79
DA:111,79
DA:112,79
DA:113,79
DA:114,79
DA:115,79
DA:116,79
DA:117,71
DA:118,79
DA:119,79
DA:120,79
DA:121,79
DA:122,79
DA:123,5
DA:124,5
DA:125,5
DA:126,5
DA:127,79
DA:128,79
DA:129,79
DA:130,79
DA:131,79
DA:132,79
DA:133,5
DA:134,4
DA:135,1
DA:136,1
DA:137,4
DA:138,1
DA:139,1
DA:140,5
DA:141,79
DA:142,79
DA:143,79
DA:144,5
DA:145,5
DA:146,4
DA:147,4
DA:148,3
DA:149,3
DA:150,2
DA:151,2
DA:152,2
DA:153,3
DA:154,3
DA:155,4
DA:156,5
DA:157,5
DA:158,5
DA:159,79
DA:160,79
DA:161,79
DA:162,80
DA:163,3
DA:164,3
DA:165,2
DA:166,2
DA:167,2
DA:168,80
DA:169,79
DA:170,79
DA:171,79
DA:172,79
DA:173,79
DA:174,78
DA:175,78
DA:176,78
DA:177,78
DA:178,79
DA:179,79
DA:180,19
DA:181,19
DA:182,19
DA:183,19
DA:184,19
DA:185,19
DA:186,19
DA:187,16
DA:188,24
DA:189,24
DA:190,24
DA:191,16
DA:192,16
DA:193,16
DA:194,16
DA:195,16
DA:196,16
DA:197,16
DA:198,16
DA:199,16
DA:200,16
DA:201,16
DA:202,16
DA:203,16
DA:204,16
DA:205,19
DA:206,79
DA:207,79
DA:208,16
DA:209,16
DA:210,79
DA:211,79
DA:212,79
DA:213,1
DA:214,1
DA:215,1
DA:216,1
DA:217,1
DA:218,1
DA:219,1
DA:220,1
DA:221,79
DA:222,79
DA:223,79
DA:224,79
DA:225,1
LF:225
LH:225
BRDA:6,0,0,79
BRDA:88,1,0,78
BRDA:143,2,0,5
BRDA:173,3,0,78
BRDA:212,4,0,3
BRDA:212,5,0,1
BRDA:10,6,0,360
BRDA:12,7,0,355
BRDA:12,8,0,195
BRDA:12,9,0,165
BRDA:16,10,0,290
BRDA:16,11,0,156
BRDA:16,12,0,15
BRDA:16,13,0,9
BRDA:26,14,0,1
BRDA:26,15,0,8
BRDA:29,16,0,0
BRDA:24,17,0,27
BRDA:31,18,0,8
BRDA:32,19,0,1
BRDA:32,20,0,7
BRDA:35,21,0,7
BRDA:40,22,0,1
BRDA:46,23,0,1
BRDA:54,24,0,86
BRDA:56,25,0,85
BRDA:57,26,0,85
BRDA:58,27,0,170
BRDA:63,28,0,1
BRDA:67,29,0,7
BRDA:68,30,0,6
BRDA:68,31,0,1
BRDA:70,32,0,0
BRDA:75,33,0,0
BRDA:89,34,0,494
BRDA:90,35,0,463
BRDA:90,36,0,40
BRDA:96,37,0,40
BRDA:105,38,0,27
BRDA:116,39,0,71
BRDA:117,40,0,35
BRDA:117,41,0,20
BRDA:122,42,0,5
BRDA:132,43,0,5
BRDA:133,44,0,1
BRDA:133,45,0,4
BRDA:134,46,0,1
BRDA:137,47,0,1
BRDA:145,48,0,4
BRDA:146,49,0,4
BRDA:147,50,0,3
BRDA:149,51,0,2
BRDA:157,52,0,5
BRDA:161,53,0,80
BRDA:162,54,0,3
BRDA:164,55,0,2
BRDA:174,56,0,78
BRDA:179,57,0,19
BRDA:181,58,0,0
BRDA:186,59,0,16
BRDA:201,60,0,8
BRDA:201,61,0,8
BRDA:183,62,0,19
BRDA:187,63,0,24
BRDA:188,64,0,24
BRDA:207,65,0,16
BRF:66
BRH:62
end_of_record
TN:
SF:assets/quiz.js
FN:33,init
FN:50,handleOption
FN:75,goToStep
FN:88,handleBack
FN:92,showResult
FN:131,resetQuiz
FN:141,hideAllSteps
FN:147,updateProgress
FNF:8
FNH:8
FNDA:29,init
FNDA:54,handleOption
FNDA:42,goToStep
FNDA:2,handleBack
FNDA:14,showResult
FNDA:3,resetQuiz
FNDA:56,hideAllSteps
FNDA:42,updateProgress
DA:1,1
DA:2,1
DA:3,1
DA:4,1
DA:5,1
DA:6,1
DA:7,30
DA:8,30
DA:9,30
DA:10,30
DA:11,30
DA:12,30
DA:13,30
DA:14,30
DA:15,30
DA:16,30
DA:17,30
DA:18,30
DA:19,30
DA:20,30
DA:21,30
DA:22,30
DA:23,30
DA:24,30
DA:25,30
DA:26,30
DA:27,30
DA:28,30
DA:29,30
DA:30,30
DA:31,30
DA:32,30
DA:33,30
DA:34,29
DA:35,29
DA:36,28
DA:37,28
DA:38,28
DA:39,59
DA:40,59
DA:41,59
DA:42,59
DA:43,59
DA:44,59
DA:45,59
DA:46,59
DA:47,28
DA:48,28
DA:49,30
DA:50,30
DA:51,54
DA:52,54
DA:53,54
DA:54,54
DA:55,54
DA:56,54
DA:57,54
DA:58,54
DA:59,54
DA:60,54
DA:61,54
DA:62,222
DA:63,54
DA:64,54
DA:65,54
DA:66,54
DA:67,51
DA:68,14
DA:69,51
DA:70,37
DA:71,37
DA:72,54
DA:73,54
DA:74,30
DA:75,30
DA:76,42
DA:77,42
DA:78,42
DA:79,42
DA:80,42
DA:81,42
DA:82,42
DA:83,42
DA:84,42
DA:85,42
DA:86,42
DA:87,30
DA:88,30
DA:89,2
DA:90,2
DA:91,30
DA:92,30
DA:93,14
DA:94,14
DA:95,14
DA:96,14
DA:97,14
DA:98,14
DA:99,14
DA:100,14
DA:101,14
DA:102,14
DA:103,14
DA:104,14
DA:105,14
DA:106,14
DA:107,14
DA:108,14
DA:109,14
DA:110,14
DA:111,14
DA:112,14
DA:113,14
DA:114,14
DA:115,14
DA:116,14
DA:117,14
DA:118,14
DA:119,14
DA:120,14
DA:121,14
DA:122,14
DA:123,1
DA:124,1
DA:125,1
DA:126,1
DA:127,1
DA:128,1
DA:129,14
DA:130,30
DA:131,30
DA:132,3
DA:133,3
DA:134,3
DA:135,3
DA:136,9
DA:137,3
DA:138,3
DA:139,3
DA:140,30
DA:141,30
DA:142,56
DA:143,224
DA:144,56
DA:145,56
DA:146,30
DA:147,30
DA:148,42
DA:149,42
DA:150,42
DA:151,42
DA:152,42
DA:153,42
DA:154,42
DA:155,42
DA:156,42
DA:157,42
DA:158,42
DA:159,30
DA:160,30
DA:161,30
DA:162,1
DA:163,30
DA:164,29
DA:165,29
DA:166,30
DA:167,1
LF:167
LH:167
BRDA:6,0,0,30
BRDA:161,1,0,1
BRDA:163,2,0,29
BRDA:33,3,0,29
BRDA:35,4,0,1
BRDA:35,5,0,28
BRDA:38,6,0,59
BRDA:40,7,0,54
BRDA:43,8,0,2
BRDA:46,9,0,3
BRDA:50,10,0,54
BRDA:55,11,0,25
BRDA:56,12,0,15
BRDA:57,13,0,14
BRDA:61,14,0,222
BRDA:66,15,0,51
BRDA:67,16,0,14
BRDA:69,17,0,37
BRDA:75,18,0,42
BRDA:88,19,0,2
BRDA:92,20,0,14
BRDA:100,21,0,1
BRDA:102,22,0,5
BRDA:103,23,0,2
BRDA:104,24,0,7
BRDA:104,25,0,7
BRDA:108,26,0,1
BRDA:122,27,0,1
BRDA:124,28,0,0
BRDA:125,29,0,0
BRDA:126,30,0,0
BRDA:131,31,0,3
BRDA:135,32,0,9
BRDA:141,33,0,56
BRDA:142,34,0,224
BRDA:147,35,0,42
BRF:36
BRH:33
end_of_record
TN:
SF:scripts/amazon-product-importer.js
FN:30,loadEnv
FN:75,sign
FN:79,getSigningKey
FN:86,buildAmazonRequest
FN:157,httpsRequest
FN:174,searchAmazonProducts
FN:194,shopifyRequest
FN:209,ensureCollection
FN:224,createProduct
FN:265,main
FNF:10
FNH:9
FNDA:5,loadEnv
FNDA:74,sign
FNDA:18,getSigningKey
FNDA:11,buildAmazonRequest
FNDA:29,httpsRequest
FNDA:6,searchAmazonProducts
FNDA:18,shopifyRequest
FNDA:3,ensureCollection
FNDA:6,createProduct
FNDA:0,main
DA:1,1
DA:2,1
DA:3,1
DA:4,1
DA:5,1
DA:6,1
DA:7,1
DA:8,1
DA:9,1
DA:10,1
DA:11,1
DA:12,1
DA:13,1
DA:14,1
DA:15,1
DA:16,1
DA:17,1
DA:18,1
DA:19,1
DA:20,1
DA:21,1
DA:22,1
DA:23,1
DA:24,1
DA:25,1
DA:26,1
DA:27,1
DA:28,1
DA:29,1
DA:30,5
DA:31,5
DA:32,5
DA:33,1
DA:34,1
DA:35,1
DA:36,5
DA:37,5
DA:38,14
DA:39,14
DA:40,7
DA:41,14
DA:42,7
DA:43,7
DA:44,14
DA:45,5
DA:46,5
DA:47,1
DA:48,1
DA:49,1
DA:50,0
DA:51,0
DA:52,1
DA:53,1
DA:54,1
DA:55,1
DA:56,1
DA:57,1
DA:58,1
DA:59,1
DA:60,1
DA:61,1
DA:62,1
DA:63,1
DA:64,1
DA:65,1
DA:66,1
DA:67,1
DA:68,1
DA:69,1
DA:70,1
DA:71,1
DA:72,1
DA:73,1
DA:74,1
DA:75,74
DA:76,74
DA:77,74
DA:78,1
DA:79,18
DA:80,18
DA:81,18
DA:82,18
DA:83,18
DA:84,18
DA:85,1
DA:86,11
DA:87,11
DA:88,11
DA:89,11
DA:90,11
DA:91,11
DA:92,11
DA:93,11
DA:94,11
DA:95,11
DA:96,11
DA:97,11
DA:98,11
DA:99,11
DA:100,11
DA:101,11
DA:102,11
DA:103,11
DA:104,11
DA:105,11
DA:106,11
DA:107,11
DA:108,11
DA:109,11
DA:110,11
DA:111,11
DA:112,11
DA:113,11
DA:114,11
DA:115,11
DA:116,11
DA:117,11
DA:118,11
DA:119,11
DA:120,11
DA:121,11
DA:122,11
DA:123,11
DA:124,11
DA:125,11
DA:126,11
DA:127,11
DA:128,11
DA:129,11
DA:130,11
DA:131,11
DA:132,11
DA:133,11
DA:134,11
DA:135,11
DA:136,11
DA:137,11
DA:138,11
DA:139,11
DA:140,11
DA:141,11
DA:142,11
DA:143,11
DA:144,11
DA:145,11
DA:146,11
DA:147,11
DA:148,11
DA:149,11
DA:150,11
DA:151,11
DA:152,11
DA:153,11
DA:154,11
DA:155,1
DA:156,1
DA:157,29
DA:158,29
DA:159,29
DA:160,27
DA:161,27
DA:162,27
DA:163,27
DA:164,27
DA:165,27
DA:166,29
DA:167,29
DA:168,29
DA:169,29
DA:170,29
DA:171,29
DA:172,1
DA:173,1
DA:174,6
DA:175,6
DA:176,6
DA:177,6
DA:178,6
DA:179,6
DA:180,3
DA:181,5
DA:182,5
DA:183,5
DA:184,5
DA:185,5
DA:186,3
DA:187,6
DA:188,1
DA:189,1
DA:190,1
DA:191,6
DA:192,1
DA:193,1
DA:194,18
DA:195,18
DA:196,18
DA:197,18
DA:198,18
DA:199,18
DA:200,18
DA:201,18
DA:202,18
DA:203,18
DA:204,18
DA:205,18
DA:206,18
DA:207,18
DA:208,1
DA:209,3
DA:210,3
DA:211,3
DA:212,1
DA:213,1
DA:214,2
DA:215,2
DA:216,2
DA:217,3
DA:218,1
DA:219,1
DA:220,1
DA:221,1
DA:222,1
DA:223,1
DA:224,6
DA:225,6
DA:226,6
DA:227,6
DA:228,6
DA:229,6
DA:230,6
DA:231,6
DA:232,6
DA:233,6
DA:234,6
DA:235,6
DA:236,6
DA:237,6
DA:238,6
DA:239,6
DA:240,6
DA:241,6
DA:242,6
DA:243,6
DA:244,6
DA:245,6
DA:246,6
DA:247,6
DA:248,6
DA:249,6
DA:250,5
DA:251,5
DA:252,6
DA:253,6
DA:254,6
DA:255,5
DA:256,5
DA:257,5
DA:258,5
DA:259,5
DA:260,5
DA:261,5
DA:262,5
DA:263,1
DA:264,1
DA:265,0
DA:266,0
DA:267,0
DA:268,0
DA:269,0
DA:270,0
DA:271,0
DA:272,0
DA:273,0
DA:274,0
DA:275,0
DA:276,0
DA:277,0
DA:278,0
DA:279,0
DA:280,0
DA:281,0
DA:282,0
DA:283,0
DA:284,0
DA:285,0
DA:286,0
DA:287,0
DA:288,0
DA:289,0
DA:290,0
DA:291,0
DA:292,0
DA:293,0
DA:294,0
DA:295,0
DA:296,0
DA:297,0
DA:298,0
DA:299,0
DA:300,0
DA:301,0
DA:302,0
DA:303,0
DA:304,0
DA:305,0
DA:306,0
DA:307,0
DA:308,1
DA:309,1
DA:310,0
DA:311,0
DA:312,0
DA:313,0
DA:314,0
DA:315,1
DA:316,1
DA:317,1
DA:318,1
DA:319,1
DA:320,1
DA:321,1
DA:322,1
DA:323,1
DA:324,1
DA:325,1
DA:326,1
DA:327,1
DA:328,1
DA:329,1
DA:330,1
LF:330
LH:280
BRDA:49,0,0,0
BRDA:58,1,0,0
BRDA:309,2,0,0
BRDA:30,3,0,5
BRDA:32,4,0,1
BRDA:37,5,0,14
BRDA:39,6,0,8
BRDA:39,7,0,7
BRDA:41,8,0,0
BRDA:41,9,0,7
BRDA:44,10,0,6
BRDA:75,11,0,74
BRDA:79,12,0,18
BRDA:86,13,0,11
BRDA:157,14,0,29
BRDA:158,15,0,29
BRDA:168,16,0,21
BRDA:159,17,0,27
BRDA:161,18,0,27
BRDA:162,19,0,27
BRDA:164,20,0,1
BRDA:174,21,0,6
BRDA:178,22,0,5
BRDA:179,23,0,4
BRDA:179,24,0,2
BRDA:179,25,0,3
BRDA:187,26,0,1
BRDA:180,27,0,5
BRDA:181,28,0,4
BRDA:182,29,0,4
BRDA:182,30,0,1
BRDA:183,31,0,4
BRDA:184,32,0,4
BRDA:184,33,0,1
BRDA:185,34,0,3
BRDA:194,35,0,18
BRDA:195,36,0,14
BRDA:195,37,0,4
BRDA:205,38,0,14
BRDA:209,39,0,3
BRDA:211,40,0,1
BRDA:213,41,0,2
BRDA:217,42,0,1
BRDA:224,43,0,6
BRDA:226,44,0,5
BRDA:226,45,0,5
BRDA:227,46,0,5
BRDA:227,47,0,1
BRDA:228,48,0,5
BRDA:228,49,0,5
BRDA:229,50,0,5
BRDA:229,51,0,1
BRDA:231,52,0,0
BRDA:249,53,0,5
BRDA:254,54,0,1
BRDA:254,55,0,5
BRDA:232,56,0,12
BRF:57
BRH:52
end_of_record
